<?xml version="1.0" encoding="UTF-8"?>
<testsuite xmlns:xsi="http://www.w3.org/2001/XMLSchema-instance" xsi:noNamespaceSchemaLocation="https://maven.apache.org/surefire/maven-surefire-plugin/xsd/surefire-test-report.xsd" name="com.vish.trackerapp.TrackerappApplicationTests" time="5.653" tests="1" errors="1" skipped="0" failures="0">
  <properties>
    <property name="java.specification.version" value="17"/>
    <property name="sun.cpu.isalist" value="amd64"/>
    <property name="sun.jnu.encoding" value="Cp1252"/>
    <property name="java.class.path" value="C:\Users\viswa\gitProjects\crypto-tracker\trackerapp\target\test-classes;C:\Users\viswa\gitProjects\crypto-tracker\trackerapp\target\classes;C:\Users\viswa\.m2\repository\org\springframework\boot\spring-boot-starter-thymeleaf\3.0.0\spring-boot-starter-thymeleaf-3.0.0.jar;C:\Users\viswa\.m2\repository\org\springframework\boot\spring-boot-starter\3.0.0\spring-boot-starter-3.0.0.jar;C:\Users\viswa\.m2\repository\org\springframework\boot\spring-boot-starter-logging\3.0.0\spring-boot-starter-logging-3.0.0.jar;C:\Users\viswa\.m2\repository\ch\qos\logback\logback-classic\1.4.5\logback-classic-1.4.5.jar;C:\Users\viswa\.m2\repository\ch\qos\logback\logback-core\1.4.5\logback-core-1.4.5.jar;C:\Users\viswa\.m2\repository\org\apache\logging\log4j\log4j-to-slf4j\2.19.0\log4j-to-slf4j-2.19.0.jar;C:\Users\viswa\.m2\repository\org\apache\logging\log4j\log4j-api\2.19.0\log4j-api-2.19.0.jar;C:\Users\viswa\.m2\repository\org\slf4j\jul-to-slf4j\2.0.4\jul-to-slf4j-2.0.4.jar;C:\Users\viswa\.m2\repository\jakarta\annotation\jakarta.annotation-api\2.1.1\jakarta.annotation-api-2.1.1.jar;C:\Users\viswa\.m2\repository\org\yaml\snakeyaml\1.33\snakeyaml-1.33.jar;C:\Users\viswa\.m2\repository\org\thymeleaf\thymeleaf-spring6\3.1.0.RELEASE\thymeleaf-spring6-3.1.0.RELEASE.jar;C:\Users\viswa\.m2\repository\org\thymeleaf\thymeleaf\3.1.0.RELEASE\thymeleaf-3.1.0.RELEASE.jar;C:\Users\viswa\.m2\repository\org\attoparser\attoparser\2.0.6.RELEASE\attoparser-2.0.6.RELEASE.jar;C:\Users\viswa\.m2\repository\org\unbescape\unbescape\1.1.6.RELEASE\unbescape-1.1.6.RELEASE.jar;C:\Users\viswa\.m2\repository\org\slf4j\slf4j-api\2.0.4\slf4j-api-2.0.4.jar;C:\Users\viswa\.m2\repository\com\fasterxml\jackson\core\jackson-databind\2.14.1\jackson-databind-2.14.1.jar;C:\Users\viswa\.m2\repository\com\fasterxml\jackson\core\jackson-annotations\2.14.1\jackson-annotations-2.14.1.jar;C:\Users\viswa\.m2\repository\com\fasterxml\jackson\core\jackson-core\2.14.1\jackson-core-2.14.1.jar;C:\Users\viswa\.m2\repository\org\springframework\boot\spring-boot-starter-web\3.0.0\spring-boot-starter-web-3.0.0.jar;C:\Users\viswa\.m2\repository\org\springframework\boot\spring-boot-starter-json\3.0.0\spring-boot-starter-json-3.0.0.jar;C:\Users\viswa\.m2\repository\com\fasterxml\jackson\datatype\jackson-datatype-jdk8\2.14.1\jackson-datatype-jdk8-2.14.1.jar;C:\Users\viswa\.m2\repository\com\fasterxml\jackson\datatype\jackson-datatype-jsr310\2.14.1\jackson-datatype-jsr310-2.14.1.jar;C:\Users\viswa\.m2\repository\com\fasterxml\jackson\module\jackson-module-parameter-names\2.14.1\jackson-module-parameter-names-2.14.1.jar;C:\Users\viswa\.m2\repository\org\springframework\boot\spring-boot-starter-tomcat\3.0.0\spring-boot-starter-tomcat-3.0.0.jar;C:\Users\viswa\.m2\repository\org\apache\tomcat\embed\tomcat-embed-core\10.1.1\tomcat-embed-core-10.1.1.jar;C:\Users\viswa\.m2\repository\org\apache\tomcat\embed\tomcat-embed-el\10.1.1\tomcat-embed-el-10.1.1.jar;C:\Users\viswa\.m2\repository\org\apache\tomcat\embed\tomcat-embed-websocket\10.1.1\tomcat-embed-websocket-10.1.1.jar;C:\Users\viswa\.m2\repository\org\springframework\spring-web\6.0.2\spring-web-6.0.2.jar;C:\Users\viswa\.m2\repository\org\springframework\spring-beans\6.0.2\spring-beans-6.0.2.jar;C:\Users\viswa\.m2\repository\io\micrometer\micrometer-observation\1.10.2\micrometer-observation-1.10.2.jar;C:\Users\viswa\.m2\repository\io\micrometer\micrometer-commons\1.10.2\micrometer-commons-1.10.2.jar;C:\Users\viswa\.m2\repository\org\springframework\spring-webmvc\6.0.2\spring-webmvc-6.0.2.jar;C:\Users\viswa\.m2\repository\org\springframework\spring-aop\6.0.2\spring-aop-6.0.2.jar;C:\Users\viswa\.m2\repository\org\springframework\spring-context\6.0.2\spring-context-6.0.2.jar;C:\Users\viswa\.m2\repository\org\springframework\spring-expression\6.0.2\spring-expression-6.0.2.jar;C:\Users\viswa\.m2\repository\org\springframework\boot\spring-boot-configuration-processor\3.0.0\spring-boot-configuration-processor-3.0.0.jar;C:\Users\viswa\.m2\repository\org\springframework\boot\spring-boot-devtools\3.0.0\spring-boot-devtools-3.0.0.jar;C:\Users\viswa\.m2\repository\org\springframework\boot\spring-boot\3.0.0\spring-boot-3.0.0.jar;C:\Users\viswa\.m2\repository\org\springframework\boot\spring-boot-autoconfigure\3.0.0\spring-boot-autoconfigure-3.0.0.jar;C:\Users\viswa\.m2\repository\org\springframework\boot\spring-boot-starter-test\3.0.0\spring-boot-starter-test-3.0.0.jar;C:\Users\viswa\.m2\repository\org\springframework\boot\spring-boot-test\3.0.0\spring-boot-test-3.0.0.jar;C:\Users\viswa\.m2\repository\org\springframework\boot\spring-boot-test-autoconfigure\3.0.0\spring-boot-test-autoconfigure-3.0.0.jar;C:\Users\viswa\.m2\repository\com\jayway\jsonpath\json-path\2.7.0\json-path-2.7.0.jar;C:\Users\viswa\.m2\repository\net\minidev\json-smart\2.4.8\json-smart-2.4.8.jar;C:\Users\viswa\.m2\repository\net\minidev\accessors-smart\2.4.8\accessors-smart-2.4.8.jar;C:\Users\viswa\.m2\repository\org\ow2\asm\asm\9.1\asm-9.1.jar;C:\Users\viswa\.m2\repository\jakarta\xml\bind\jakarta.xml.bind-api\4.0.0\jakarta.xml.bind-api-4.0.0.jar;C:\Users\viswa\.m2\repository\jakarta\activation\jakarta.activation-api\2.1.0\jakarta.activation-api-2.1.0.jar;C:\Users\viswa\.m2\repository\org\assertj\assertj-core\3.23.1\assertj-core-3.23.1.jar;C:\Users\viswa\.m2\repository\net\bytebuddy\byte-buddy\1.12.19\byte-buddy-1.12.19.jar;C:\Users\viswa\.m2\repository\org\hamcrest\hamcrest\2.2\hamcrest-2.2.jar;C:\Users\viswa\.m2\repository\org\junit\jupiter\junit-jupiter\5.9.1\junit-jupiter-5.9.1.jar;C:\Users\viswa\.m2\repository\org\junit\jupiter\junit-jupiter-api\5.9.1\junit-jupiter-api-5.9.1.jar;C:\Users\viswa\.m2\repository\org\opentest4j\opentest4j\1.2.0\opentest4j-1.2.0.jar;C:\Users\viswa\.m2\repository\org\junit\platform\junit-platform-commons\1.9.1\junit-platform-commons-1.9.1.jar;C:\Users\viswa\.m2\repository\org\apiguardian\apiguardian-api\1.1.2\apiguardian-api-1.1.2.jar;C:\Users\viswa\.m2\repository\org\junit\jupiter\junit-jupiter-params\5.9.1\junit-jupiter-params-5.9.1.jar;C:\Users\viswa\.m2\repository\org\junit\jupiter\junit-jupiter-engine\5.9.1\junit-jupiter-engine-5.9.1.jar;C:\Users\viswa\.m2\repository\org\junit\platform\junit-platform-engine\1.9.1\junit-platform-engine-1.9.1.jar;C:\Users\viswa\.m2\repository\org\mockito\mockito-core\4.8.1\mockito-core-4.8.1.jar;C:\Users\viswa\.m2\repository\net\bytebuddy\byte-buddy-agent\1.12.19\byte-buddy-agent-1.12.19.jar;C:\Users\viswa\.m2\repository\org\objenesis\objenesis\3.2\objenesis-3.2.jar;C:\Users\viswa\.m2\repository\org\mockito\mockito-junit-jupiter\4.8.1\mockito-junit-jupiter-4.8.1.jar;C:\Users\viswa\.m2\repository\org\skyscreamer\jsonassert\1.5.1\jsonassert-1.5.1.jar;C:\Users\viswa\.m2\repository\com\vaadin\external\google\android-json\0.0.20131108.vaadin1\android-json-0.0.20131108.vaadin1.jar;C:\Users\viswa\.m2\repository\org\springframework\spring-core\6.0.2\spring-core-6.0.2.jar;C:\Users\viswa\.m2\repository\org\springframework\spring-jcl\6.0.2\spring-jcl-6.0.2.jar;C:\Users\viswa\.m2\repository\org\springframework\spring-test\6.0.2\spring-test-6.0.2.jar;C:\Users\viswa\.m2\repository\org\xmlunit\xmlunit-core\2.9.0\xmlunit-core-2.9.0.jar;C:\Users\viswa\.m2\repository\com\squareup\okhttp3\okhttp\4.10.0\okhttp-4.10.0.jar;C:\Users\viswa\.m2\repository\com\squareup\okio\okio-jvm\3.0.0\okio-jvm-3.0.0.jar;C:\Users\viswa\.m2\repository\org\jetbrains\kotlin\kotlin-stdlib-jdk8\1.7.21\kotlin-stdlib-jdk8-1.7.21.jar;C:\Users\viswa\.m2\repository\org\jetbrains\kotlin\kotlin-stdlib-jdk7\1.7.21\kotlin-stdlib-jdk7-1.7.21.jar;C:\Users\viswa\.m2\repository\org\jetbrains\kotlin\kotlin-stdlib-common\1.7.21\kotlin-stdlib-common-1.7.21.jar;C:\Users\viswa\.m2\repository\org\jetbrains\kotlin\kotlin-stdlib\1.7.21\kotlin-stdlib-1.7.21.jar;C:\Users\viswa\.m2\repository\org\jetbrains\annotations\13.0\annotations-13.0.jar;C:\Users\viswa\.m2\repository\org\json\json\20180130\json-20180130.jar;C:\Users\viswa\.m2\repository\org\springframework\boot\spring-boot-starter-data-jpa\3.0.5\spring-boot-starter-data-jpa-3.0.5.jar;C:\Users\viswa\.m2\repository\org\springframework\boot\spring-boot-starter-aop\3.0.0\spring-boot-starter-aop-3.0.0.jar;C:\Users\viswa\.m2\repository\org\aspectj\aspectjweaver\1.9.9.1\aspectjweaver-1.9.9.1.jar;C:\Users\viswa\.m2\repository\org\springframework\boot\spring-boot-starter-jdbc\3.0.0\spring-boot-starter-jdbc-3.0.0.jar;C:\Users\viswa\.m2\repository\com\zaxxer\HikariCP\5.0.1\HikariCP-5.0.1.jar;C:\Users\viswa\.m2\repository\org\springframework\spring-jdbc\6.0.2\spring-jdbc-6.0.2.jar;C:\Users\viswa\.m2\repository\org\hibernate\orm\hibernate-core\6.1.5.Final\hibernate-core-6.1.5.Final.jar;C:\Users\viswa\.m2\repository\jakarta\persistence\jakarta.persistence-api\3.1.0\jakarta.persistence-api-3.1.0.jar;C:\Users\viswa\.m2\repository\jakarta\transaction\jakarta.transaction-api\2.0.1\jakarta.transaction-api-2.0.1.jar;C:\Users\viswa\.m2\repository\org\jboss\logging\jboss-logging\3.5.0.Final\jboss-logging-3.5.0.Final.jar;C:\Users\viswa\.m2\repository\org\hibernate\common\hibernate-commons-annotations\6.0.2.Final\hibernate-commons-annotations-6.0.2.Final.jar;C:\Users\viswa\.m2\repository\org\jboss\jandex\2.4.2.Final\jandex-2.4.2.Final.jar;C:\Users\viswa\.m2\repository\com\fasterxml\classmate\1.5.1\classmate-1.5.1.jar;C:\Users\viswa\.m2\repository\org\glassfish\jaxb\jaxb-runtime\4.0.1\jaxb-runtime-4.0.1.jar;C:\Users\viswa\.m2\repository\org\glassfish\jaxb\jaxb-core\4.0.1\jaxb-core-4.0.1.jar;C:\Users\viswa\.m2\repository\org\eclipse\angus\angus-activation\1.0.0\angus-activation-1.0.0.jar;C:\Users\viswa\.m2\repository\org\glassfish\jaxb\txw2\4.0.1\txw2-4.0.1.jar;C:\Users\viswa\.m2\repository\com\sun\istack\istack-commons-runtime\4.1.1\istack-commons-runtime-4.1.1.jar;C:\Users\viswa\.m2\repository\jakarta\inject\jakarta.inject-api\2.0.0\jakarta.inject-api-2.0.0.jar;C:\Users\viswa\.m2\repository\org\antlr\antlr4-runtime\4.10.1\antlr4-runtime-4.10.1.jar;C:\Users\viswa\.m2\repository\org\springframework\data\spring-data-jpa\3.0.0\spring-data-jpa-3.0.0.jar;C:\Users\viswa\.m2\repository\org\springframework\data\spring-data-commons\3.0.0\spring-data-commons-3.0.0.jar;C:\Users\viswa\.m2\repository\org\springframework\spring-orm\6.0.2\spring-orm-6.0.2.jar;C:\Users\viswa\.m2\repository\org\springframework\spring-tx\6.0.2\spring-tx-6.0.2.jar;C:\Users\viswa\.m2\repository\org\springframework\spring-aspects\6.0.2\spring-aspects-6.0.2.jar;C:\Users\viswa\.m2\repository\com\mysql\mysql-connector-j\8.0.32\mysql-connector-j-8.0.32.jar;C:\Users\viswa\.m2\repository\org\projectlombok\lombok\1.18.20\lombok-1.18.20.jar;"/>
    <property name="java.vm.vendor" value="Oracle Corporation"/>
    <property name="sun.arch.data.model" value="64"/>
    <property name="user.variant" value=""/>
    <property name="java.vendor.url" value="https://java.oracle.com/"/>
    <property name="user.timezone" value="Australia/Sydney"/>
    <property name="os.name" value="Windows 10"/>
    <property name="java.vm.specification.version" value="17"/>
    <property name="sun.java.launcher" value="SUN_STANDARD"/>
    <property name="user.country" value="AU"/>
    <property name="sun.boot.library.path" value="C:\Program Files\Java\jdk-17.0.4.1\bin"/>
    <property name="sun.java.command" value="C:\Users\viswa\AppData\Local\Temp\surefire11952318374188225725\surefirebooter8755933765033167272.jar C:\Users\viswa\AppData\Local\Temp\surefire11952318374188225725 2023-03-28T18-15-58_696-jvmRun1 surefire10644521734366304509tmp surefire_0342679390466729851tmp"/>
    <property name="jdk.debug" value="release"/>
    <property name="surefire.test.class.path" value="C:\Users\viswa\gitProjects\crypto-tracker\trackerapp\target\test-classes;C:\Users\viswa\gitProjects\crypto-tracker\trackerapp\target\classes;C:\Users\viswa\.m2\repository\org\springframework\boot\spring-boot-starter-thymeleaf\3.0.0\spring-boot-starter-thymeleaf-3.0.0.jar;C:\Users\viswa\.m2\repository\org\springframework\boot\spring-boot-starter\3.0.0\spring-boot-starter-3.0.0.jar;C:\Users\viswa\.m2\repository\org\springframework\boot\spring-boot-starter-logging\3.0.0\spring-boot-starter-logging-3.0.0.jar;C:\Users\viswa\.m2\repository\ch\qos\logback\logback-classic\1.4.5\logback-classic-1.4.5.jar;C:\Users\viswa\.m2\repository\ch\qos\logback\logback-core\1.4.5\logback-core-1.4.5.jar;C:\Users\viswa\.m2\repository\org\apache\logging\log4j\log4j-to-slf4j\2.19.0\log4j-to-slf4j-2.19.0.jar;C:\Users\viswa\.m2\repository\org\apache\logging\log4j\log4j-api\2.19.0\log4j-api-2.19.0.jar;C:\Users\viswa\.m2\repository\org\slf4j\jul-to-slf4j\2.0.4\jul-to-slf4j-2.0.4.jar;C:\Users\viswa\.m2\repository\jakarta\annotation\jakarta.annotation-api\2.1.1\jakarta.annotation-api-2.1.1.jar;C:\Users\viswa\.m2\repository\org\yaml\snakeyaml\1.33\snakeyaml-1.33.jar;C:\Users\viswa\.m2\repository\org\thymeleaf\thymeleaf-spring6\3.1.0.RELEASE\thymeleaf-spring6-3.1.0.RELEASE.jar;C:\Users\viswa\.m2\repository\org\thymeleaf\thymeleaf\3.1.0.RELEASE\thymeleaf-3.1.0.RELEASE.jar;C:\Users\viswa\.m2\repository\org\attoparser\attoparser\2.0.6.RELEASE\attoparser-2.0.6.RELEASE.jar;C:\Users\viswa\.m2\repository\org\unbescape\unbescape\1.1.6.RELEASE\unbescape-1.1.6.RELEASE.jar;C:\Users\viswa\.m2\repository\org\slf4j\slf4j-api\2.0.4\slf4j-api-2.0.4.jar;C:\Users\viswa\.m2\repository\com\fasterxml\jackson\core\jackson-databind\2.14.1\jackson-databind-2.14.1.jar;C:\Users\viswa\.m2\repository\com\fasterxml\jackson\core\jackson-annotations\2.14.1\jackson-annotations-2.14.1.jar;C:\Users\viswa\.m2\repository\com\fasterxml\jackson\core\jackson-core\2.14.1\jackson-core-2.14.1.jar;C:\Users\viswa\.m2\repository\org\springframework\boot\spring-boot-starter-web\3.0.0\spring-boot-starter-web-3.0.0.jar;C:\Users\viswa\.m2\repository\org\springframework\boot\spring-boot-starter-json\3.0.0\spring-boot-starter-json-3.0.0.jar;C:\Users\viswa\.m2\repository\com\fasterxml\jackson\datatype\jackson-datatype-jdk8\2.14.1\jackson-datatype-jdk8-2.14.1.jar;C:\Users\viswa\.m2\repository\com\fasterxml\jackson\datatype\jackson-datatype-jsr310\2.14.1\jackson-datatype-jsr310-2.14.1.jar;C:\Users\viswa\.m2\repository\com\fasterxml\jackson\module\jackson-module-parameter-names\2.14.1\jackson-module-parameter-names-2.14.1.jar;C:\Users\viswa\.m2\repository\org\springframework\boot\spring-boot-starter-tomcat\3.0.0\spring-boot-starter-tomcat-3.0.0.jar;C:\Users\viswa\.m2\repository\org\apache\tomcat\embed\tomcat-embed-core\10.1.1\tomcat-embed-core-10.1.1.jar;C:\Users\viswa\.m2\repository\org\apache\tomcat\embed\tomcat-embed-el\10.1.1\tomcat-embed-el-10.1.1.jar;C:\Users\viswa\.m2\repository\org\apache\tomcat\embed\tomcat-embed-websocket\10.1.1\tomcat-embed-websocket-10.1.1.jar;C:\Users\viswa\.m2\repository\org\springframework\spring-web\6.0.2\spring-web-6.0.2.jar;C:\Users\viswa\.m2\repository\org\springframework\spring-beans\6.0.2\spring-beans-6.0.2.jar;C:\Users\viswa\.m2\repository\io\micrometer\micrometer-observation\1.10.2\micrometer-observation-1.10.2.jar;C:\Users\viswa\.m2\repository\io\micrometer\micrometer-commons\1.10.2\micrometer-commons-1.10.2.jar;C:\Users\viswa\.m2\repository\org\springframework\spring-webmvc\6.0.2\spring-webmvc-6.0.2.jar;C:\Users\viswa\.m2\repository\org\springframework\spring-aop\6.0.2\spring-aop-6.0.2.jar;C:\Users\viswa\.m2\repository\org\springframework\spring-context\6.0.2\spring-context-6.0.2.jar;C:\Users\viswa\.m2\repository\org\springframework\spring-expression\6.0.2\spring-expression-6.0.2.jar;C:\Users\viswa\.m2\repository\org\springframework\boot\spring-boot-configuration-processor\3.0.0\spring-boot-configuration-processor-3.0.0.jar;C:\Users\viswa\.m2\repository\org\springframework\boot\spring-boot-devtools\3.0.0\spring-boot-devtools-3.0.0.jar;C:\Users\viswa\.m2\repository\org\springframework\boot\spring-boot\3.0.0\spring-boot-3.0.0.jar;C:\Users\viswa\.m2\repository\org\springframework\boot\spring-boot-autoconfigure\3.0.0\spring-boot-autoconfigure-3.0.0.jar;C:\Users\viswa\.m2\repository\org\springframework\boot\spring-boot-starter-test\3.0.0\spring-boot-starter-test-3.0.0.jar;C:\Users\viswa\.m2\repository\org\springframework\boot\spring-boot-test\3.0.0\spring-boot-test-3.0.0.jar;C:\Users\viswa\.m2\repository\org\springframework\boot\spring-boot-test-autoconfigure\3.0.0\spring-boot-test-autoconfigure-3.0.0.jar;C:\Users\viswa\.m2\repository\com\jayway\jsonpath\json-path\2.7.0\json-path-2.7.0.jar;C:\Users\viswa\.m2\repository\net\minidev\json-smart\2.4.8\json-smart-2.4.8.jar;C:\Users\viswa\.m2\repository\net\minidev\accessors-smart\2.4.8\accessors-smart-2.4.8.jar;C:\Users\viswa\.m2\repository\org\ow2\asm\asm\9.1\asm-9.1.jar;C:\Users\viswa\.m2\repository\jakarta\xml\bind\jakarta.xml.bind-api\4.0.0\jakarta.xml.bind-api-4.0.0.jar;C:\Users\viswa\.m2\repository\jakarta\activation\jakarta.activation-api\2.1.0\jakarta.activation-api-2.1.0.jar;C:\Users\viswa\.m2\repository\org\assertj\assertj-core\3.23.1\assertj-core-3.23.1.jar;C:\Users\viswa\.m2\repository\net\bytebuddy\byte-buddy\1.12.19\byte-buddy-1.12.19.jar;C:\Users\viswa\.m2\repository\org\hamcrest\hamcrest\2.2\hamcrest-2.2.jar;C:\Users\viswa\.m2\repository\org\junit\jupiter\junit-jupiter\5.9.1\junit-jupiter-5.9.1.jar;C:\Users\viswa\.m2\repository\org\junit\jupiter\junit-jupiter-api\5.9.1\junit-jupiter-api-5.9.1.jar;C:\Users\viswa\.m2\repository\org\opentest4j\opentest4j\1.2.0\opentest4j-1.2.0.jar;C:\Users\viswa\.m2\repository\org\junit\platform\junit-platform-commons\1.9.1\junit-platform-commons-1.9.1.jar;C:\Users\viswa\.m2\repository\org\apiguardian\apiguardian-api\1.1.2\apiguardian-api-1.1.2.jar;C:\Users\viswa\.m2\repository\org\junit\jupiter\junit-jupiter-params\5.9.1\junit-jupiter-params-5.9.1.jar;C:\Users\viswa\.m2\repository\org\junit\jupiter\junit-jupiter-engine\5.9.1\junit-jupiter-engine-5.9.1.jar;C:\Users\viswa\.m2\repository\org\junit\platform\junit-platform-engine\1.9.1\junit-platform-engine-1.9.1.jar;C:\Users\viswa\.m2\repository\org\mockito\mockito-core\4.8.1\mockito-core-4.8.1.jar;C:\Users\viswa\.m2\repository\net\bytebuddy\byte-buddy-agent\1.12.19\byte-buddy-agent-1.12.19.jar;C:\Users\viswa\.m2\repository\org\objenesis\objenesis\3.2\objenesis-3.2.jar;C:\Users\viswa\.m2\repository\org\mockito\mockito-junit-jupiter\4.8.1\mockito-junit-jupiter-4.8.1.jar;C:\Users\viswa\.m2\repository\org\skyscreamer\jsonassert\1.5.1\jsonassert-1.5.1.jar;C:\Users\viswa\.m2\repository\com\vaadin\external\google\android-json\0.0.20131108.vaadin1\android-json-0.0.20131108.vaadin1.jar;C:\Users\viswa\.m2\repository\org\springframework\spring-core\6.0.2\spring-core-6.0.2.jar;C:\Users\viswa\.m2\repository\org\springframework\spring-jcl\6.0.2\spring-jcl-6.0.2.jar;C:\Users\viswa\.m2\repository\org\springframework\spring-test\6.0.2\spring-test-6.0.2.jar;C:\Users\viswa\.m2\repository\org\xmlunit\xmlunit-core\2.9.0\xmlunit-core-2.9.0.jar;C:\Users\viswa\.m2\repository\com\squareup\okhttp3\okhttp\4.10.0\okhttp-4.10.0.jar;C:\Users\viswa\.m2\repository\com\squareup\okio\okio-jvm\3.0.0\okio-jvm-3.0.0.jar;C:\Users\viswa\.m2\repository\org\jetbrains\kotlin\kotlin-stdlib-jdk8\1.7.21\kotlin-stdlib-jdk8-1.7.21.jar;C:\Users\viswa\.m2\repository\org\jetbrains\kotlin\kotlin-stdlib-jdk7\1.7.21\kotlin-stdlib-jdk7-1.7.21.jar;C:\Users\viswa\.m2\repository\org\jetbrains\kotlin\kotlin-stdlib-common\1.7.21\kotlin-stdlib-common-1.7.21.jar;C:\Users\viswa\.m2\repository\org\jetbrains\kotlin\kotlin-stdlib\1.7.21\kotlin-stdlib-1.7.21.jar;C:\Users\viswa\.m2\repository\org\jetbrains\annotations\13.0\annotations-13.0.jar;C:\Users\viswa\.m2\repository\org\json\json\20180130\json-20180130.jar;C:\Users\viswa\.m2\repository\org\springframework\boot\spring-boot-starter-data-jpa\3.0.5\spring-boot-starter-data-jpa-3.0.5.jar;C:\Users\viswa\.m2\repository\org\springframework\boot\spring-boot-starter-aop\3.0.0\spring-boot-starter-aop-3.0.0.jar;C:\Users\viswa\.m2\repository\org\aspectj\aspectjweaver\1.9.9.1\aspectjweaver-1.9.9.1.jar;C:\Users\viswa\.m2\repository\org\springframework\boot\spring-boot-starter-jdbc\3.0.0\spring-boot-starter-jdbc-3.0.0.jar;C:\Users\viswa\.m2\repository\com\zaxxer\HikariCP\5.0.1\HikariCP-5.0.1.jar;C:\Users\viswa\.m2\repository\org\springframework\spring-jdbc\6.0.2\spring-jdbc-6.0.2.jar;C:\Users\viswa\.m2\repository\org\hibernate\orm\hibernate-core\6.1.5.Final\hibernate-core-6.1.5.Final.jar;C:\Users\viswa\.m2\repository\jakarta\persistence\jakarta.persistence-api\3.1.0\jakarta.persistence-api-3.1.0.jar;C:\Users\viswa\.m2\repository\jakarta\transaction\jakarta.transaction-api\2.0.1\jakarta.transaction-api-2.0.1.jar;C:\Users\viswa\.m2\repository\org\jboss\logging\jboss-logging\3.5.0.Final\jboss-logging-3.5.0.Final.jar;C:\Users\viswa\.m2\repository\org\hibernate\common\hibernate-commons-annotations\6.0.2.Final\hibernate-commons-annotations-6.0.2.Final.jar;C:\Users\viswa\.m2\repository\org\jboss\jandex\2.4.2.Final\jandex-2.4.2.Final.jar;C:\Users\viswa\.m2\repository\com\fasterxml\classmate\1.5.1\classmate-1.5.1.jar;C:\Users\viswa\.m2\repository\org\glassfish\jaxb\jaxb-runtime\4.0.1\jaxb-runtime-4.0.1.jar;C:\Users\viswa\.m2\repository\org\glassfish\jaxb\jaxb-core\4.0.1\jaxb-core-4.0.1.jar;C:\Users\viswa\.m2\repository\org\eclipse\angus\angus-activation\1.0.0\angus-activation-1.0.0.jar;C:\Users\viswa\.m2\repository\org\glassfish\jaxb\txw2\4.0.1\txw2-4.0.1.jar;C:\Users\viswa\.m2\repository\com\sun\istack\istack-commons-runtime\4.1.1\istack-commons-runtime-4.1.1.jar;C:\Users\viswa\.m2\repository\jakarta\inject\jakarta.inject-api\2.0.0\jakarta.inject-api-2.0.0.jar;C:\Users\viswa\.m2\repository\org\antlr\antlr4-runtime\4.10.1\antlr4-runtime-4.10.1.jar;C:\Users\viswa\.m2\repository\org\springframework\data\spring-data-jpa\3.0.0\spring-data-jpa-3.0.0.jar;C:\Users\viswa\.m2\repository\org\springframework\data\spring-data-commons\3.0.0\spring-data-commons-3.0.0.jar;C:\Users\viswa\.m2\repository\org\springframework\spring-orm\6.0.2\spring-orm-6.0.2.jar;C:\Users\viswa\.m2\repository\org\springframework\spring-tx\6.0.2\spring-tx-6.0.2.jar;C:\Users\viswa\.m2\repository\org\springframework\spring-aspects\6.0.2\spring-aspects-6.0.2.jar;C:\Users\viswa\.m2\repository\com\mysql\mysql-connector-j\8.0.32\mysql-connector-j-8.0.32.jar;C:\Users\viswa\.m2\repository\org\projectlombok\lombok\1.18.20\lombok-1.18.20.jar;"/>
    <property name="sun.cpu.endian" value="little"/>
    <property name="user.home" value="C:\Users\viswa"/>
    <property name="user.language" value="en"/>
    <property name="java.specification.vendor" value="Oracle Corporation"/>
    <property name="java.version.date" value="2022-08-18"/>
    <property name="java.home" value="C:\Program Files\Java\jdk-17.0.4.1"/>
    <property name="file.separator" value="\"/>
    <property name="basedir" value="C:\Users\viswa\gitProjects\crypto-tracker\trackerapp"/>
    <property name="java.vm.compressedOopsMode" value="32-bit"/>
    <property name="line.separator" value="&#10;"/>
    <property name="java.vm.specification.vendor" value="Oracle Corporation"/>
    <property name="java.specification.name" value="Java Platform API Specification"/>
    <property name="surefire.real.class.path" value="C:\Users\viswa\AppData\Local\Temp\surefire11952318374188225725\surefirebooter8755933765033167272.jar"/>
    <property name="user.script" value=""/>
    <property name="sun.management.compiler" value="HotSpot 64-Bit Tiered Compilers"/>
    <property name="java.runtime.version" value="17.0.4.1+1-LTS-2"/>
    <property name="user.name" value="viswa"/>
    <property name="path.separator" value=";"/>
    <property name="os.version" value="10.0"/>
    <property name="java.runtime.name" value="Java(TM) SE Runtime Environment"/>
    <property name="file.encoding" value="Cp1252"/>
    <property name="java.vm.name" value="Java HotSpot(TM) 64-Bit Server VM"/>
    <property name="localRepository" value="C:\Users\viswa\.m2\repository"/>
    <property name="java.vendor.url.bug" value="https://bugreport.java.com/bugreport/"/>
    <property name="java.io.tmpdir" value="C:\Users\viswa\AppData\Local\Temp\"/>
    <property name="java.version" value="17.0.4.1"/>
    <property name="user.dir" value="C:\Users\viswa\gitProjects\crypto-tracker\trackerapp"/>
    <property name="os.arch" value="amd64"/>
    <property name="java.vm.specification.name" value="Java Virtual Machine Specification"/>
    <property name="sun.os.patch.level" value=""/>
    <property name="native.encoding" value="Cp1252"/>
    <property name="java.library.path" value="C:\Program Files\Java\jdk-17.0.4.1\bin;C:\WINDOWS\Sun\Java\bin;C:\WINDOWS\system32;C:\WINDOWS;C:/Program Files/Java/jdk-17.0.4.1/bin/server;C:/Program Files/Java/jdk-17.0.4.1/bin;C:\Windows\system32;C:\Windows;C:\Windows\System32\Wbem;C:\Windows\System32\WindowsPowerShell\v1.0\;C:\Program Files (x86)\NVIDIA Corporation\PhysX\Common;C:\WINDOWS\system32;C:\WINDOWS;C:\WINDOWS\System32\Wbem;C:\WINDOWS\System32\WindowsPowerShell\v1.0\;C:\WINDOWS\System32\OpenSSH\;C:\Program Files (x86)\Windows Kits\10\Windows Performance Toolkit\;C:\Program Files\nodejs\;C:\Program Files\Java\jdk-17.0.4.1\bin;C:\Program Files\Git\cmd;C:\Program Files\dotnet\;C:\Program Files\Apache Software Foundation\apache-maven-3.8.6\bin;C:\Users\viswa\AppData\Local\Microsoft\WindowsApps;D:\Ubuntu VM\Multipass\bin;C:\Users\viswa\AppData\Local\Programs\Microsoft VS Code\bin;C:\Users\viswa\AppData\Roaming\npm;C:\Users\viswa\AppData\Local\Programs\MiKTeX\miktex\bin\x64\;C:\Program Files\heroku\bin;C:\Users\viswa\Desktop;;."/>
    <property name="java.vm.info" value="mixed mode, sharing"/>
    <property name="java.vendor" value="Oracle Corporation"/>
    <property name="java.vm.version" value="17.0.4.1+1-LTS-2"/>
    <property name="sun.io.unicode.encoding" value="UnicodeLittle"/>
    <property name="java.class.version" value="61.0"/>
  </properties>
  <testcase name="contextLoads" classname="com.vish.trackerapp.TrackerappApplicationTests" time="0.01">
    <error message="Failed to load ApplicationContext for [WebMergedContextConfiguration@36d7a68a testClass = com.vish.trackerapp.TrackerappApplicationTests, locations = [], classes = [com.vish.trackerapp.TrackerappApplication], contextInitializerClasses = [], activeProfiles = [], propertySourceLocations = [], propertySourceProperties = [&quot;org.springframework.boot.test.context.SpringBootTestContextBootstrapper=true&quot;], contextCustomizers = [org.springframework.boot.test.context.filter.ExcludeFilterContextCustomizer@18df8434, org.springframework.boot.test.json.DuplicateJsonObjectContextCustomizerFactory$DuplicateJsonObjectContextCustomizer@1e0b4072, org.springframework.boot.test.mock.mockito.MockitoContextCustomizer@0, org.springframework.boot.test.web.client.TestRestTemplateContextCustomizer@5ab956d7, org.springframework.boot.test.autoconfigure.actuate.observability.ObservabilityContextCustomizerFactory$DisableObservabilityContextCustomizer@9da1, org.springframework.boot.test.autoconfigure.properties.PropertyMappingContextCustomizer@0, org.springframework.boot.test.autoconfigure.web.servlet.WebDriverContextCustomizerFactory$Customizer@793f29ff, org.springframework.boot.test.context.SpringBootTestAnnotation@5857331d], resourceBasePath = &quot;src/main/webapp&quot;, contextLoader = org.springframework.boot.test.context.SpringBootContextLoader, parent = null]" type="java.lang.IllegalStateException">java.lang.IllegalStateException: Failed to load ApplicationContext for [WebMergedContextConfiguration@36d7a68a testClass = com.vish.trackerapp.TrackerappApplicationTests, locations = [], classes = [com.vish.trackerapp.TrackerappApplication], contextInitializerClasses = [], activeProfiles = [], propertySourceLocations = [], propertySourceProperties = ["org.springframework.boot.test.context.SpringBootTestContextBootstrapper=true"], contextCustomizers = [org.springframework.boot.test.context.filter.ExcludeFilterContextCustomizer@18df8434, org.springframework.boot.test.json.DuplicateJsonObjectContextCustomizerFactory$DuplicateJsonObjectContextCustomizer@1e0b4072, org.springframework.boot.test.mock.mockito.MockitoContextCustomizer@0, org.springframework.boot.test.web.client.TestRestTemplateContextCustomizer@5ab956d7, org.springframework.boot.test.autoconfigure.actuate.observability.ObservabilityContextCustomizerFactory$DisableObservabilityContextCustomizer@9da1, org.springframework.boot.test.autoconfigure.properties.PropertyMappingContextCustomizer@0, org.springframework.boot.test.autoconfigure.web.servlet.WebDriverContextCustomizerFactory$Customizer@793f29ff, org.springframework.boot.test.context.SpringBootTestAnnotation@5857331d], resourceBasePath = "src/main/webapp", contextLoader = org.springframework.boot.test.context.SpringBootContextLoader, parent = null]
Caused by: org.springframework.beans.factory.UnsatisfiedDependencyException: Error creating bean with name 'mainController': Unsatisfied dependency expressed through field 'apiService': Error creating bean with name 'APIService': Invocation of init method failed
Caused by: org.springframework.beans.factory.BeanCreationException: Error creating bean with name 'APIService': Invocation of init method failed
Caused by: java.lang.NoSuchMethodError: 'float org.json.JSONObject.getFloat(java.lang.String)'
</error>
    <system-out><![CDATA[18:15:59.898 [main] DEBUG org.springframework.boot.test.context.SpringBootTestContextBootstrapper - Neither @ContextConfiguration nor @ContextHierarchy found for test class [TrackerappApplicationTests]: using SpringBootContextLoader
18:15:59.903 [main] DEBUG org.springframework.test.context.support.AbstractContextLoader - Could not detect default resource locations for test class [com.vish.trackerapp.TrackerappApplicationTests]: no resource found for suffixes {-context.xml, Context.groovy}.
18:15:59.903 [main] INFO org.springframework.test.context.support.AnnotationConfigContextLoaderUtils - Could not detect default configuration classes for test class [com.vish.trackerapp.TrackerappApplicationTests]: TrackerappApplicationTests does not declare any static, non-private, non-final, nested classes annotated with @Configuration.
18:15:59.936 [main] DEBUG org.springframework.boot.test.context.SpringBootTestContextBootstrapper - Using ContextCustomizers for test class [TrackerappApplicationTests]: [ExcludeFilterContextCustomizer, DuplicateJsonObjectContextCustomizer, MockitoContextCustomizer, TestRestTemplateContextCustomizer, DisableObservabilityContextCustomizer, PropertyMappingContextCustomizer, Customizer]
18:16:00.017 [main] DEBUG org.springframework.context.annotation.ClassPathScanningCandidateComponentProvider - Identified candidate component class: file [C:\Users\viswa\gitProjects\crypto-tracker\trackerapp\target\classes\com\vish\trackerapp\TrackerappApplication.class]
18:16:00.022 [main] INFO org.springframework.boot.test.context.SpringBootTestContextBootstrapper - Found @SpringBootConfiguration com.vish.trackerapp.TrackerappApplication for test class com.vish.trackerapp.TrackerappApplicationTests
18:16:00.171 [main] DEBUG org.springframework.boot.test.context.SpringBootTestContextBootstrapper - Using TestExecutionListeners for test class [TrackerappApplicationTests]: [ServletTestExecutionListener, DirtiesContextBeforeModesTestExecutionListener, ApplicationEventsTestExecutionListener, MockitoTestExecutionListener, DependencyInjectionTestExecutionListener, DirtiesContextTestExecutionListener, TransactionalTestExecutionListener, SqlScriptsTestExecutionListener, EventPublishingTestExecutionListener, ResetMocksTestExecutionListener, RestDocsTestExecutionListener, MockRestServiceServerResetTestExecutionListener, MockMvcPrintOnlyOnFailureTestExecutionListener, WebDriverTestExecutionListener, MockWebServiceServerTestExecutionListener]
18:16:00.173 [main] DEBUG org.springframework.test.context.support.AbstractDirtiesContextTestExecutionListener - Before test class: class [TrackerappApplicationTests], class annotated with @DirtiesContext [false] with mode [null]

  .   ____          _            __ _ _
 /\\ / ___'_ __ _ _(_)_ __  __ _ \ \ \ \
( ( )\___ | '_ | '_| | '_ \/ _` | \ \ \ \
 \\/  ___)| |_)| | | | | || (_| |  ) ) ) )
  '  |____| .__|_| |_|_| |_\__, | / / / /
 =========|_|==============|___/=/_/_/_/
 :: Spring Boot ::                (v3.0.0)

2023-03-28T18:16:00.617+11:00  WARN 27136 --- [           main] ory$DuplicateJsonObjectContextCustomizer : 

Found multiple occurrences of org.json.JSONObject on the class path:

	jar:file:/C:/Users/viswa/.m2/repository/com/vaadin/external/google/android-json/0.0.20131108.vaadin1/android-json-0.0.20131108.vaadin1.jar!/org/json/JSONObject.class
	jar:file:/C:/Users/viswa/.m2/repository/org/json/json/20180130/json-20180130.jar!/org/json/JSONObject.class

You may wish to exclude one of them to ensure predictable runtime behavior

2023-03-28T18:16:00.652+11:00  INFO 27136 --- [           main] c.v.t.TrackerappApplicationTests         : Starting TrackerappApplicationTests using Java 17.0.4.1 with PID 27136 (started by viswa in C:\Users\viswa\gitProjects\crypto-tracker\trackerapp)
2023-03-28T18:16:00.654+11:00  INFO 27136 --- [           main] c.v.t.TrackerappApplicationTests         : No active profile set, falling back to 1 default profile: "default"
2023-03-28T18:16:01.519+11:00  INFO 27136 --- [           main] .s.d.r.c.RepositoryConfigurationDelegate : Bootstrapping Spring Data JPA repositories in DEFAULT mode.
2023-03-28T18:16:01.549+11:00  INFO 27136 --- [           main] .s.d.r.c.RepositoryConfigurationDelegate : Finished Spring Data repository scanning in 16 ms. Found 0 JPA repository interfaces.
2023-03-28T18:16:02.237+11:00  INFO 27136 --- [           main] o.hibernate.jpa.internal.util.LogHelper  : HHH000204: Processing PersistenceUnitInfo [name: default]
2023-03-28T18:16:02.321+11:00  INFO 27136 --- [           main] org.hibernate.Version                    : HHH000412: Hibernate ORM core version 6.1.5.Final
2023-03-28T18:16:02.547+11:00  WARN 27136 --- [           main] org.hibernate.orm.deprecation            : HHH90000021: Encountered deprecated setting [javax.persistence.sharedCache.mode], use [jakarta.persistence.sharedCache.mode] instead
2023-03-28T18:16:02.698+11:00 DEBUG 27136 --- [           main] o.h.t.d.jdbc.spi.JdbcTypeRegistry        : addDescriptor(FloatTypeDescriptor) replaced previous registration(DoubleTypeDescriptor)
2023-03-28T18:16:02.715+11:00 DEBUG 27136 --- [           main] org.hibernate.type.BasicTypeRegistry     : Adding type registration boolean -> org.hibernate.type.BasicTypeReference@149c39b
2023-03-28T18:16:02.715+11:00 DEBUG 27136 --- [           main] org.hibernate.type.BasicTypeRegistry     : Adding type registration boolean -> org.hibernate.type.BasicTypeReference@149c39b
2023-03-28T18:16:02.715+11:00 DEBUG 27136 --- [           main] org.hibernate.type.BasicTypeRegistry     : Adding type registration java.lang.Boolean -> org.hibernate.type.BasicTypeReference@149c39b
2023-03-28T18:16:02.715+11:00 DEBUG 27136 --- [           main] org.hibernate.type.BasicTypeRegistry     : Adding type registration numeric_boolean -> org.hibernate.type.BasicTypeReference@f2d890c
2023-03-28T18:16:02.715+11:00 DEBUG 27136 --- [           main] org.hibernate.type.BasicTypeRegistry     : Adding type registration org.hibernate.type.NumericBooleanConverter -> org.hibernate.type.BasicTypeReference@f2d890c
2023-03-28T18:16:02.716+11:00 DEBUG 27136 --- [           main] org.hibernate.type.BasicTypeRegistry     : Adding type registration true_false -> org.hibernate.type.BasicTypeReference@1a2e0d57
2023-03-28T18:16:02.716+11:00 DEBUG 27136 --- [           main] org.hibernate.type.BasicTypeRegistry     : Adding type registration org.hibernate.type.TrueFalseConverter -> org.hibernate.type.BasicTypeReference@1a2e0d57
2023-03-28T18:16:02.716+11:00 DEBUG 27136 --- [           main] org.hibernate.type.BasicTypeRegistry     : Adding type registration yes_no -> org.hibernate.type.BasicTypeReference@5f025000
2023-03-28T18:16:02.716+11:00 DEBUG 27136 --- [           main] org.hibernate.type.BasicTypeRegistry     : Adding type registration org.hibernate.type.YesNoConverter -> org.hibernate.type.BasicTypeReference@5f025000
2023-03-28T18:16:02.716+11:00 DEBUG 27136 --- [           main] org.hibernate.type.BasicTypeRegistry     : Adding type registration byte -> org.hibernate.type.BasicTypeReference@10980560
2023-03-28T18:16:02.717+11:00 DEBUG 27136 --- [           main] org.hibernate.type.BasicTypeRegistry     : Adding type registration byte -> org.hibernate.type.BasicTypeReference@10980560
2023-03-28T18:16:02.718+11:00 DEBUG 27136 --- [           main] org.hibernate.type.BasicTypeRegistry     : Adding type registration java.lang.Byte -> org.hibernate.type.BasicTypeReference@10980560
2023-03-28T18:16:02.718+11:00 DEBUG 27136 --- [           main] org.hibernate.type.BasicTypeRegistry     : Adding type registration binary -> org.hibernate.type.BasicTypeReference@54ffa561
2023-03-28T18:16:02.718+11:00 DEBUG 27136 --- [           main] org.hibernate.type.BasicTypeRegistry     : Adding type registration byte[] -> org.hibernate.type.BasicTypeReference@54ffa561
2023-03-28T18:16:02.719+11:00 DEBUG 27136 --- [           main] org.hibernate.type.BasicTypeRegistry     : Adding type registration [B -> org.hibernate.type.BasicTypeReference@54ffa561
2023-03-28T18:16:02.719+11:00 DEBUG 27136 --- [           main] org.hibernate.type.BasicTypeRegistry     : Adding type registration binary_wrapper -> org.hibernate.type.BasicTypeReference@49c099b
2023-03-28T18:16:02.719+11:00 DEBUG 27136 --- [           main] org.hibernate.type.BasicTypeRegistry     : Adding type registration wrapper-binary -> org.hibernate.type.BasicTypeReference@49c099b
2023-03-28T18:16:02.719+11:00 DEBUG 27136 --- [           main] org.hibernate.type.BasicTypeRegistry     : Adding type registration Byte[] -> org.hibernate.type.BasicTypeReference@49c099b
2023-03-28T18:16:02.719+11:00 DEBUG 27136 --- [           main] org.hibernate.type.BasicTypeRegistry     : Adding type registration [Ljava.lang.Byte; -> org.hibernate.type.BasicTypeReference@49c099b
2023-03-28T18:16:02.719+11:00 DEBUG 27136 --- [           main] org.hibernate.type.BasicTypeRegistry     : Adding type registration image -> org.hibernate.type.BasicTypeReference@3d9f0a5
2023-03-28T18:16:02.719+11:00 DEBUG 27136 --- [           main] org.hibernate.type.BasicTypeRegistry     : Adding type registration blob -> org.hibernate.type.BasicTypeReference@1953bc95
2023-03-28T18:16:02.719+11:00 DEBUG 27136 --- [           main] org.hibernate.type.BasicTypeRegistry     : Adding type registration java.sql.Blob -> org.hibernate.type.BasicTypeReference@1953bc95
2023-03-28T18:16:02.719+11:00 DEBUG 27136 --- [           main] org.hibernate.type.BasicTypeRegistry     : Adding type registration materialized_blob -> org.hibernate.type.BasicTypeReference@30aec673
2023-03-28T18:16:02.719+11:00 DEBUG 27136 --- [           main] org.hibernate.type.BasicTypeRegistry     : Adding type registration materialized_blob_wrapper -> org.hibernate.type.BasicTypeReference@549ac12c
2023-03-28T18:16:02.720+11:00 DEBUG 27136 --- [           main] org.hibernate.type.BasicTypeRegistry     : Adding type registration short -> org.hibernate.type.BasicTypeReference@188a5fc2
2023-03-28T18:16:02.720+11:00 DEBUG 27136 --- [           main] org.hibernate.type.BasicTypeRegistry     : Adding type registration short -> org.hibernate.type.BasicTypeReference@188a5fc2
2023-03-28T18:16:02.720+11:00 DEBUG 27136 --- [           main] org.hibernate.type.BasicTypeRegistry     : Adding type registration java.lang.Short -> org.hibernate.type.BasicTypeReference@188a5fc2
2023-03-28T18:16:02.720+11:00 DEBUG 27136 --- [           main] org.hibernate.type.BasicTypeRegistry     : Adding type registration integer -> org.hibernate.type.BasicTypeReference@1cb9ef52
2023-03-28T18:16:02.720+11:00 DEBUG 27136 --- [           main] org.hibernate.type.BasicTypeRegistry     : Adding type registration int -> org.hibernate.type.BasicTypeReference@1cb9ef52
2023-03-28T18:16:02.720+11:00 DEBUG 27136 --- [           main] org.hibernate.type.BasicTypeRegistry     : Adding type registration java.lang.Integer -> org.hibernate.type.BasicTypeReference@1cb9ef52
2023-03-28T18:16:02.720+11:00 DEBUG 27136 --- [           main] org.hibernate.type.BasicTypeRegistry     : Adding type registration long -> org.hibernate.type.BasicTypeReference@5a622fe8
2023-03-28T18:16:02.721+11:00 DEBUG 27136 --- [           main] org.hibernate.type.BasicTypeRegistry     : Adding type registration long -> org.hibernate.type.BasicTypeReference@5a622fe8
2023-03-28T18:16:02.721+11:00 DEBUG 27136 --- [           main] org.hibernate.type.BasicTypeRegistry     : Adding type registration java.lang.Long -> org.hibernate.type.BasicTypeReference@5a622fe8
2023-03-28T18:16:02.721+11:00 DEBUG 27136 --- [           main] org.hibernate.type.BasicTypeRegistry     : Adding type registration float -> org.hibernate.type.BasicTypeReference@58f31629
2023-03-28T18:16:02.721+11:00 DEBUG 27136 --- [           main] org.hibernate.type.BasicTypeRegistry     : Adding type registration float -> org.hibernate.type.BasicTypeReference@58f31629
2023-03-28T18:16:02.721+11:00 DEBUG 27136 --- [           main] org.hibernate.type.BasicTypeRegistry     : Adding type registration java.lang.Float -> org.hibernate.type.BasicTypeReference@58f31629
2023-03-28T18:16:02.721+11:00 DEBUG 27136 --- [           main] org.hibernate.type.BasicTypeRegistry     : Adding type registration double -> org.hibernate.type.BasicTypeReference@124d26ba
2023-03-28T18:16:02.722+11:00 DEBUG 27136 --- [           main] org.hibernate.type.BasicTypeRegistry     : Adding type registration double -> org.hibernate.type.BasicTypeReference@124d26ba
2023-03-28T18:16:02.722+11:00 DEBUG 27136 --- [           main] org.hibernate.type.BasicTypeRegistry     : Adding type registration java.lang.Double -> org.hibernate.type.BasicTypeReference@124d26ba
2023-03-28T18:16:02.722+11:00 DEBUG 27136 --- [           main] org.hibernate.type.BasicTypeRegistry     : Adding type registration big_integer -> org.hibernate.type.BasicTypeReference@415d88de
2023-03-28T18:16:02.722+11:00 DEBUG 27136 --- [           main] org.hibernate.type.BasicTypeRegistry     : Adding type registration java.math.BigInteger -> org.hibernate.type.BasicTypeReference@415d88de
2023-03-28T18:16:02.722+11:00 DEBUG 27136 --- [           main] org.hibernate.type.BasicTypeRegistry     : Adding type registration big_decimal -> org.hibernate.type.BasicTypeReference@a0bf272
2023-03-28T18:16:02.723+11:00 DEBUG 27136 --- [           main] org.hibernate.type.BasicTypeRegistry     : Adding type registration java.math.BigDecimal -> org.hibernate.type.BasicTypeReference@a0bf272
2023-03-28T18:16:02.723+11:00 DEBUG 27136 --- [           main] org.hibernate.type.BasicTypeRegistry     : Adding type registration character -> org.hibernate.type.BasicTypeReference@4a89ef44
2023-03-28T18:16:02.723+11:00 DEBUG 27136 --- [           main] org.hibernate.type.BasicTypeRegistry     : Adding type registration char -> org.hibernate.type.BasicTypeReference@4a89ef44
2023-03-28T18:16:02.723+11:00 DEBUG 27136 --- [           main] org.hibernate.type.BasicTypeRegistry     : Adding type registration java.lang.Character -> org.hibernate.type.BasicTypeReference@4a89ef44
2023-03-28T18:16:02.723+11:00 DEBUG 27136 --- [           main] org.hibernate.type.BasicTypeRegistry     : Adding type registration character_nchar -> org.hibernate.type.BasicTypeReference@310a7859
2023-03-28T18:16:02.723+11:00 DEBUG 27136 --- [           main] org.hibernate.type.BasicTypeRegistry     : Adding type registration string -> org.hibernate.type.BasicTypeReference@1cbc1dde
2023-03-28T18:16:02.723+11:00 DEBUG 27136 --- [           main] org.hibernate.type.BasicTypeRegistry     : Adding type registration java.lang.String -> org.hibernate.type.BasicTypeReference@1cbc1dde
2023-03-28T18:16:02.723+11:00 DEBUG 27136 --- [           main] org.hibernate.type.BasicTypeRegistry     : Adding type registration nstring -> org.hibernate.type.BasicTypeReference@4971f459
2023-03-28T18:16:02.724+11:00 DEBUG 27136 --- [           main] org.hibernate.type.BasicTypeRegistry     : Adding type registration characters -> org.hibernate.type.BasicTypeReference@4c07d1fc
2023-03-28T18:16:02.724+11:00 DEBUG 27136 --- [           main] org.hibernate.type.BasicTypeRegistry     : Adding type registration char[] -> org.hibernate.type.BasicTypeReference@4c07d1fc
2023-03-28T18:16:02.724+11:00 DEBUG 27136 --- [           main] org.hibernate.type.BasicTypeRegistry     : Adding type registration [C -> org.hibernate.type.BasicTypeReference@4c07d1fc
2023-03-28T18:16:02.724+11:00 DEBUG 27136 --- [           main] org.hibernate.type.BasicTypeRegistry     : Adding type registration wrapper-characters -> org.hibernate.type.BasicTypeReference@2eada095
2023-03-28T18:16:02.724+11:00 DEBUG 27136 --- [           main] org.hibernate.type.BasicTypeRegistry     : Adding type registration [Ljava.lang.Character; -> org.hibernate.type.BasicTypeReference@2eada095
2023-03-28T18:16:02.725+11:00 DEBUG 27136 --- [           main] org.hibernate.type.BasicTypeRegistry     : Adding type registration Character[] -> org.hibernate.type.BasicTypeReference@2eada095
2023-03-28T18:16:02.725+11:00 DEBUG 27136 --- [           main] org.hibernate.type.BasicTypeRegistry     : Adding type registration text -> org.hibernate.type.BasicTypeReference@52831a73
2023-03-28T18:16:02.725+11:00 DEBUG 27136 --- [           main] org.hibernate.type.BasicTypeRegistry     : Adding type registration ntext -> org.hibernate.type.BasicTypeReference@1416ff46
2023-03-28T18:16:02.725+11:00 DEBUG 27136 --- [           main] org.hibernate.type.BasicTypeRegistry     : Adding type registration clob -> org.hibernate.type.BasicTypeReference@66ec4409
2023-03-28T18:16:02.725+11:00 DEBUG 27136 --- [           main] org.hibernate.type.BasicTypeRegistry     : Adding type registration java.sql.Clob -> org.hibernate.type.BasicTypeReference@66ec4409
2023-03-28T18:16:02.726+11:00 DEBUG 27136 --- [           main] org.hibernate.type.BasicTypeRegistry     : Adding type registration nclob -> org.hibernate.type.BasicTypeReference@2506e949
2023-03-28T18:16:02.726+11:00 DEBUG 27136 --- [           main] org.hibernate.type.BasicTypeRegistry     : Adding type registration java.sql.NClob -> org.hibernate.type.BasicTypeReference@2506e949
2023-03-28T18:16:02.726+11:00 DEBUG 27136 --- [           main] org.hibernate.type.BasicTypeRegistry     : Adding type registration materialized_clob -> org.hibernate.type.BasicTypeReference@6f1c3f18
2023-03-28T18:16:02.726+11:00 DEBUG 27136 --- [           main] org.hibernate.type.BasicTypeRegistry     : Adding type registration materialized_clob_char_array -> org.hibernate.type.BasicTypeReference@4c531172
2023-03-28T18:16:02.726+11:00 DEBUG 27136 --- [           main] org.hibernate.type.BasicTypeRegistry     : Adding type registration materialized_clob_character_array -> org.hibernate.type.BasicTypeReference@489bc8fd
2023-03-28T18:16:02.726+11:00 DEBUG 27136 --- [           main] org.hibernate.type.BasicTypeRegistry     : Adding type registration materialized_nclob -> org.hibernate.type.BasicTypeReference@5ac53c06
2023-03-28T18:16:02.726+11:00 DEBUG 27136 --- [           main] org.hibernate.type.BasicTypeRegistry     : Adding type registration materialized_nclob_character_array -> org.hibernate.type.BasicTypeReference@54af3cb9
2023-03-28T18:16:02.727+11:00 DEBUG 27136 --- [           main] org.hibernate.type.BasicTypeRegistry     : Adding type registration materialized_nclob_char_array -> org.hibernate.type.BasicTypeReference@236fdf
2023-03-28T18:16:02.727+11:00 DEBUG 27136 --- [           main] org.hibernate.type.BasicTypeRegistry     : Adding type registration Duration -> org.hibernate.type.BasicTypeReference@16e99306
2023-03-28T18:16:02.727+11:00 DEBUG 27136 --- [           main] org.hibernate.type.BasicTypeRegistry     : Adding type registration java.time.Duration -> org.hibernate.type.BasicTypeReference@16e99306
2023-03-28T18:16:02.727+11:00 DEBUG 27136 --- [           main] org.hibernate.type.BasicTypeRegistry     : Adding type registration LocalDateTime -> org.hibernate.type.BasicTypeReference@653fb8d1
2023-03-28T18:16:02.727+11:00 DEBUG 27136 --- [           main] org.hibernate.type.BasicTypeRegistry     : Adding type registration java.time.LocalDateTime -> org.hibernate.type.BasicTypeReference@653fb8d1
2023-03-28T18:16:02.727+11:00 DEBUG 27136 --- [           main] org.hibernate.type.BasicTypeRegistry     : Adding type registration LocalDate -> org.hibernate.type.BasicTypeReference@48581a3b
2023-03-28T18:16:02.728+11:00 DEBUG 27136 --- [           main] org.hibernate.type.BasicTypeRegistry     : Adding type registration java.time.LocalDate -> org.hibernate.type.BasicTypeReference@48581a3b
2023-03-28T18:16:02.728+11:00 DEBUG 27136 --- [           main] org.hibernate.type.BasicTypeRegistry     : Adding type registration LocalTime -> org.hibernate.type.BasicTypeReference@531ec978
2023-03-28T18:16:02.728+11:00 DEBUG 27136 --- [           main] org.hibernate.type.BasicTypeRegistry     : Adding type registration java.time.LocalTime -> org.hibernate.type.BasicTypeReference@531ec978
2023-03-28T18:16:02.728+11:00 DEBUG 27136 --- [           main] org.hibernate.type.BasicTypeRegistry     : Adding type registration OffsetDateTime -> org.hibernate.type.BasicTypeReference@93501be
2023-03-28T18:16:02.728+11:00 DEBUG 27136 --- [           main] org.hibernate.type.BasicTypeRegistry     : Adding type registration java.time.OffsetDateTime -> org.hibernate.type.BasicTypeReference@93501be
2023-03-28T18:16:02.728+11:00 DEBUG 27136 --- [           main] org.hibernate.type.BasicTypeRegistry     : Adding type registration OffsetDateTimeWithTimezone -> org.hibernate.type.BasicTypeReference@11d4d979
2023-03-28T18:16:02.728+11:00 DEBUG 27136 --- [           main] org.hibernate.type.BasicTypeRegistry     : Adding type registration OffsetDateTimeWithoutTimezone -> org.hibernate.type.BasicTypeReference@195580ba
2023-03-28T18:16:02.728+11:00 DEBUG 27136 --- [           main] org.hibernate.type.BasicTypeRegistry     : Adding type registration OffsetTime -> org.hibernate.type.BasicTypeReference@3c25cfe1
2023-03-28T18:16:02.729+11:00 DEBUG 27136 --- [           main] org.hibernate.type.BasicTypeRegistry     : Adding type registration java.time.OffsetTime -> org.hibernate.type.BasicTypeReference@3c25cfe1
2023-03-28T18:16:02.729+11:00 DEBUG 27136 --- [           main] org.hibernate.type.BasicTypeRegistry     : Adding type registration ZonedDateTime -> org.hibernate.type.BasicTypeReference@1d3c112a
2023-03-28T18:16:02.729+11:00 DEBUG 27136 --- [           main] org.hibernate.type.BasicTypeRegistry     : Adding type registration java.time.ZonedDateTime -> org.hibernate.type.BasicTypeReference@1d3c112a
2023-03-28T18:16:02.729+11:00 DEBUG 27136 --- [           main] org.hibernate.type.BasicTypeRegistry     : Adding type registration ZonedDateTimeWithTimezone -> org.hibernate.type.BasicTypeReference@2a140ce5
2023-03-28T18:16:02.729+11:00 DEBUG 27136 --- [           main] org.hibernate.type.BasicTypeRegistry     : Adding type registration ZonedDateTimeWithoutTimezone -> org.hibernate.type.BasicTypeReference@1f71194d
2023-03-28T18:16:02.729+11:00 DEBUG 27136 --- [           main] org.hibernate.type.BasicTypeRegistry     : Adding type registration date -> org.hibernate.type.BasicTypeReference@db99785
2023-03-28T18:16:02.730+11:00 DEBUG 27136 --- [           main] org.hibernate.type.BasicTypeRegistry     : Adding type registration java.sql.Date -> org.hibernate.type.BasicTypeReference@db99785
2023-03-28T18:16:02.730+11:00 DEBUG 27136 --- [           main] org.hibernate.type.BasicTypeRegistry     : Adding type registration time -> org.hibernate.type.BasicTypeReference@70716259
2023-03-28T18:16:02.730+11:00 DEBUG 27136 --- [           main] org.hibernate.type.BasicTypeRegistry     : Adding type registration java.sql.Time -> org.hibernate.type.BasicTypeReference@70716259
2023-03-28T18:16:02.730+11:00 DEBUG 27136 --- [           main] org.hibernate.type.BasicTypeRegistry     : Adding type registration timestamp -> org.hibernate.type.BasicTypeReference@7a083b96
2023-03-28T18:16:02.731+11:00 DEBUG 27136 --- [           main] org.hibernate.type.BasicTypeRegistry     : Adding type registration java.sql.Timestamp -> org.hibernate.type.BasicTypeReference@7a083b96
2023-03-28T18:16:02.731+11:00 DEBUG 27136 --- [           main] org.hibernate.type.BasicTypeRegistry     : Adding type registration java.util.Date -> org.hibernate.type.BasicTypeReference@7a083b96
2023-03-28T18:16:02.731+11:00 DEBUG 27136 --- [           main] org.hibernate.type.BasicTypeRegistry     : Adding type registration calendar -> org.hibernate.type.BasicTypeReference@6da4feeb
2023-03-28T18:16:02.732+11:00 DEBUG 27136 --- [           main] org.hibernate.type.BasicTypeRegistry     : Adding type registration java.util.Calendar -> org.hibernate.type.BasicTypeReference@6da4feeb
2023-03-28T18:16:02.732+11:00 DEBUG 27136 --- [           main] org.hibernate.type.BasicTypeRegistry     : Adding type registration java.util.GregorianCalendar -> org.hibernate.type.BasicTypeReference@6da4feeb
2023-03-28T18:16:02.733+11:00 DEBUG 27136 --- [           main] org.hibernate.type.BasicTypeRegistry     : Adding type registration calendar_date -> org.hibernate.type.BasicTypeReference@2c604965
2023-03-28T18:16:02.733+11:00 DEBUG 27136 --- [           main] org.hibernate.type.BasicTypeRegistry     : Adding type registration calendar_time -> org.hibernate.type.BasicTypeReference@57f8951a
2023-03-28T18:16:02.733+11:00 DEBUG 27136 --- [           main] org.hibernate.type.BasicTypeRegistry     : Adding type registration instant -> org.hibernate.type.BasicTypeReference@6c17c0f8
2023-03-28T18:16:02.733+11:00 DEBUG 27136 --- [           main] org.hibernate.type.BasicTypeRegistry     : Adding type registration java.time.Instant -> org.hibernate.type.BasicTypeReference@6c17c0f8
2023-03-28T18:16:02.733+11:00 DEBUG 27136 --- [           main] org.hibernate.type.BasicTypeRegistry     : Adding type registration uuid -> org.hibernate.type.BasicTypeReference@260e3837
2023-03-28T18:16:02.733+11:00 DEBUG 27136 --- [           main] org.hibernate.type.BasicTypeRegistry     : Adding type registration java.util.UUID -> org.hibernate.type.BasicTypeReference@260e3837
2023-03-28T18:16:02.733+11:00 DEBUG 27136 --- [           main] org.hibernate.type.BasicTypeRegistry     : Adding type registration pg-uuid -> org.hibernate.type.BasicTypeReference@260e3837
2023-03-28T18:16:02.734+11:00 DEBUG 27136 --- [           main] org.hibernate.type.BasicTypeRegistry     : Adding type registration uuid-binary -> org.hibernate.type.BasicTypeReference@88b76f2
2023-03-28T18:16:02.734+11:00 DEBUG 27136 --- [           main] org.hibernate.type.BasicTypeRegistry     : Adding type registration uuid-char -> org.hibernate.type.BasicTypeReference@1b4872bc
2023-03-28T18:16:02.734+11:00 DEBUG 27136 --- [           main] org.hibernate.type.BasicTypeRegistry     : Adding type registration class -> org.hibernate.type.BasicTypeReference@498a612d
2023-03-28T18:16:02.734+11:00 DEBUG 27136 --- [           main] org.hibernate.type.BasicTypeRegistry     : Adding type registration java.lang.Class -> org.hibernate.type.BasicTypeReference@498a612d
2023-03-28T18:16:02.735+11:00 DEBUG 27136 --- [           main] org.hibernate.type.BasicTypeRegistry     : Adding type registration currency -> org.hibernate.type.BasicTypeReference@1e1237ab
2023-03-28T18:16:02.735+11:00 DEBUG 27136 --- [           main] org.hibernate.type.BasicTypeRegistry     : Adding type registration Currency -> org.hibernate.type.BasicTypeReference@1e1237ab
2023-03-28T18:16:02.735+11:00 DEBUG 27136 --- [           main] org.hibernate.type.BasicTypeRegistry     : Adding type registration java.util.Currency -> org.hibernate.type.BasicTypeReference@1e1237ab
2023-03-28T18:16:02.735+11:00 DEBUG 27136 --- [           main] org.hibernate.type.BasicTypeRegistry     : Adding type registration locale -> org.hibernate.type.BasicTypeReference@4dfdfe7d
2023-03-28T18:16:02.735+11:00 DEBUG 27136 --- [           main] org.hibernate.type.BasicTypeRegistry     : Adding type registration java.util.Locale -> org.hibernate.type.BasicTypeReference@4dfdfe7d
2023-03-28T18:16:02.736+11:00 DEBUG 27136 --- [           main] org.hibernate.type.BasicTypeRegistry     : Adding type registration serializable -> org.hibernate.type.BasicTypeReference@1578b8ec
2023-03-28T18:16:02.736+11:00 DEBUG 27136 --- [           main] org.hibernate.type.BasicTypeRegistry     : Adding type registration java.io.Serializable -> org.hibernate.type.BasicTypeReference@1578b8ec
2023-03-28T18:16:02.736+11:00 DEBUG 27136 --- [           main] org.hibernate.type.BasicTypeRegistry     : Adding type registration timezone -> org.hibernate.type.BasicTypeReference@f613067
2023-03-28T18:16:02.736+11:00 DEBUG 27136 --- [           main] org.hibernate.type.BasicTypeRegistry     : Adding type registration java.util.TimeZone -> org.hibernate.type.BasicTypeReference@f613067
2023-03-28T18:16:02.736+11:00 DEBUG 27136 --- [           main] org.hibernate.type.BasicTypeRegistry     : Adding type registration ZoneOffset -> org.hibernate.type.BasicTypeReference@c1e14f
2023-03-28T18:16:02.736+11:00 DEBUG 27136 --- [           main] org.hibernate.type.BasicTypeRegistry     : Adding type registration java.time.ZoneOffset -> org.hibernate.type.BasicTypeReference@c1e14f
2023-03-28T18:16:02.736+11:00 DEBUG 27136 --- [           main] org.hibernate.type.BasicTypeRegistry     : Adding type registration url -> org.hibernate.type.BasicTypeReference@226de93c
2023-03-28T18:16:02.736+11:00 DEBUG 27136 --- [           main] org.hibernate.type.BasicTypeRegistry     : Adding type registration java.net.URL -> org.hibernate.type.BasicTypeReference@226de93c
2023-03-28T18:16:02.737+11:00 DEBUG 27136 --- [           main] org.hibernate.type.BasicTypeRegistry     : Adding type registration row_version -> org.hibernate.type.BasicTypeReference@72028a45
2023-03-28T18:16:02.746+11:00 DEBUG 27136 --- [           main] org.hibernate.type.BasicTypeRegistry     : Adding type registration dbtimestamp -> org.hibernate.type.DbTimestampType@3434a4f0
2023-03-28T18:16:02.747+11:00 DEBUG 27136 --- [           main] org.hibernate.type.BasicTypeRegistry     : Adding type registration dbtimestamp -> org.hibernate.type.DbTimestampType@3434a4f0
2023-03-28T18:16:02.752+11:00 DEBUG 27136 --- [           main] org.hibernate.type.BasicTypeRegistry     : Adding type registration object -> org.hibernate.type.JavaObjectType@678a9516
2023-03-28T18:16:02.752+11:00 DEBUG 27136 --- [           main] org.hibernate.type.BasicTypeRegistry     : Adding type registration java.lang.Object -> org.hibernate.type.JavaObjectType@678a9516
2023-03-28T18:16:02.755+11:00 DEBUG 27136 --- [           main] org.hibernate.type.BasicTypeRegistry     : Adding type registration null -> org.hibernate.type.NullType@4e424582
2023-03-28T18:16:02.755+11:00 DEBUG 27136 --- [           main] org.hibernate.type.BasicTypeRegistry     : Adding type registration imm_date -> org.hibernate.type.BasicTypeReference@58dad04a
2023-03-28T18:16:02.755+11:00 DEBUG 27136 --- [           main] org.hibernate.type.BasicTypeRegistry     : Adding type registration imm_time -> org.hibernate.type.BasicTypeReference@73e776b7
2023-03-28T18:16:02.756+11:00 DEBUG 27136 --- [           main] org.hibernate.type.BasicTypeRegistry     : Adding type registration imm_timestamp -> org.hibernate.type.BasicTypeReference@113ee1ce
2023-03-28T18:16:02.756+11:00 DEBUG 27136 --- [           main] org.hibernate.type.BasicTypeRegistry     : Adding type registration imm_calendar -> org.hibernate.type.BasicTypeReference@4d0cc83e
2023-03-28T18:16:02.756+11:00 DEBUG 27136 --- [           main] org.hibernate.type.BasicTypeRegistry     : Adding type registration imm_calendar_date -> org.hibernate.type.BasicTypeReference@43da0955
2023-03-28T18:16:02.756+11:00 DEBUG 27136 --- [           main] org.hibernate.type.BasicTypeRegistry     : Adding type registration imm_calendar_time -> org.hibernate.type.BasicTypeReference@bc09d57
2023-03-28T18:16:02.756+11:00 DEBUG 27136 --- [           main] org.hibernate.type.BasicTypeRegistry     : Adding type registration imm_binary -> org.hibernate.type.BasicTypeReference@6d963d70
2023-03-28T18:16:02.756+11:00 DEBUG 27136 --- [           main] org.hibernate.type.BasicTypeRegistry     : Adding type registration imm_serializable -> org.hibernate.type.BasicTypeReference@467045c4
2023-03-28T18:16:02.795+11:00  INFO 27136 --- [           main] com.zaxxer.hikari.HikariDataSource       : HikariPool-1 - Starting...
2023-03-28T18:16:03.048+11:00  INFO 27136 --- [           main] com.zaxxer.hikari.pool.HikariPool        : HikariPool-1 - Added connection com.mysql.cj.jdbc.ConnectionImpl@3079c26a
2023-03-28T18:16:03.052+11:00  INFO 27136 --- [           main] com.zaxxer.hikari.HikariDataSource       : HikariPool-1 - Start completed.
2023-03-28T18:16:03.088+11:00  INFO 27136 --- [           main] SQL dialect                              : HHH000400: Using dialect: org.hibernate.dialect.MySQL8Dialect
2023-03-28T18:16:03.089+11:00  WARN 27136 --- [           main] org.hibernate.orm.deprecation            : HHH90000026: MySQL8Dialect has been deprecated; use org.hibernate.dialect.MySQLDialect instead
2023-03-28T18:16:03.150+11:00 DEBUG 27136 --- [           main] o.h.t.d.sql.spi.DdlTypeRegistry          : addDescriptor(12, org.hibernate.type.descriptor.sql.internal.CapacityDependentDdlType@283ab206) replaced previous registration(org.hibernate.type.descriptor.sql.internal.CapacityDependentDdlType@35fa450f)
2023-03-28T18:16:03.150+11:00 DEBUG 27136 --- [           main] o.h.t.d.sql.spi.DdlTypeRegistry          : addDescriptor(-9, org.hibernate.type.descriptor.sql.internal.CapacityDependentDdlType@3e03046d) replaced previous registration(org.hibernate.type.descriptor.sql.internal.CapacityDependentDdlType@9b3be1c)
2023-03-28T18:16:03.151+11:00 DEBUG 27136 --- [           main] o.h.t.d.sql.spi.DdlTypeRegistry          : addDescriptor(-3, org.hibernate.type.descriptor.sql.internal.CapacityDependentDdlType@74e497ae) replaced previous registration(org.hibernate.type.descriptor.sql.internal.CapacityDependentDdlType@13516600)
2023-03-28T18:16:03.151+11:00 DEBUG 27136 --- [           main] o.h.t.d.sql.spi.DdlTypeRegistry          : addDescriptor(4003, org.hibernate.type.descriptor.sql.internal.DdlTypeImpl@35d7386b) replaced previous registration(org.hibernate.type.descriptor.sql.internal.DdlTypeImpl@21002393)
2023-03-28T18:16:03.151+11:00 DEBUG 27136 --- [           main] o.h.t.d.sql.spi.DdlTypeRegistry          : addDescriptor(4001, org.hibernate.type.descriptor.sql.internal.DdlTypeImpl@718989fa) replaced previous registration(org.hibernate.type.descriptor.sql.internal.DdlTypeImpl@69f080ad)
2023-03-28T18:16:03.152+11:00 DEBUG 27136 --- [           main] o.h.t.d.sql.spi.DdlTypeRegistry          : addDescriptor(4002, org.hibernate.type.descriptor.sql.internal.DdlTypeImpl@6568f998) replaced previous registration(org.hibernate.type.descriptor.sql.internal.DdlTypeImpl@45d4421d)
2023-03-28T18:16:03.152+11:00 DEBUG 27136 --- [           main] o.h.t.d.sql.spi.DdlTypeRegistry          : addDescriptor(2004, org.hibernate.type.descriptor.sql.internal.CapacityDependentDdlType@782fd504) replaced previous registration(org.hibernate.type.descriptor.sql.internal.DdlTypeImpl@1537c744)
2023-03-28T18:16:03.152+11:00 DEBUG 27136 --- [           main] o.h.t.d.sql.spi.DdlTypeRegistry          : addDescriptor(2005, org.hibernate.type.descriptor.sql.internal.CapacityDependentDdlType@37314843) replaced previous registration(org.hibernate.type.descriptor.sql.internal.DdlTypeImpl@50122012)
2023-03-28T18:16:03.153+11:00 DEBUG 27136 --- [           main] o.h.t.d.sql.spi.DdlTypeRegistry          : addDescriptor(2011, org.hibernate.type.descriptor.sql.internal.CapacityDependentDdlType@569348e1) replaced previous registration(org.hibernate.type.descriptor.sql.internal.DdlTypeImpl@7db5b890)
2023-03-28T18:16:03.156+11:00 DEBUG 27136 --- [           main] o.h.t.d.jdbc.spi.JdbcTypeRegistry        : addDescriptor(NCharTypeDescriptor) replaced previous registration(CharTypeDescriptor)
2023-03-28T18:16:03.157+11:00 DEBUG 27136 --- [           main] o.h.t.d.jdbc.spi.JdbcTypeRegistry        : addDescriptor(NVarcharTypeDescriptor) replaced previous registration(VarcharTypeDescriptor)
2023-03-28T18:16:03.158+11:00 DEBUG 27136 --- [           main] o.h.t.d.jdbc.spi.JdbcTypeRegistry        : addDescriptor(LongNVarcharTypeDescriptor) replaced previous registration(LongVarcharTypeDescriptor)
2023-03-28T18:16:03.165+11:00 DEBUG 27136 --- [           main] o.h.t.d.jdbc.spi.JdbcTypeRegistry        : addDescriptor(NClobTypeDescriptor(DEFAULT)) replaced previous registration(ClobTypeDescriptor(DEFAULT))
2023-03-28T18:16:03.166+11:00 DEBUG 27136 --- [           main] o.h.t.d.jdbc.spi.JdbcTypeRegistry        : addDescriptor(2005, ClobTypeDescriptor(STREAM_BINDING)) replaced previous registration(ClobTypeDescriptor(DEFAULT))
2023-03-28T18:16:03.172+11:00 DEBUG 27136 --- [           main] org.hibernate.type.BasicTypeRegistry     : Adding type registration null -> org.hibernate.type.NullType@e0d1dc4
2023-03-28T18:16:03.172+11:00 DEBUG 27136 --- [           main] org.hibernate.type.BasicTypeRegistry     : Type registration key [null] overrode previous entry : `org.hibernate.type.NullType@4e424582`
2023-03-28T18:16:03.181+11:00 DEBUG 27136 --- [           main] org.hibernate.type.BasicTypeRegistry     : Adding type registration org.hibernate.type.OffsetDateTimeType -> basicType@1(java.time.OffsetDateTime,93)
2023-03-28T18:16:03.181+11:00 DEBUG 27136 --- [           main] org.hibernate.type.BasicTypeRegistry     : Adding type registration OffsetDateTime -> basicType@1(java.time.OffsetDateTime,93)
2023-03-28T18:16:03.181+11:00 DEBUG 27136 --- [           main] org.hibernate.type.BasicTypeRegistry     : Adding type registration java.time.OffsetDateTime -> basicType@1(java.time.OffsetDateTime,93)
2023-03-28T18:16:03.181+11:00 DEBUG 27136 --- [           main] org.hibernate.type.BasicTypeRegistry     : Adding type registration org.hibernate.type.ZonedDateTimeType -> basicType@2(java.time.ZonedDateTime,93)
2023-03-28T18:16:03.181+11:00 DEBUG 27136 --- [           main] org.hibernate.type.BasicTypeRegistry     : Adding type registration ZonedDateTime -> basicType@2(java.time.ZonedDateTime,93)
2023-03-28T18:16:03.182+11:00 DEBUG 27136 --- [           main] org.hibernate.type.BasicTypeRegistry     : Adding type registration java.time.ZonedDateTime -> basicType@2(java.time.ZonedDateTime,93)
2023-03-28T18:16:03.187+11:00 DEBUG 27136 --- [           main] o.h.type.spi.TypeConfiguration$Scope     : Scoping TypeConfiguration [org.hibernate.type.spi.TypeConfiguration@f559c74] to MetadataBuildingContext [org.hibernate.boot.internal.MetadataBuildingContextRootImpl@63917fe1]
2023-03-28T18:16:03.527+11:00 DEBUG 27136 --- [           main] o.h.type.spi.TypeConfiguration$Scope     : Scoping TypeConfiguration [org.hibernate.type.spi.TypeConfiguration@f559c74] to SessionFactoryImplementor [org.hibernate.internal.SessionFactoryImpl@2a7ebe07]
2023-03-28T18:16:03.569+11:00  INFO 27136 --- [           main] o.h.e.t.j.p.i.JtaPlatformInitiator       : HHH000490: Using JtaPlatform implementation: [org.hibernate.engine.transaction.jta.platform.internal.NoJtaPlatform]
2023-03-28T18:16:03.584+11:00 TRACE 27136 --- [           main] o.h.type.spi.TypeConfiguration$Scope     : Handling #sessionFactoryCreated from [org.hibernate.internal.SessionFactoryImpl@2a7ebe07] for TypeConfiguration
2023-03-28T18:16:03.587+11:00  INFO 27136 --- [           main] j.LocalContainerEntityManagerFactoryBean : Initialized JPA EntityManagerFactory for persistence unit 'default'
{"status":"success","data":{"stats":{"total":665,"totalCoins":23915,"totalMarkets":38374,"totalExchanges":179,"totalMarketCap":"1152802551934","total24hVolume":"87097360930"},"coins":[{"uuid":"Qwsogvtv82FCd","symbol":"BTC","name":"Bitcoin","color":"#f7931A","iconUrl":"https://cdn.coinranking.com/bOabBYkcX/bitcoin_btc.svg","marketCap":"520125154328","price":"27062.138466744855","listedAt":1330214400,"tier":1,"change":"62.03","rank":1,"sparkline":["16564.711793822305","16755.12471027908","16988.6126845642","18028.33433303559","20941.55467867956","21541.5740121234","22840.60848898794","23144.751796350574","23319.66300255183","23276.170724196436","22626.964414757498","21809.49725841448","23982.01542035537","24560.11959962906","23629.418743321243","23376.72090035938","23176.86334341865","22434.185136487333","21960.73691164723","20375.77538211136","24195.292571766895","26151.352817748448","27832.939935881954","27996.03718525181","27637.68784357177"],"lowVolume":false,"coinrankingUrl":"https://coinranking.com/coin/Qwsogvtv82FCd+bitcoin-btc","24hVolume":"19857734992","btcPrice":"1"},{"uuid":"razxDUgYGNAdQ","symbol":"ETH","name":"Ethereum","color":"#3C3C3D","iconUrl":"https://cdn.coinranking.com/rk4RKHOuW/eth.svg","marketCap":"211115304122","price":"1730.085456856447","listedAt":1438905600,"tier":1,"change":"42.86","rank":2,"sparkline":["1196.6342608048294","1231.024582930828","1275.790125856361","1370.988021933886","1551.3606107924163","1581.0252107926224","1610.6800277999055","1598.129855902792","1610.0805397440295","1652.4427563393085","1617.5119353560633","1519.5869144207961","1658.9926061827662","1680.168333619516","1629.6329605370563","1625.7207223462144","1622.102357061756","1570.5306758087108","1547.69537605502","1454.4524952815361","1670.402176257337","1731.0880307531695","1781.2693600742855","1783.7254841145636","1754.0492709206749"],"lowVolume":false,"coinrankingUrl":"https://coinranking.com/coin/razxDUgYGNAdQ+ethereum-eth","24hVolume":"8503046200","btcPrice":"0.06393010881170579"},{"uuid":"HIVsRcGKkPFtW","symbol":"USDT","name":"Tether USD","color":"#22a079","iconUrl":"https://cdn.coinranking.com/mgHqwlCLj/usdt.svg","marketCap":"65451439261","price":"1.001357934778986","listedAt":1420761600,"tier":1,"change":"0.18","rank":3,"sparkline":["0.9999097095241204","0.9997293568644747","1.0001079270359885","0.9994156786766875","0.9994040475031002","1.0001562666340498","1.0007174769860778","1.0007362666371613","1.0006886185361612","1.0015903839425067","1.0013478886929823","1.001179795225392","0.9999374205766782","1.0024170228517406","1.001205201068702","1.0006550718350151","1.0013558443973705","1.002049625562988","1.0012550831354654","1.0054750230276548","1.003189612970796","1.0024310235963492","1.0036276098071426","1.0029717682505164","1.0020787205301702"],"lowVolume":false,"coinrankingUrl":"https://coinranking.com/coin/HIVsRcGKkPFtW+tetherusd-usdt","24hVolume":"68514425578","btcPrice":"0.000037002173202591"},{"uuid":"WcwrkfNI4FUAe","symbol":"BNB","name":"BNB","color":"#e8b342","iconUrl":"https://cdn.coinranking.com/B1N19L_dZ/bnb.svg","marketCap":"44322830835","price":"310.3503829800239","listedAt":1503014400,"tier":1,"change":"25.90","rank":4,"sparkline":["245.2867475006277","250.88726082490413","265.032125397646","281.34181958552244","301.4374010089009","296.37094839676587","305.9123978002886","308.1378489093792","315.1379506307254","329.1149848538576","321.5064322667097","303.2899760255326","311.8440483223535","313.7985491494014","306.5449111035174","304.55333990622137","298.0418269711843","289.64068126439264","288.0109226716272","276.86669167438464","306.9372880463876","331.02115501590185","337.06590811090064","327.0005759970154","323.983917451738"],"lowVolume":false,"coinrankingUrl":"https://coinranking.com/coin/WcwrkfNI4FUAe+bnb-bnb","24hVolume":"874142417","btcPrice":"0.011468065739202248"},{"uuid":"aKzUVe4Hh_CON","symbol":"USDC","name":"USDC","color":"#7894b4","iconUrl":"https://cdn.coinranking.com/jkDf8sQbY/usdc.svg","marketCap":"43806822236","price":"1.000658929990737","listedAt":1539043200,"tier":1,"change":"0.08","rank":5,"sparkline":["1.0003392975512597","1.00003783069093","1.0002035865308256","0.999101396625901","0.9990665034606611","1.0000278058074528","1.0004621565614475","1.000504114153933","1.000475248262395","1.0013438076667496","1.0011045431135523","1.0007378513284575","0.999774593552196","1.002093794091126","1.0010501102015588","1.0004761332261582","1.0011372085623855","1.001812251028402","1.001135310963296","0.969005639717318","0.9968125329676272","0.999760706591302","1.000269286284327","1.0005695818058147","1.0010586109911608"],"lowVolume":false,"coinrankingUrl":"https://coinranking.com/coin/aKzUVe4Hh_CON+usdc-usdc","24hVolume":"3499498506","btcPrice":"0.000036976343581288"},{"uuid":"-l8Mn2pVlRs-p","symbol":"XRP","name":"XRP","color":"#000000","iconUrl":"https://cdn.coinranking.com/B1oPuTyfX/xrp.svg","marketCap":"24523431974","price":"0.487555635312483","listedAt":1421798400,"tier":1,"change":"32.70","rank":6,"sparkline":["0.3413651777612705","0.34428264127061947","0.34322602354407","0.3650651085499366","0.3893657442702625","0.3945557127249277","0.4133413734334293","0.4106359649191764","0.4052799383935266","0.40701165097396313","0.39392049872698326","0.3769501490824057","0.39224156675157024","0.3935230388305631","0.3848953172834828","0.3771458598608749","0.3760902856673639","0.37170893146018597","0.3830493562195597","0.36602246596847227","0.3705627727235989","0.3722839200309943","0.3951234379856812","0.4384662660371285","0.4544357022019162"],"lowVolume":false,"coinrankingUrl":"https://coinranking.com/coin/-l8Mn2pVlRs-p+xrp-xrp","24hVolume":"3092864754","btcPrice":"0.000018016153302579"},{"uuid":"qzawljRxB5bYu","symbol":"ADA","name":"Cardano","color":"#3cc8c8","iconUrl":"https://cdn.coinranking.com/ryY28nXhW/ada.svg","marketCap":"12314330584","price":"0.3513860255137933","listedAt":1506902400,"tier":1,"change":"35.01","rank":7,"sparkline":["0.24525732767094086","0.25910919811121785","0.2885203800959078","0.3222810437308444","0.3506346313504987","0.3469724574347447","0.3720741641180377","0.38349126652545396","0.3878441076291805","0.3980204012007056","0.38267310861096804","0.36380986082046834","0.3994114705143097","0.39843976932274433","0.37595053075817764","0.3629443127119832","0.3504571506663878","0.337980712337877","0.32341491031683883","0.3104362632827193","0.3414714809655361","0.33681284396542077","0.3448568218209698","0.3685277122879791","0.35454849944848027"],"lowVolume":false,"coinrankingUrl":"https://coinranking.com/coin/qzawljRxB5bYu+cardano-ada","24hVolume":"297164333","btcPrice":"0.000012984414588876"},{"uuid":"PDKcptVnzJTmN","symbol":"OKB","name":"OKB","color":"#2d60e0","iconUrl":"https://cdn.coinranking.com/xcZdYtX6E/okx.png","marketCap":"10502787009","price":"43.49790691687754","listedAt":1538524800,"tier":1,"change":"81.23","rank":8,"sparkline":["25.401409143780143","28.50056922879854","27.029903081235155","28.019595807575445","31.727397453158847","32.3211135031579","36.12292532840011","37.507663638628046","38.32087689614793","42.39948553392621","43.01004310549463","40.83661440826905","49.17284734634669","51.97066863650799","50.80819655989857","52.065320282213044","50.4128419051851","49.43276813658823","43.848997074380705","39.869433904701154","47.11108369149255","48.34398139513549","46.80719868041876","44.74702988554517","42.080650985860984"],"lowVolume":false,"coinrankingUrl":"https://coinranking.com/coin/PDKcptVnzJTmN+okb-okb","24hVolume":"57686190","btcPrice":"0.001607334430364019"},{"uuid":"a91GCGd_u96cF","symbol":"DOGE","name":"Dogecoin","color":"#c2a633","iconUrl":"https://cdn.coinranking.com/H1arXIuOZ/doge.svg","marketCap":"9962661641","price":"0.07280638496408677","listedAt":1391212800,"tier":1,"change":"-1.23","rank":9,"sparkline":["0.0697352362553933","0.0718876997312201","0.07298900891721641","0.07812117989320094","0.08518382173939637","0.08376516190930999","0.0873484128142957","0.08760205014967554","0.0917623378739598","0.09321593162522582","0.08791641582061024","0.08232695037277822","0.08746304227150697","0.08714407720843381","0.08314386556817321","0.081480034794314","0.0796854559435723","0.07532088106223384","0.07276619010717272","0.06606811823552473","0.07262903171996138","0.07387306658518056","0.07410616620413876","0.07579826904868292","0.07431832696170383"],"lowVolume":false,"coinrankingUrl":"https://coinranking.com/coin/a91GCGd_u96cF+dogecoin-doge","24hVolume":"614104596","btcPrice":"0.000002690341158869"},{"uuid":"uW2tk-ILY0ii","symbol":"MATIC","name":"Polygon","color":"#8247e5","iconUrl":"https://cdn.coinranking.com/M-pwilaq-/polygon-matic-logo.svg","marketCap":"9531611455","price":"1.0507883281654542","listedAt":1558961160,"tier":1,"change":"30.38","rank":10,"sparkline":["0.7642708504140843","0.7875186735223658","0.8132602470544947","0.8776893676315887","0.9946974068215326","0.9775848875269607","0.9909956322686644","1.1142558022163944","1.140361899774906","1.220535571673749","1.2718955258909745","1.2241887824326327","1.405988291318224","1.4460533202702117","1.3161597514866996","1.2491020943200175","1.2082664755488113","1.141153616083637","1.101862175563626","1.044545031433537","1.1706909815906166","1.1795366627560961","1.155428633332851","1.1265733963039015","1.0871754725875493"],"lowVolume":false,"coinrankingUrl":"https://coinranking.com/coin/uW2tk-ILY0ii+polygon-matic","24hVolume":"708900376","btcPrice":"0.000038828724842152"},{"uuid":"vSo2fu9iE1s0Y","symbol":"BUSD","name":"Binance USD","color":"#f0b90b","iconUrl":"https://cdn.coinranking.com/6SJHRfClq/busd.svg","marketCap":"7833985789","price":"1.0005232482991562","listedAt":1563197940,"tier":1,"change":"0.06","rank":11,"sparkline":["1.0004719763534715","1.0001336978148518","1.0004020993242528","0.9994606904642935","0.9992503660263454","1.0001758855023752","1.0006816914830547","1.0006734743060486","1.0007209486011894","1.0015329709861627","1.0013568619414375","1.0007303545780766","0.9998396829073775","1.0025541495320065","1.001301664600108","1.0007566230528846","1.0013734774553595","1.002101144988388","1.0014864833357642","1.0013861043629446","0.999613097384761","1.0004893084144517","1.001381275356148","1.0012649516775909","1.0013079357647046"],"lowVolume":false,"coinrankingUrl":"https://coinranking.com/coin/vSo2fu9iE1s0Y+binanceusd-busd","24hVolume":"4019635110","btcPrice":"0.000036972623076169"},{"uuid":"zNZHO_Sjf","symbol":"SOL","name":"Solana","color":"#000000","iconUrl":"https://cdn.coinranking.com/yvUG4Qex5/solana.svg","marketCap":"7267151748","price":"20.011025866303022","listedAt":1586539320,"tier":1,"change":"80.43","rank":12,"sparkline":["9.689710067966002","12.44482161595553","14.053933474980111","16.325973254212002","23.08016278354955","22.72330068272755","24.31847690806633","24.425957492896888","24.36880012510223","24.105737395000887","22.51700873971957","20.917235614931673","22.994796913812312","24.92696372971913","23.449960320570177","22.698711151040687","21.92199258317885","21.08800567915563","19.352959847242424","17.85227024614344","20.373208708275072","20.639898801036317","22.385373188166913","21.864438673462793","20.61555753746181"],"lowVolume":false,"coinrankingUrl":"https://coinranking.com/coin/zNZHO_Sjf+solana-sol","24hVolume":"507678930","btcPrice":"0.000739447323828213"},{"uuid":"25W7FG7om","symbol":"DOT","name":"Polkadot","color":"#d64cA8","iconUrl":"https://cdn.coinranking.com/RsljYqnbu/polkadot.svg","marketCap":"7129169710","price":"5.88853898899187","listedAt":1598365200,"tier":1,"change":"31.50","rank":13,"sparkline":["4.3162035644295145","4.55070432649292","4.7301688548537415","5.046995747932821","5.917087076179349","5.958276568667357","6.3714963787654835","6.481670963403038","6.356571344156155","6.796978669746858","6.618634330166232","6.187048585113188","6.745907273717243","7.3658331751342985","6.895460336742087","6.567432964555583","6.305622603415766","5.981266688686514","5.740155694347929","5.476223938724452","6.113534559814509","6.307000091544982","6.346519852952662","6.2140851276453475","5.993262768706867"],"lowVolume":false,"coinrankingUrl":"https://coinranking.com/coin/25W7FG7om+polkadot-dot","24hVolume":"205757447","btcPrice":"0.000217593262122576"},{"uuid":"Mtfb0obXVh59u","symbol":"WETH","name":"Wrapped Ether","color":"#303030","iconUrl":"https://cdn.coinranking.com/KIviQyZlt/weth.svg","marketCap":"7016361512","price":"1731.864715633767","listedAt":1600259445,"tier":1,"change":"42.95","rank":14,"sparkline":["1196.5737526840671","1230.7941150590382","1275.4020008967557","1370.1815485147497","1549.154596892479","1579.4528217782354","1610.337493050492","1597.6649451501612","1611.329358925866","1653.6572101136587","1619.0569646038248","1519.3610902631513","1659.0363263390514","1681.7688700316598","1629.2950916136188","1623.3708348605267","1621.8814034047357","1570.6709774755657","1549.5167337078808","1454.855466703717","1669.466833387798","1729.761829651066","1780.8164726922187","1789.1107745760064","1754.2016989566728"],"lowVolume":false,"coinrankingUrl":"https://coinranking.com/coin/Mtfb0obXVh59u+wrappedether-weth","24hVolume":"1876621096","btcPrice":"0.06393463271522555"},{"uuid":"VLqpJwogdhHNb","symbol":"LINK","name":"Chainlink","color":"#4680b0","iconUrl":"https://cdn.coinranking.com/9NOP9tOem/chainlink.svg","marketCap":"6902898823","price":"6.903523764817258","listedAt":1505952000,"tier":1,"change":"17.01","rank":15,"sparkline":["5.563251683306988","5.704471917222307","5.843002306038122","6.228181511553932","6.740600174681529","6.6739080290354975","6.957333448553938","7.225757022425983","7.071586471275774","7.133645913261701","7.1265480978129165","6.805788767760083","7.333536640342507","7.873794502883512","7.700723462563927","7.345362904023023","7.21366632849099","6.928353217611464","6.706894275402837","6.1810787749333915","6.7835826720661085","6.916569128361856","7.1723890333493125","7.404670196662633","7.131170570864316"],"lowVolume":false,"coinrankingUrl":"https://coinranking.com/coin/VLqpJwogdhHNb+chainlink-link","24hVolume":"263980607","btcPrice":"0.000255098974284704"},{"uuid":"D7B1x_ks7WhV5","symbol":"LTC","name":"Litecoin","color":"#345d9d","iconUrl":"https://cdn.coinranking.com/BUvPxmc9o/ltcnew.svg","marketCap":"6188591226","price":"87.32892553290478","listedAt":1382572800,"tier":1,"change":"27.18","rank":16,"sparkline":["68.19131414281506","74.99364856268885","77.14879890639749","82.9867164218775","87.19428905373488","86.16859714411675","88.97283049211781","90.0411610310401","95.98366593815645","98.24231559000367","97.03363551996026","92.94533311455005","99.85178979526906","96.37808606851053","93.40402160701413","94.34374457829956","94.35311529260387","89.73613031133583","84.63621796304459","70.74219202485679","81.07289185360159","82.24611659186905","82.34440501983045","88.43651195294461","92.35326606092174"],"lowVolume":false,"coinrankingUrl":"https://coinranking.com/coin/D7B1x_ks7WhV5+litecoin-ltc","24hVolume":"672330472","btcPrice":"0.003226978002504067"},{"uuid":"xz24e0BjL","symbol":"SHIB","name":"Shiba Inu","color":"#fda32b","iconUrl":"https://cdn.coinranking.com/fiZ4HfnRR/shib.png","marketCap":"6132062193","price":"0.000010401384799378","listedAt":1620650373,"tier":1,"change":"26.96","rank":17,"sparkline":["0.000008062439463539","0.000008271205907505","0.00000852961557199","0.000009215739788628","0.000010433065761669","0.000011744927335804","0.000011866754708245","0.000011779436555136","0.000011863053831372","0.000014001437200608","0.000013438035742192","0.00001269412239403","0.000013246175108019","0.000013260910646095","0.000012887951756554","0.000012526253234398","0.00001189326806277","0.000011199800299489","0.000010978520117491","0.000010224962262084","0.000011011135764204","0.000010795911768007","0.000010807352765517","0.000010773278788024","0.000010578225441386"],"lowVolume":false,"coinrankingUrl":"https://coinranking.com/coin/xz24e0BjL+shibainu-shib","24hVolume":"295473149","btcPrice":"3.84351917e-10"},{"uuid":"qUhEFk1I61atv","symbol":"TRX","name":"TRON","color":"#eb0029","iconUrl":"https://cdn.coinranking.com/behejNqQs/trx.svg","marketCap":"5907834476","price":"0.06411214239990992","listedAt":1505260800,"tier":1,"change":"18.30","rank":18,"sparkline":["0.05439972541169598","0.05493482457296378","0.05274681148445032","0.05595259000040664","0.06230306190440074","0.06108612294593309","0.06186562715831635","0.0627751241946814","0.06286048225461577","0.06410911632530203","0.06488088065065667","0.06478803730868554","0.06943110048395712","0.07071416233678968","0.0690962568477027","0.06922462068273823","0.06902014274834804","0.06740392124079296","0.06602693552559927","0.05815711028434379","0.06678526621056992","0.06654604713491408","0.06658171022577491","0.0643591034822848","0.06405289723941868"],"lowVolume":false,"coinrankingUrl":"https://coinranking.com/coin/qUhEFk1I61atv+tron-trx","24hVolume":"487436276","btcPrice":"0.000002369071552815"},{"uuid":"MoTuySvg7","symbol":"DAI","name":"Dai","color":"#ea9999","iconUrl":"https://cdn.coinranking.com/mAZ_7LwOE/mutli-collateral-dai.svg","marketCap":"5278158617","price":"1.0002720524366373","listedAt":1585574040,"tier":1,"change":"0.06","rank":19,"sparkline":["1.0001365923508403","0.99978050730224","1.0000377429851168","0.999294798750182","0.99925005583965","1.0000049821101407","1.0003622989290093","0.9997563511838327","1.0000216506069108","1.0011300208239988","0.9996277389798017","1.001030202246754","0.999643332584691","1.0024796918233856","1.0010359162738967","1.0006429327390358","1.0010351685645333","1.001832525013501","1.0007342137132214","0.9727721546128787","0.9967558703236711","0.9995917690156151","1.0003368139604656","1.000456732103254","1.0007584709669757"],"lowVolume":false,"coinrankingUrl":"https://coinranking.com/coin/MoTuySvg7+dai-dai","24hVolume":"73490301","btcPrice":"0.000036962047683919"},{"uuid":"dvUj0CzDZ","symbol":"AVAX","name":"Avalanche","color":"#e84242","iconUrl":"https://cdn.coinranking.com/S0C6Cw2-w/avax-avalanche.png","marketCap":"4998549926","price":"16.621882211427558","listedAt":1600961596,"tier":1,"change":"42.69","rank":20,"sparkline":["10.91334171224778","11.532009860967516","11.899967774429266","14.127800850606066","16.8328690705295","16.626715140644794","17.685625019764085","19.47550005620641","20.409621533099035","20.819331355728085","19.499109120753417","17.79316366591891","19.267661842522724","20.395524991611836","19.17313097465068","17.950607184609193","17.170390350150683","16.427111712977126","15.805980798376996","14.602030959419357","16.571557068891117","16.618378239143098","17.31123776394888","17.30260312697615","16.90525595936695"],"lowVolume":false,"coinrankingUrl":"https://coinranking.com/coin/dvUj0CzDZ+avalanche-avax","24hVolume":"212041533","btcPrice":"0.000614211705104283"},{"uuid":"_H5FVG9iW","symbol":"UNI","name":"Uniswap","color":"#ff007a","iconUrl":"https://cdn.coinranking.com/1heSvUgtl/uniswap-v2.svg?size=48x48","marketCap":"4577228595","price":"5.697999077320642","listedAt":1600323371,"tier":1,"change":"9.86","rank":21,"sparkline":["5.103151487462067","5.411429589463125","5.527656986285097","5.906702378723302","6.55185873541024","6.347871617230768","6.676834895638916","6.735753613119813","6.721688205758381","7.05910901205245","6.676584451315936","6.384291456843483","6.766732963162213","7.138440290716946","6.770127764302737","6.530355367384244","6.5760678400742405","6.286585116271805","6.268466480288042","5.553072774332167","6.151058439884845","6.19446808158793","6.4226455668843165","6.184689843220548","5.769742833380951"],"lowVolume":false,"coinrankingUrl":"https://coinranking.com/coin/_H5FVG9iW+uniswap-uni","24hVolume":"72711160","btcPrice":"0.000210552432296605"},{"uuid":"x4WXHge-vvFY","symbol":"WBTC","name":"Wrapped BTC","color":"#000000","iconUrl":"https://cdn.coinranking.com/o3-8cvCHu/wbtc[1].svg","marketCap":"4240501182","price":"27116.653954000376","listedAt":1549894980,"tier":1,"change":"62.85","rank":22,"sparkline":["16526.81553113968","16731.550894998625","16984.645065691435","18013.799921547055","20923.6585537664","21512.926198600166","22784.97064741529","23098.872039179438","23286.418911725334","23254.115620527948","22613.698172829634","21806.93098623404","23975.47254891505","24557.19122865276","23629.897873949427","23378.23776894625","23184.108681942933","22431.02550160843","21962.506500804586","20409.449885499558","24170.64454837059","26135.617012182163","27839.372129321746","28017.59437834985","27680.091550211153"],"lowVolume":false,"coinrankingUrl":"https://coinranking.com/coin/x4WXHge-vvFY+wrappedbtc-wbtc","24hVolume":"49814764","btcPrice":"1.002014456001787"},{"uuid":"Knsels4_Ol-Ny","symbol":"ATOM","name":"Cosmos","color":"#5064fb","iconUrl":"https://cdn.coinranking.com/HJzHboruM/atom.svg","marketCap":"3601861253","price":"10.944662343387751","listedAt":1552520100,"tier":1,"change":"18.78","rank":23,"sparkline":["9.336149856075654","10.044360538488746","10.415227141020514","11.60551822572294","12.589604641327822","12.39523031378003","13.080009811737298","13.312697629112161","13.835882912052607","14.691025228554341","14.460781302002642","13.43577717583601","13.920390290817902","14.14380418760732","13.385669623265507","12.767267038084519","12.36964709519138","12.05491881781661","11.372065539396768","11.039870386090932","12.341690082654923","12.829315532156535","12.072669385932","11.585460142429032","11.172193797456131"],"lowVolume":false,"coinrankingUrl":"https://coinranking.com/coin/Knsels4_Ol-Ny+cosmos-atom","24hVolume":"124534377","btcPrice":"0.000404427106041048"},{"uuid":"67YlI0K1b","symbol":"TON","name":"Toncoin","color":"#0088cc","iconUrl":"https://cdn.coinranking.com/1mf2KPPah/toncoin.png","marketCap":"3070150505","price":"2.083447611253119","listedAt":1640268459,"tier":1,"change":"-3.51","rank":24,"sparkline":["2.123786539249964","2.2084741226119657","2.178193488912813","2.1563463809479853","2.2941073674427934","2.2752038093393936","2.282969611959522","2.458827011568172","2.353180534916389","2.325214083797029","2.264962472170831","2.2613982678463453","2.321875291553497","2.3626028228903047","2.4153086959773944","2.442078431613943","2.457401337689248","2.3818881196507538","2.339633413390567","2.271246506870222","2.419178546302854","2.454616808247466","2.3920547568763286","2.2650781627917","2.1100880685586114"],"lowVolume":false,"coinrankingUrl":"https://coinranking.com/coin/67YlI0K1b+toncoin-ton","24hVolume":"32524176","btcPrice":"0.000076987545304794"},{"uuid":"3mVx2FX_iJFp5","symbol":"XMR","name":"Monero","color":"#ff7519","iconUrl":"https://cdn.coinranking.com/Syz-oSd_Z/xmr.svg","marketCap":"2802956110","price":"153.95102049672258","listedAt":1422489600,"tier":1,"change":"5.85","rank":25,"sparkline":["146.37392247144805","150.00738185466557","156.32083946779625","163.89304762318753","173.54904023911385","168.59321587306334","175.5027676674329","178.69418821280007","178.15732425205874","170.8415002872039","162.63958969940293","158.9000735459995","160.9950799764843","161.97997894848984","152.39601092962693","150.55574602901493","150.1011677808215","148.81472791408348","149.00726589443758","139.84868222402224","150.65607394379938","150.74881084877973","154.06076606550363","155.23603849593283","161.77241986790608"],"lowVolume":false,"coinrankingUrl":"https://coinranking.com/coin/3mVx2FX_iJFp5+monero-xmr","24hVolume":"138553884","btcPrice":"0.005688797309418262"},{"uuid":"hnfQfsYfeIGUQ","symbol":"ETC","name":"Ethereum Classic","color":"#699070","iconUrl":"https://cdn.coinranking.com/rJfyor__W/etc.svg","marketCap":"2766430929","price":"20.019523947094576","listedAt":1469577600,"tier":1,"change":"26.29","rank":26,"sparkline":["15.618866190851826","17.185738791203608","19.917376930815426","20.419294736647178","22.25022134733549","21.39031872496141","22.259553886269913","22.015421482580713","22.012770520518366","23.267213569473657","22.17266823878771","21.033593268105864","22.04966364379787","22.865275522919926","21.682615555276605","21.212132254608843","20.72518724950604","19.94010094111652","18.80015677634974","17.178021790314265","19.681014742871792","19.939473762554208","20.69236206823956","20.528456985019183","20.144553103989235"],"lowVolume":false,"coinrankingUrl":"https://coinranking.com/coin/hnfQfsYfeIGUQ+ethereumclassic-etc","24hVolume":"435141507","btcPrice":"0.000739761344865464"},{"uuid":"CiixT63n3","symbol":"WSTETH","name":"Wrapped liquid staked Ether 2.0","color":"#70b9dc","iconUrl":"https://cdn.coinranking.com/LQg69oxqx/wstETH.PNG","marketCap":"2663087533","price":"1930.4838820921373","listedAt":1638756833,"tier":1,"change":"46.07","rank":27,"sparkline":["1304.260614035529","1341.7296052417323","1394.6864569943755","1501.9419182600495","1700.731402585987","1741.6230990905124","1777.5030192355835","1766.2579748864475","1779.710107377011","1828.469842193723","1792.8074626617358","1684.6504490726873","1841.918474957027","1866.7415787134642","1809.0173523312403","1803.4208162649174","1802.5701236927755","1746.0112296619102","1723.6847443061995","1614.0970079677054","1853.8707554401408","1922.8721372043562","1983.3295626561442","1990.9964979755757","1955.4909312612192"],"lowVolume":false,"coinrankingUrl":"https://coinranking.com/coin/CiixT63n3+wrappedliquidstakedether20-wsteth","24hVolume":"11052010","btcPrice":"0.07126698572356843"},{"uuid":"Pe93bIOD2","symbol":"LDO","name":"Lido DAO Token","color":"#77cced","iconUrl":"https://cdn.coinranking.com/Wp6LFY6ZZ/8000.png","marketCap":"2444305555","price":"2.089413042513731","listedAt":1627361901,"tier":1,"change":"106.75","rank":28,"sparkline":["0.9716849535428463","1.2710588707687351","1.6023282240486714","1.9364104960944784","2.1605892661235497","2.0953824784164397","2.420019938263394","2.3355128095532556","2.200861152473139","2.2019645089612045","2.5325300377659583","2.3947740546421254","2.8604925982461094","2.9310146231452032","2.922834924240858","3.0968131611650747","2.975450089659364","2.629887179958975","2.471977263223304","2.1985635009439606","2.64738549453181","2.4915727708325353","2.4319205807895052","2.307105657066802","2.1292918804831737"],"lowVolume":false,"coinrankingUrl":"https://coinranking.com/coin/Pe93bIOD2+lidodaotoken-ldo","24hVolume":"163085622","btcPrice":"0.000077207979889738"},{"uuid":"ZlZpzOJo43mIo","symbol":"BCH","name":"Bitcoin Cash","color":"#8dc451","iconUrl":"https://cdn.coinranking.com/By8ziihX7/bch.svg","marketCap":"2326611894","price":"121.61221378169745","listedAt":1541808000,"tier":1,"change":"19.55","rank":29,"sparkline":["97.57755945395911","100.3327989183923","102.61292737423464","112.40581708751205","124.56947556719675","123.99351689537079","131.5703494992604","134.34187228172843","134.63075685189804","136.633881717765","131.42085424466273","124.34160463027875","131.9244897266386","142.3654405896547","136.58330630255696","134.59919045946523","130.78170943876347","125.06421701420331","119.90819749073884","112.18333693450751","127.5417345901302","130.32734408601885","133.6232805767918","128.70837558452376","124.30121099224674"],"lowVolume":false,"coinrankingUrl":"https://coinranking.com/coin/ZlZpzOJo43mIo+bitcoincash-bch","24hVolume":"226717150","btcPrice":"0.004493813891726993"},{"uuid":"Z96jIvLU7","symbol":"IMX","name":"Immutable X","color":"#000000","iconUrl":"https://cdn.coinranking.com/naRGT2Y_X/10603.png","marketCap":"2099548726","price":"1.0497743650192692","listedAt":1649387294,"tier":1,"change":"153.95","rank":30,"sparkline":["0.3847704186822107","0.4041222851904696","0.4339628681696971","0.5020431591413276","0.5773859811995483","0.6040469813310597","0.684786292962305","0.6731278129281553","0.7419848137756535","0.9124073457299726","0.9939534731121973","1.016765288753297","1.137631549756612","1.0241376741227026","0.9992999573227239","0.9934076765920578","1.027531882179554","1.0363465905855158","1.0321335657937027","0.8277494900000326","1.0797244410362872","1.3523689055435333","1.3897497818675273","1.2086961923466792","1.0740232350689614"],"lowVolume":false,"coinrankingUrl":"https://coinranking.com/coin/Z96jIvLU7+immutablex-imx","24hVolume":"70092774","btcPrice":"0.000038791256881243"},{"uuid":"f3iaFeCKEmkaZ","symbol":"XLM","name":"Stellar","color":"#000000","iconUrl":"https://cdn.coinranking.com/78CxK1xsp/Stellar_symbol_black_RGB.svg","marketCap":"1885668392","price":"0.09332440143234079","listedAt":1484611200,"tier":1,"change":"26.00","rank":31,"sparkline":["0.07175428863516738","0.0734802990553083","0.07591863048824238","0.08053256944364447","0.08727116588913561","0.08612969311832964","0.09263520634138389","0.09253439463071043","0.09141121407969036","0.0922413081058038","0.0892700169169751","0.08527598694194842","0.08891151812890352","0.09307818687786062","0.09025268654392918","0.08804951769714167","0.08678032744793758","0.08389871481253537","0.08200991169229219","0.07827615146544391","0.08492567742939731","0.08595160074044943","0.08881297642545906","0.09201499829919456","0.09162770467344088"],"lowVolume":false,"coinrankingUrl":"https://coinranking.com/coin/f3iaFeCKEmkaZ+stellar-xlm","24hVolume":"114704913","btcPrice":"0.000003448522796786"},{"uuid":"DXwP4wF9ksbBO","symbol":"HT","name":"Huobi Token","color":"#2daadf","iconUrl":"https://cdn.coinranking.com/ryFpQe0c7/ht.svg","marketCap":"1820340615","price":"3.640681239611903","listedAt":1517702400,"tier":1,"change":"-32.13","rank":32,"sparkline":["5.158467551969185","5.095452872445463","4.722087996168028","4.9628211066775485","5.156084799290028","4.996134749329657","5.055571972686714","5.0871151013521425","5.218037345708926","5.663293667592382","5.31707848908894","5.108985688219482","5.168473405983859","5.599826852958947","5.335381718022056","5.287286483411884","5.134268528031502","5.023794691175949","4.840583270872916","3.9294312581770923","4.116195398154963","4.090591912285878","4.021513000802327","3.728580630355903","3.6516889571455233"],"lowVolume":false,"coinrankingUrl":"https://coinranking.com/coin/DXwP4wF9ksbBO+huobitoken-ht","24hVolume":"9249338","btcPrice":"0.000134530434248045"},{"uuid":"ymQub4fuB","symbol":"FIL","name":"Filecoin","color":"#0090ff","iconUrl":"https://cdn.coinranking.com/vUmvv-IQA/FIL3-filecoin.svg?size=48x48","marketCap":"1763586639","price":"5.387100660707239","listedAt":1602839473,"tier":1,"change":"75.45","rank":33,"sparkline":["3.010988395786375","3.2074407439834327","3.4245027535437718","3.7552915319918743","4.572277400721281","4.581650231425762","5.310011634668775","5.3783164308043485","5.335369035185138","5.467975394817017","5.226558624150754","4.9547648752964335","6.272811536781519","8.376725672737532","7.428399447238243","6.759722620333688","6.695559452991573","6.139744883125433","5.918094228566364","5.130020447780173","6.35863724234241","6.010563250772312","6.0024528150321785","5.777731442337213","5.516228650384899"],"lowVolume":false,"coinrankingUrl":"https://coinranking.com/coin/ymQub4fuB+filecoin-fil","24hVolume":"239241444","btcPrice":"0.00019906411562143"},{"uuid":"jad286TjB","symbol":"HBAR","name":"Hedera","color":"#000000","iconUrl":"https://cdn.coinranking.com/dSCnSLilQ/hedera.svg","marketCap":"1476497485","price":"0.059684863128477525","listedAt":1568704980,"tier":1,"change":"41.35","rank":34,"sparkline":["0.03813308185457638","0.0385433197244534","0.04027744784098397","0.04567630909791525","0.05251638161467721","0.06217493256089355","0.06811317206073295","0.06794021677311073","0.06634259248535958","0.07078843284743036","0.07365790768420163","0.08704688739485612","0.08716175819828473","0.08549482973246672","0.07906526294157933","0.07285036505166122","0.0678480118536456","0.06477459677448413","0.061519721348137824","0.05818371076147989","0.06379907297670824","0.06257681024097335","0.06325108321093098","0.061813578196734574","0.06034268173811143"],"lowVolume":false,"coinrankingUrl":"https://coinranking.com/coin/jad286TjB+hedera-hbar","24hVolume":"50768466","btcPrice":"0.000002205474752183"},{"uuid":"FEbS54wxo4oIl","symbol":"VET","name":"VeChain","color":"#4bc0fa","iconUrl":"https://cdn.coinranking.com/B1_TDu9Dm/VEN.svg","marketCap":"1462244750","price":"0.021902763837008184","listedAt":1533427200,"tier":1,"change":"37.07","rank":35,"sparkline":["0.015679274444642795","0.016248977520490086","0.01667440997797237","0.01828949353166311","0.020981431027357087","0.020922185023770436","0.022448894981497384","0.02408491765577573","0.02369474945258699","0.0245731506821605","0.02487872707670056","0.023453000954464166","0.025764364439525064","0.029992326055347497","0.028629068393851632","0.027795655248775742","0.026849807581908348","0.02473591506876881","0.022885914690934525","0.020441365096773384","0.0231872284452654","0.023155371660153242","0.02369488590215251","0.02326297179172825","0.02274040223384165"],"lowVolume":false,"coinrankingUrl":"https://coinranking.com/coin/FEbS54wxo4oIl+vechain-vet","24hVolume":"55703803","btcPrice":"8.09350815492e-7"},{"uuid":"08CsQa-Ov","symbol":"WEMIX","name":"WEMIX TOKEN","color":"#9bdc70","iconUrl":"https://cdn.coinranking.com/1N84MQsoO/7548.png","marketCap":"1439398074","price":"1.4393980744318537","listedAt":1638249982,"tier":1,"change":"291.81","rank":36,"sparkline":["0.3591279804814466","0.3610212359990201","0.3598213593406016","0.35986372075132095","0.4221418657711686","0.4680692957464648","0.6269997379597669","0.7387506304319722","0.825447250927471","1.324225308618705","1.2912537733953273","1.1597445477034998","1.7522500626988555","2.291552768034137","2.4529181440195362","2.302221653241306","2.1038343893226457","2.002620272730538","1.697257540925791","1.4651323308716064","1.7239529398576632","1.6838778051836354","1.543697717961839","1.4287298126309964","1.390601555605635"],"lowVolume":false,"coinrankingUrl":"https://coinranking.com/coin/08CsQa-Ov+wemixtoken-wemix","24hVolume":"10777157","btcPrice":"0.000053188630166853"},{"uuid":"HGYj5JCv5","symbol":"APT","name":"Aptos","color":"#000000","iconUrl":"https://cdn.coinranking.com/KXUaDFjqm/21794.png","marketCap":"1428807095","price":"10.990823810592092","listedAt":1666148370,"tier":1,"change":"205.60","rank":37,"sparkline":["3.326429120265349","3.7692222498409413","3.9471251960608584","5.695336640739935","7.887866999044397","9.087419634305302","13.639986981675506","18.043536616563674","17.31277769179217","16.1973195641697","14.621435870696448","13.7025902815991","14.971519371140632","13.896724874330884","13.107558003387688","12.376677993537612","12.559811903800506","11.326515248780638","10.989268129519976","10.51916835474354","12.763913894168487","12.919074357193354","12.652519008597093","12.563956632994715","11.738461919403413"],"lowVolume":false,"coinrankingUrl":"https://coinranking.com/coin/HGYj5JCv5+aptos-apt","24hVolume":"196099084","btcPrice":"0.000406132864337314"},{"uuid":"TpHE2IShQw-sJ","symbol":"ALGO","name":"Algorand","color":null,"iconUrl":"https://cdn.coinranking.com/lzbmCkUGB/algo.svg","marketCap":"1423839351","price":"0.19993889585635102","listedAt":1562082540,"tier":1,"change":"17.62","rank":38,"sparkline":["0.16837117669099297","0.1839990826603967","0.1931459449755641","0.20601952652793043","0.23139823378910848","0.22474917674905745","0.2461386481936235","0.2523966246733683","0.24651310472690405","0.2631254465480124","0.2715336519552931","0.2485855246289051","0.26787044393567744","0.2776737218703397","0.2626289500580418","0.2519889098728495","0.24188787463350395","0.22790909798559836","0.21009251313846658","0.18875425993130823","0.2118057057977597","0.21557548250822275","0.2169691529964874","0.21854834950122812","0.20751717433340894"],"lowVolume":false,"coinrankingUrl":"https://coinranking.com/coin/TpHE2IShQw-sJ+algorand-algo","24hVolume":"66557387","btcPrice":"0.00000738814104074"},{"uuid":"aMNLwaUbY","symbol":"ICP","name":"Internet Computer (DFINITY)","color":"#00042b","iconUrl":"https://cdn.coinranking.com/1uJ_RVrmC/dfinity-icp.png","marketCap":"1423791373","price":"4.777168749231911","listedAt":1601555742,"tier":1,"change":"24.59","rank":39,"sparkline":["4.0202880310043545","3.9748882089149307","4.024204557809374","4.33444550720617","5.074766044425267","5.2512255977742015","5.699942470039807","5.96430133895355","5.902325005804544","5.759748209056264","5.519570338794787","5.353708553038957","6.458349542193327","7.183857270441156","6.510902569574243","6.1004966177753355","5.8415388881104215","5.418012596338511","5.195690129961215","4.7876687150126624","5.381046016617554","5.378979230574274","5.309600257016509","5.13000985988893","4.913798820819054"],"lowVolume":false,"coinrankingUrl":"https://coinranking.com/coin/aMNLwaUbY+internetcomputerdfinity-icp","24hVolume":"52659765","btcPrice":"0.000176525914797986"},{"uuid":"pxtKbG5rg","symbol":"SAND","name":"The Sandbox","color":"#00adef","iconUrl":"https://cdn.coinranking.com/kd_vwOcnI/sandbox.png","marketCap":"1410664065","price":"0.6010561301598364","listedAt":1613583024,"tier":1,"change":"37.05","rank":40,"sparkline":["0.39055681516559426","0.417919580055213","0.4663211073472658","0.5267872739601511","0.6881693031607078","0.7313599161537344","0.7825400218414331","0.7472515970979716","0.7411523059871193","0.7519039779712238","0.7847599636325928","0.7089083300685185","0.7537442847949543","0.7921469031370136","0.7368522593484526","0.7072322322973388","0.6759683812898476","0.6271535937118545","0.5916062838762521","0.5309469665442066","0.6161136764828424","0.6365469453018471","0.6765837951696987","0.6511212699144646","0.6242805659673443"],"lowVolume":false,"coinrankingUrl":"https://coinranking.com/coin/pxtKbG5rg+thesandbox-sand","24hVolume":"107071614","btcPrice":"0.000022210222998395"},{"uuid":"KfWtaeV1W","symbol":"FRAX","name":"Frax","color":"#000000","iconUrl":"https://cdn.coinranking.com/BpVNCX-NM/frax.png","marketCap":"1410303933","price":"0.9997517805281315","listedAt":1615299931,"tier":1,"change":"0.05","rank":41,"sparkline":["0.9994190055559191","0.9994133905362352","0.9996277824802294","0.998729466056941","0.9986172981668896","0.999412626401753","0.9999324173657016","0.9999417322090354","0.9998539175905884","1.0009301144934517","1.0006109296866657","1.0001885756094875","0.9992830410761074","1.0017433859423412","1.0001608774069841","0.9995735237382967","1.0004400140746037","1.001415896050341","1.000734789984128","0.9718644886964446","0.9964777920646077","0.9994859216912996","0.9999536763030779","1.0000876364423752","1.0005827640643017"],"lowVolume":false,"coinrankingUrl":"https://coinranking.com/coin/KfWtaeV1W+frax-frax","24hVolume":"1371880","btcPrice":"0.00003694411480596"},{"uuid":"Hm3OlynlC","symbol":"TWT","name":"Trust Wallet Token","color":"#3375bb","iconUrl":"https://cdn.coinranking.com/cZ5j4jiOk/trust-wallet-token.svg","marketCap":"1330760209","price":"1.096179778756282","listedAt":1610717385,"tier":1,"change":"-18.35","rank":42,"sparkline":["1.3621747735693663","1.451844980887537","1.424255128350027","1.4766055413416779","1.5577399754981809","1.4791842841051306","1.515948040358256","1.6525113057326168","1.675504684873417","1.6488032422207464","1.5212799322044535","1.4196202658200494","1.4633267929240548","1.4709912248992838","1.403501985175767","1.365892666985172","1.303509702132449","1.3413162403313659","1.2233116967679547","1.1513016345581537","1.2573851753769392","1.2568965251848623","1.2329510466070015","1.1979751201568474","1.1788923989551736"],"lowVolume":false,"coinrankingUrl":"https://coinranking.com/coin/Hm3OlynlC+trustwallettoken-twt","24hVolume":"37460851","btcPrice":"0.000040506029488516"},{"uuid":"3nNpuxHJ8","symbol":"FXS","name":"Frax Share","color":"#000000","iconUrl":"https://cdn.coinranking.com/_UuWZ5htj/FS.png","marketCap":"1310848836","price":"7.510278463213208","listedAt":1640985232,"tier":1,"change":"65.65","rank":43,"sparkline":["4.250156197185083","4.815619266773677","5.280713513585047","5.810325616317708","8.094475688716743","9.829984167123166","10.289712246628218","10.766163321496219","10.478800986497081","10.713559283850492","12.30999881785689","10.198870984783772","10.911117476598307","10.67056965442799","10.559209048215223","10.718539207051785","11.209135146726299","9.838009615401477","9.159330989504367","7.756941690614232","8.810476816857808","8.569858143506941","8.278638692842462","8.047141522439908","7.769130919748993"],"lowVolume":false,"coinrankingUrl":"https://coinranking.com/coin/3nNpuxHJ8+fraxshare-fxs","24hVolume":"20100198","btcPrice":"0.000277519770746948"},{"uuid":"SbWqqTui-","symbol":"ENS","name":"EnergySwap","color":"#ffda55","iconUrl":"https://cdn.coinranking.com/fmYxEUV5a/cropped-logo37-Converted-01-192x192.png","marketCap":"1283057380","price":"12.830573800385489","listedAt":1626134763,"tier":1,"change":"14.74","rank":44,"sparkline":["10.750696557786126","11.37793704005578","11.681626574767765","12.452353024932624","14.125031412707866","14.32425294338773","14.61628404974151","15.888643491965196","16.020894424290486","15.801924335465316","15.039233463526852","14.09218349810236","15.263825164947155","16.671902901093915","15.987308780204758","15.93182190476406","15.295497184687203","13.968556975308202","13.379532233950467","12.196558897428455","13.3244308730209","14.00908147046547","14.156094007866038","13.816428115977411","13.138209979157626"],"lowVolume":false,"coinrankingUrl":"https://coinranking.com/coin/SbWqqTui-+energyswap-ens","24hVolume":"4863657","btcPrice":"0.000473632543507718"},{"uuid":"ncYFcP709","symbol":"CAKE","name":"PancakeSwap","color":"#fe9555","iconUrl":"https://cdn.coinranking.com/aRtgdw7bQ/pancakeswap-cake-logo.png","marketCap":"1246339585","price":"3.584828431853165","listedAt":1613642379,"tier":1,"change":"8.26","rank":45,"sparkline":["3.1742312392914727","3.2322672846082123","3.335567986757454","3.4477043338102624","3.7282969968786714","3.6864090572967076","3.917659778816284","4.006469570233587","4.07114822189486","4.3994413966180135","4.438906728189936","4.071235164943257","4.132200666914327","4.190342374336784","4.0488463704445765","3.99981974510638","3.884516122728727","3.7874309873774363","3.7336114649963004","3.530111655038263","3.79144985749542","3.876485963011888","3.8501740987924826","3.7556029505487234","3.705593651401223"],"lowVolume":false,"coinrankingUrl":"https://coinranking.com/coin/ncYFcP709+pancakeswap-cake","24hVolume":"40615549","btcPrice":"0.000132466561585972"},{"uuid":"tEf7-dnwV3BXS","symbol":"MANA","name":"Decentraland","color":"#f47e33","iconUrl":"https://cdn.coinranking.com/ph_svUzXs/decentraland(1).svg","marketCap":"1243190121","price":"0.5668416108383137","listedAt":1500336000,"tier":1,"change":"76.21","rank":46,"sparkline":["0.2959189778649114","0.31564224794568824","0.35674426947515636","0.41285240670376244","0.6534064843627717","0.6796408902377484","0.7098249280252351","0.7010378096707837","0.7620686432439385","0.7638329394739077","0.7340070154428433","0.6658276086375527","0.7093184952891728","0.7177719058198218","0.6812125566362309","0.6521812790653045","0.6292465370980079","0.5918291358006212","0.5710120800300433","0.5198708934329457","0.591513434147189","0.6051547041105874","0.6250100154312634","0.6013535164986967","0.5833813698718593"],"lowVolume":false,"coinrankingUrl":"https://coinranking.com/coin/tEf7-dnwV3BXS+decentraland-mana","24hVolume":"80919713","btcPrice":"0.000020945928258215"},{"uuid":"bauj_21eYVwso","symbol":"QNT","name":"Quant","color":"#585e63","iconUrl":"https://cdn.coinranking.com/a-i9Dl392/quant.png","marketCap":"1163596560","price":"119.01078786788909","listedAt":1533945600,"tier":1,"change":"3.78","rank":47,"sparkline":["107.80197733726284","110.05235055827728","113.85194302717528","121.34540782775679","134.5884967371342","139.18739987071345","147.40351648006828","150.9155002196365","144.3631916659259","142.1852255016549","137.12229486808118","132.83971684254269","141.30054138545228","138.19029827982308","133.55224053263308","129.14559182468244","126.22975402151363","126.24007251565746","119.59820524601314","116.91149372381203","127.06403849031699","128.0112209674433","130.16064754174246","126.41425946619748","122.01235226074213"],"lowVolume":false,"coinrankingUrl":"https://coinranking.com/coin/bauj_21eYVwso+quant-qnt","24hVolume":"26256020","btcPrice":"0.004397686014877752"},{"uuid":"DCrsaMv68","symbol":"NEAR","name":"NEAR Protocol","color":"#000000","iconUrl":"https://cdn.coinranking.com/Cth83dCnl/near.png","marketCap":"1126953711","price":"1.8540169777076094","listedAt":1615164591,"tier":1,"change":"36.21","rank":48,"sparkline":["1.2774421815636718","1.4192637872151115","1.5851281137120283","1.7254506810252905","2.192262833365577","2.171974747685649","2.482375261708062","2.527741870818314","2.377585501638461","2.449823912527198","2.4315104773592036","2.2291598896826734","2.4365172805732787","2.5898386240502282","2.397553947197199","2.317358216361931","2.22739358871556","2.0637203463029037","1.9356936340703064","1.7924243457912588","2.0341269023095903","2.050946775397639","2.07894593029434","2.0056184159088315","1.9337529846830253"],"lowVolume":false,"coinrankingUrl":"https://coinranking.com/coin/DCrsaMv68+nearprotocol-near","24hVolume":"102502625","btcPrice":"0.000068509625726212"},{"uuid":"iAzbfXiBBKkR6","symbol":"EOS","name":"EOS","color":"#443f54","iconUrl":"https://cdn.coinranking.com/PqOYrWSje/eos2.svg","marketCap":"1090970709","price":"1.1036459353904409","listedAt":1498694400,"tier":1,"change":"23.53","rank":49,"sparkline":["0.8652774661150167","0.8900457504896109","0.9015596691327317","0.9630531170610931","1.0474800367922577","1.0037641691000074","1.0766668449960761","1.100075050302467","1.0689724479730156","1.0938464101975818","1.0811475787713634","1.0418645336445964","1.124809383432496","1.2376835888429278","1.1558663044274","1.1315164513968003","1.207389925240784","1.2413644543042366","1.159707486567677","1.0156477669897097","1.080539912095778","1.103999237208845","1.1618769854269935","1.150075677517213","1.1308689963054026"],"lowVolume":false,"coinrankingUrl":"https://coinranking.com/coin/iAzbfXiBBKkR6+eos-eos","24hVolume":"287366467","btcPrice":"0.000040781918869665"},{"uuid":"65PHZTpmE55b","symbol":"CRO","name":"Cronos","color":"#01275d","iconUrl":"https://cdn.coinranking.com/2o91jm73M/cro.svg","marketCap":"1085270171","price":"0.06649114387570305","listedAt":1548953220,"tier":1,"change":"14.45","rank":50,"sparkline":["0.056756147180641967","0.058068454232397","0.06135720937031606","0.0652442057881627","0.07665583876861336","0.07517404197129987","0.07945105815048069","0.08097882972680467","0.07936168110952935","0.08160126909541","0.08056832014223084","0.07537355180493084","0.07885672302017449","0.08331654105933699","0.08155961148532448","0.07977268278092549","0.07656280542780754","0.0729478622583918","0.06890378199940742","0.06358711290687236","0.07114987430583763","0.07161785865924701","0.07181891413814649","0.06967717453856442","0.06838353996536405"],"lowVolume":false,"coinrankingUrl":"https://coinranking.com/coin/65PHZTpmE55b+cronos-cro","24hVolume":"17536746","btcPrice":"0.000002456980402987"},{"uuid":"JCKLgWPAF","symbol":"USDP","name":"Pax Dollar","color":"#2ac27a","iconUrl":"https://cdn.coinranking.com/KUd2bJXdn/3330.png","marketCap":"1016441084","price":"1.000485622419868","listedAt":1650960626,"tier":1,"change":"0.50","rank":51,"sparkline":["0.9974055822814228","0.9970465063017987","0.9977654867736704","0.9944040490542149","0.9933116645342626","0.9959974322339846","0.9967148538975659","0.9974898351587297","0.9954844122450022","0.9967039480366179","0.994107315992272","0.9979018559209234","0.9919352466276549","0.9956269078234036","0.9940514304825784","0.9946646144323328","0.9926329889804504","1.0015564524510219","1.0011892115605845","0.9938980911627215","0.9971383484266517","0.9998095936137982","1.0008369435765434","1.0011792203316585","1.000525191993323"],"lowVolume":false,"coinrankingUrl":"https://coinranking.com/coin/JCKLgWPAF+paxdollar-usdp","24hVolume":"10696515","btcPrice":"0.000036969939520829"},{"uuid":"ixgUfzmLR","symbol":"AAVE","name":"Aave","color":"#B6509E","iconUrl":"https://cdn.coinranking.com/4bpYKqV4X/AAVE.png","marketCap":"1010181016","price":"69.8864828953323","listedAt":1603447311,"tier":1,"change":"21.76","rank":52,"sparkline":["52.93051382398204","54.32911736019853","57.645677372197554","64.42611655088812","79.01375970679992","83.43289666627568","84.99994035896717","86.73866110892735","84.82345505082587","88.18112000735294","84.20098114373543","79.56508098330663","86.82239651675725","89.24896478638964","83.46964346236813","80.42578311999247","79.3898461715678","76.32143591113712","74.02255194530738","67.45186502512371","76.4076988866771","77.37412743784265","78.31455613855523","76.51016047260022","71.96718299757006"],"lowVolume":false,"coinrankingUrl":"https://coinranking.com/coin/ixgUfzmLR+aave-aave","24hVolume":"77579399","btcPrice":"0.00258244495279676"},{"uuid":"fsIbGOEJWbzxG","symbol":"XTZ","name":"Tezos","color":"#2c7df7","iconUrl":"https://cdn.coinranking.com/HkLUdilQ7/xtz.svg","marketCap":"993233615","price":"1.0826293006222885","listedAt":1530662400,"tier":1,"change":"40.25","rank":53,"sparkline":["0.720868683265182","0.750165981683164","0.794404986781118","0.8536051211854374","1.0157359840930127","1.027808130258565","1.1024258534387092","1.114960047088301","1.0837841340531704","1.1574550821339362","1.1641778764070472","1.0628850061168016","1.1330674799024638","1.2440041577699823","1.2971065705988614","1.1926698293876794","1.1532753918368308","1.130158093050096","1.0737486528876337","0.9953448579609637","1.13136465738161","1.2081428130552134","1.204254821578487","1.1515577925815474","1.1200193321979255"],"lowVolume":false,"coinrankingUrl":"https://coinranking.com/coin/fsIbGOEJWbzxG+tezos-xtz","24hVolume":"33169364","btcPrice":"0.000040005312290922"},{"uuid":"omwkOTglq","symbol":"EGLD","name":"Elrond","color":"#000000","iconUrl":"https://cdn.coinranking.com/X62ruAuZQ/Elrond.svg","marketCap":"986242028","price":"41.297001744047385","listedAt":1612524044,"tier":1,"change":"21.70","rank":54,"sparkline":["33.06212845957901","33.636333208650186","34.594604571966116","36.207570464580115","40.48111647023918","41.29883569640041","43.35745998272814","44.373005305486785","43.53055073747641","45.601690324563336","45.069211733963456","43.17393167691006","48.29397620953292","51.803609943629574","49.42370229655504","48.97612359206666","46.332254816969474","43.40580501629089","41.163446502686085","38.16407504604844","42.47950336644312","42.67220534385196","44.40393119571879","43.106289159727744","42.278872265412694"],"lowVolume":false,"coinrankingUrl":"https://coinranking.com/coin/omwkOTglq+elrond-egld","24hVolume":"25986804","btcPrice":"0.001526006593854176"},{"uuid":"B42IRxNtoYmwK","symbol":"THETA","name":"Theta Token","color":"#1b1f2a","iconUrl":"https://cdn.coinranking.com/HJHg2k9Lf/theta.svg","marketCap":"973791634","price":"0.9738000461259165","listedAt":1516233600,"tier":1,"change":"28.67","rank":55,"sparkline":["0.7281500122760878","0.7484200662002517","0.773448144936646","0.8251649025236008","0.9228814115271605","0.9367657851855995","1.046799074659816","1.0866878335047419","1.047538239110398","1.1077033730016552","1.1210264700825328","1.0558268674367755","1.166292607946862","1.2271965642011964","1.2065163755430923","1.1888952352271482","1.1370386399722818","1.0207169394715645","0.9804698423821967","0.904744038440365","1.0319514520073727","1.0472797445525481","1.0477241624756657","1.0253718044248332","1.0029354030012367"],"lowVolume":false,"coinrankingUrl":"https://coinranking.com/coin/B42IRxNtoYmwK+thetatoken-theta","24hVolume":"35784480","btcPrice":"0.000035983854244282"},{"uuid":"QQ0NCmjVq","symbol":"FLOW","name":"Flow","color":"#00ef8b","iconUrl":"https://cdn.coinranking.com/xh8X8QBss/flow.png","marketCap":"951015035","price":"0.9177910007674391","listedAt":1614963736,"tier":1,"change":"24.16","rank":56,"sparkline":["0.6619377654757589","0.7047671952331567","0.7173741335988576","0.8305740327802511","1.0530178778306907","1.0405908123467826","1.1484238204536417","1.0944483388494906","1.0605841011032644","1.134635669675036","1.1038113683130222","1.028749777484963","1.1957962452197775","1.335017438980516","1.2205892820396846","1.2021487956308354","1.1359414195927031","1.0575315552684879","0.9854822847803745","0.868449047113249","0.9965165082237163","1.0312766381536855","1.068874046407891","1.0119898848317226","0.9597801680280214"],"lowVolume":false,"coinrankingUrl":"https://coinranking.com/coin/QQ0NCmjVq+flow-flow","24hVolume":"28398787","btcPrice":"0.000033914208291235"},{"uuid":"GSCt2y6YSgO26","symbol":"CHZ","name":"Chiliz","color":"#d05e72","iconUrl":"https://cdn.coinranking.com/gTsOlSnwR/4066.png","marketCap":"872616455","price":"0.11399560758067621","listedAt":1562332440,"tier":1,"change":"5.97","rank":57,"sparkline":["0.10116484392655951","0.10490572878903086","0.11013142799465973","0.12252868215276808","0.13685018324068385","0.13149187660610012","0.13907537389516159","0.13800020716657793","0.1366778619320109","0.14289032486497283","0.1501854128351629","0.13366462197817505","0.13936105553253278","0.14204807251449306","0.13757789686208463","0.134464613694659","0.13235208405607507","0.12372918629823443","0.11715753534096467","0.10861715419857915","0.11875538283113761","0.11997919396163356","0.1207704934885422","0.1212514803541255","0.11907720077302505"],"lowVolume":false,"coinrankingUrl":"https://coinranking.com/coin/GSCt2y6YSgO26+chiliz-chz","24hVolume":"61616083","btcPrice":"0.000004212365098965"},{"uuid":"cVaOmQWainv7g","symbol":"NEO","name":"NEO","color":"#aedb00","iconUrl":"https://cdn.coinranking.com/MgUNVQCeN/neo.svg","marketCap":"866949338","price":"12.29192312562921","listedAt":1501891200,"tier":1,"change":"97.66","rank":58,"sparkline":["6.1575795036324905","6.521775507959091","6.632035502332063","6.977445962384983","7.654024944351116","7.643758223876985","8.053707731036301","8.277461994704995","8.315431118004257","8.858124466606933","9.147063672768928","8.66046009507498","9.307809490614947","12.655394022439127","12.305588927360358","12.640751003345045","12.253359023299552","12.080560442210624","11.112121174056396","9.614110690728678","11.083998837447066","11.633206591878087","12.571632089961287","12.370856281507317","12.27595471447854"],"lowVolume":false,"coinrankingUrl":"https://coinranking.com/coin/cVaOmQWainv7g+neo-neo","24hVolume":"160062720","btcPrice":"0.000454211079465655"},{"uuid":"ZO4D7EBy3","symbol":"SENSO","name":"SENSO","color":"#000000","iconUrl":"https://cdn.coinranking.com/TQFMWwtyn/senso.svg","marketCap":"846954741","price":"0.1431808369521252","listedAt":1599491460,"tier":1,"change":"3.01","rank":59,"sparkline":["0.13676222926184153","0.13930927388118775","0.14451813031086522","0.15891532186805254","0.1697168166061866","0.16781547038967035","0.1646968712273607","0.1586166184011278","0.16099219816634128","0.19087988768447506","0.19885232065279032","0.1773554898977693","0.18197350251924763","0.17381971781357272","0.1635311244225166","0.157901468164798","0.161524722568082","0.15565135033477467","0.14855605669875985","0.14097168502960242","0.14722864634093719","0.14022002864908642","0.13796838439281697","0.13022971569169586","0.1401613126114654"],"lowVolume":true,"coinrankingUrl":"https://coinranking.com/coin/ZO4D7EBy3+senso-senso","24hVolume":"473902","btcPrice":"0.000005290817543043"},{"uuid":"mMPrMcB7","symbol":"STX","name":"Stacks","color":"#584dce","iconUrl":"https://cdn.coinranking.com/9gM7CG7Gp/4847.png","marketCap":"816430097","price":"0.8893373156285597","listedAt":1574174220,"tier":1,"change":"300.71","rank":60,"sparkline":["0.2099741735581112","0.21687339569286432","0.22100099918500085","0.23813731948670513","0.2683784182086134","0.26354832967059116","0.28183920441403343","0.2867509078464216","0.27967646613997477","0.300003190171952","0.2999865262060286","0.29346815720819514","0.3347071247958233","0.6080992447986293","0.7651421235977867","0.8446710431576583","0.9173439199785571","0.7543819131708441","0.6545833982703944","0.5898440161907382","0.8731587675962853","1.0598165190800646","1.1799317411706784","1.1303991691930944","0.9644575185188011"],"lowVolume":false,"coinrankingUrl":"https://coinranking.com/coin/mMPrMcB7+stacks-stx","24hVolume":"185750398","btcPrice":"0.000032862787865838"}]}}
[{"symbol":"BTC","marketCap":"520125154328","color":"#f7931A","change":"62.03","btcPrice":"1","listedAt":1330214400,"uuid":"Qwsogvtv82FCd","sparkline":["16564.711793822305","16755.12471027908","16988.6126845642","18028.33433303559","20941.55467867956","21541.5740121234","22840.60848898794","23144.751796350574","23319.66300255183","23276.170724196436","22626.964414757498","21809.49725841448","23982.01542035537","24560.11959962906","23629.418743321243","23376.72090035938","23176.86334341865","22434.185136487333","21960.73691164723","20375.77538211136","24195.292571766895","26151.352817748448","27832.939935881954","27996.03718525181","27637.68784357177"],"24hVolume":"19857734992","tier":1,"coinrankingUrl":"https:\/\/coinranking.com\/coin\/Qwsogvtv82FCd+bitcoin-btc","price":"27062.138466744855","name":"Bitcoin","lowVolume":false,"rank":1,"iconUrl":"https:\/\/cdn.coinranking.com\/bOabBYkcX\/bitcoin_btc.svg"},{"symbol":"ETH","marketCap":"211115304122","color":"#3C3C3D","change":"42.86","btcPrice":"0.06393010881170579","listedAt":1438905600,"uuid":"razxDUgYGNAdQ","sparkline":["1196.6342608048294","1231.024582930828","1275.790125856361","1370.988021933886","1551.3606107924163","1581.0252107926224","1610.6800277999055","1598.129855902792","1610.0805397440295","1652.4427563393085","1617.5119353560633","1519.5869144207961","1658.9926061827662","1680.168333619516","1629.6329605370563","1625.7207223462144","1622.102357061756","1570.5306758087108","1547.69537605502","1454.4524952815361","1670.402176257337","1731.0880307531695","1781.2693600742855","1783.7254841145636","1754.0492709206749"],"24hVolume":"8503046200","tier":1,"coinrankingUrl":"https:\/\/coinranking.com\/coin\/razxDUgYGNAdQ+ethereum-eth","price":"1730.085456856447","name":"Ethereum","lowVolume":false,"rank":2,"iconUrl":"https:\/\/cdn.coinranking.com\/rk4RKHOuW\/eth.svg"},{"symbol":"USDT","marketCap":"65451439261","color":"#22a079","change":"0.18","btcPrice":"0.000037002173202591","listedAt":1420761600,"uuid":"HIVsRcGKkPFtW","sparkline":["0.9999097095241204","0.9997293568644747","1.0001079270359885","0.9994156786766875","0.9994040475031002","1.0001562666340498","1.0007174769860778","1.0007362666371613","1.0006886185361612","1.0015903839425067","1.0013478886929823","1.001179795225392","0.9999374205766782","1.0024170228517406","1.001205201068702","1.0006550718350151","1.0013558443973705","1.002049625562988","1.0012550831354654","1.0054750230276548","1.003189612970796","1.0024310235963492","1.0036276098071426","1.0029717682505164","1.0020787205301702"],"24hVolume":"68514425578","tier":1,"coinrankingUrl":"https:\/\/coinranking.com\/coin\/HIVsRcGKkPFtW+tetherusd-usdt","price":"1.001357934778986","name":"Tether USD","lowVolume":false,"rank":3,"iconUrl":"https:\/\/cdn.coinranking.com\/mgHqwlCLj\/usdt.svg"},{"symbol":"BNB","marketCap":"44322830835","color":"#e8b342","change":"25.90","btcPrice":"0.011468065739202248","listedAt":1503014400,"uuid":"WcwrkfNI4FUAe","sparkline":["245.2867475006277","250.88726082490413","265.032125397646","281.34181958552244","301.4374010089009","296.37094839676587","305.9123978002886","308.1378489093792","315.1379506307254","329.1149848538576","321.5064322667097","303.2899760255326","311.8440483223535","313.7985491494014","306.5449111035174","304.55333990622137","298.0418269711843","289.64068126439264","288.0109226716272","276.86669167438464","306.9372880463876","331.02115501590185","337.06590811090064","327.0005759970154","323.983917451738"],"24hVolume":"874142417","tier":1,"coinrankingUrl":"https:\/\/coinranking.com\/coin\/WcwrkfNI4FUAe+bnb-bnb","price":"310.3503829800239","name":"BNB","lowVolume":false,"rank":4,"iconUrl":"https:\/\/cdn.coinranking.com\/B1N19L_dZ\/bnb.svg"},{"symbol":"USDC","marketCap":"43806822236","color":"#7894b4","change":"0.08","btcPrice":"0.000036976343581288","listedAt":1539043200,"uuid":"aKzUVe4Hh_CON","sparkline":["1.0003392975512597","1.00003783069093","1.0002035865308256","0.999101396625901","0.9990665034606611","1.0000278058074528","1.0004621565614475","1.000504114153933","1.000475248262395","1.0013438076667496","1.0011045431135523","1.0007378513284575","0.999774593552196","1.002093794091126","1.0010501102015588","1.0004761332261582","1.0011372085623855","1.001812251028402","1.001135310963296","0.969005639717318","0.9968125329676272","0.999760706591302","1.000269286284327","1.0005695818058147","1.0010586109911608"],"24hVolume":"3499498506","tier":1,"coinrankingUrl":"https:\/\/coinranking.com\/coin\/aKzUVe4Hh_CON+usdc-usdc","price":"1.000658929990737","name":"USDC","lowVolume":false,"rank":5,"iconUrl":"https:\/\/cdn.coinranking.com\/jkDf8sQbY\/usdc.svg"},{"symbol":"XRP","marketCap":"24523431974","color":"#000000","change":"32.70","btcPrice":"0.000018016153302579","listedAt":1421798400,"uuid":"-l8Mn2pVlRs-p","sparkline":["0.3413651777612705","0.34428264127061947","0.34322602354407","0.3650651085499366","0.3893657442702625","0.3945557127249277","0.4133413734334293","0.4106359649191764","0.4052799383935266","0.40701165097396313","0.39392049872698326","0.3769501490824057","0.39224156675157024","0.3935230388305631","0.3848953172834828","0.3771458598608749","0.3760902856673639","0.37170893146018597","0.3830493562195597","0.36602246596847227","0.3705627727235989","0.3722839200309943","0.3951234379856812","0.4384662660371285","0.4544357022019162"],"24hVolume":"3092864754","tier":1,"coinrankingUrl":"https:\/\/coinranking.com\/coin\/-l8Mn2pVlRs-p+xrp-xrp","price":"0.487555635312483","name":"XRP","lowVolume":false,"rank":6,"iconUrl":"https:\/\/cdn.coinranking.com\/B1oPuTyfX\/xrp.svg"},{"symbol":"ADA","marketCap":"12314330584","color":"#3cc8c8","change":"35.01","btcPrice":"0.000012984414588876","listedAt":1506902400,"uuid":"qzawljRxB5bYu","sparkline":["0.24525732767094086","0.25910919811121785","0.2885203800959078","0.3222810437308444","0.3506346313504987","0.3469724574347447","0.3720741641180377","0.38349126652545396","0.3878441076291805","0.3980204012007056","0.38267310861096804","0.36380986082046834","0.3994114705143097","0.39843976932274433","0.37595053075817764","0.3629443127119832","0.3504571506663878","0.337980712337877","0.32341491031683883","0.3104362632827193","0.3414714809655361","0.33681284396542077","0.3448568218209698","0.3685277122879791","0.35454849944848027"],"24hVolume":"297164333","tier":1,"coinrankingUrl":"https:\/\/coinranking.com\/coin\/qzawljRxB5bYu+cardano-ada","price":"0.3513860255137933","name":"Cardano","lowVolume":false,"rank":7,"iconUrl":"https:\/\/cdn.coinranking.com\/ryY28nXhW\/ada.svg"},{"symbol":"OKB","marketCap":"10502787009","color":"#2d60e0","change":"81.23","btcPrice":"0.001607334430364019","listedAt":1538524800,"uuid":"PDKcptVnzJTmN","sparkline":["25.401409143780143","28.50056922879854","27.029903081235155","28.019595807575445","31.727397453158847","32.3211135031579","36.12292532840011","37.507663638628046","38.32087689614793","42.39948553392621","43.01004310549463","40.83661440826905","49.17284734634669","51.97066863650799","50.80819655989857","52.065320282213044","50.4128419051851","49.43276813658823","43.848997074380705","39.869433904701154","47.11108369149255","48.34398139513549","46.80719868041876","44.74702988554517","42.080650985860984"],"24hVolume":"57686190","tier":1,"coinrankingUrl":"https:\/\/coinranking.com\/coin\/PDKcptVnzJTmN+okb-okb","price":"43.49790691687754","name":"OKB","lowVolume":false,"rank":8,"iconUrl":"https:\/\/cdn.coinranking.com\/xcZdYtX6E\/okx.png"},{"symbol":"DOGE","marketCap":"9962661641","color":"#c2a633","change":"-1.23","btcPrice":"0.000002690341158869","listedAt":1391212800,"uuid":"a91GCGd_u96cF","sparkline":["0.0697352362553933","0.0718876997312201","0.07298900891721641","0.07812117989320094","0.08518382173939637","0.08376516190930999","0.0873484128142957","0.08760205014967554","0.0917623378739598","0.09321593162522582","0.08791641582061024","0.08232695037277822","0.08746304227150697","0.08714407720843381","0.08314386556817321","0.081480034794314","0.0796854559435723","0.07532088106223384","0.07276619010717272","0.06606811823552473","0.07262903171996138","0.07387306658518056","0.07410616620413876","0.07579826904868292","0.07431832696170383"],"24hVolume":"614104596","tier":1,"coinrankingUrl":"https:\/\/coinranking.com\/coin\/a91GCGd_u96cF+dogecoin-doge","price":"0.07280638496408677","name":"Dogecoin","lowVolume":false,"rank":9,"iconUrl":"https:\/\/cdn.coinranking.com\/H1arXIuOZ\/doge.svg"},{"symbol":"MATIC","marketCap":"9531611455","color":"#8247e5","change":"30.38","btcPrice":"0.000038828724842152","listedAt":1558961160,"uuid":"uW2tk-ILY0ii","sparkline":["0.7642708504140843","0.7875186735223658","0.8132602470544947","0.8776893676315887","0.9946974068215326","0.9775848875269607","0.9909956322686644","1.1142558022163944","1.140361899774906","1.220535571673749","1.2718955258909745","1.2241887824326327","1.405988291318224","1.4460533202702117","1.3161597514866996","1.2491020943200175","1.2082664755488113","1.141153616083637","1.101862175563626","1.044545031433537","1.1706909815906166","1.1795366627560961","1.155428633332851","1.1265733963039015","1.0871754725875493"],"24hVolume":"708900376","tier":1,"coinrankingUrl":"https:\/\/coinranking.com\/coin\/uW2tk-ILY0ii+polygon-matic","price":"1.0507883281654542","name":"Polygon","lowVolume":false,"rank":10,"iconUrl":"https:\/\/cdn.coinranking.com\/M-pwilaq-\/polygon-matic-logo.svg"},{"symbol":"BUSD","marketCap":"7833985789","color":"#f0b90b","change":"0.06","btcPrice":"0.000036972623076169","listedAt":1563197940,"uuid":"vSo2fu9iE1s0Y","sparkline":["1.0004719763534715","1.0001336978148518","1.0004020993242528","0.9994606904642935","0.9992503660263454","1.0001758855023752","1.0006816914830547","1.0006734743060486","1.0007209486011894","1.0015329709861627","1.0013568619414375","1.0007303545780766","0.9998396829073775","1.0025541495320065","1.001301664600108","1.0007566230528846","1.0013734774553595","1.002101144988388","1.0014864833357642","1.0013861043629446","0.999613097384761","1.0004893084144517","1.001381275356148","1.0012649516775909","1.0013079357647046"],"24hVolume":"4019635110","tier":1,"coinrankingUrl":"https:\/\/coinranking.com\/coin\/vSo2fu9iE1s0Y+binanceusd-busd","price":"1.0005232482991562","name":"Binance USD","lowVolume":false,"rank":11,"iconUrl":"https:\/\/cdn.coinranking.com\/6SJHRfClq\/busd.svg"},{"symbol":"SOL","marketCap":"7267151748","color":"#000000","change":"80.43","btcPrice":"0.000739447323828213","listedAt":1586539320,"uuid":"zNZHO_Sjf","sparkline":["9.689710067966002","12.44482161595553","14.053933474980111","16.325973254212002","23.08016278354955","22.72330068272755","24.31847690806633","24.425957492896888","24.36880012510223","24.105737395000887","22.51700873971957","20.917235614931673","22.994796913812312","24.92696372971913","23.449960320570177","22.698711151040687","21.92199258317885","21.08800567915563","19.352959847242424","17.85227024614344","20.373208708275072","20.639898801036317","22.385373188166913","21.864438673462793","20.61555753746181"],"24hVolume":"507678930","tier":1,"coinrankingUrl":"https:\/\/coinranking.com\/coin\/zNZHO_Sjf+solana-sol","price":"20.011025866303022","name":"Solana","lowVolume":false,"rank":12,"iconUrl":"https:\/\/cdn.coinranking.com\/yvUG4Qex5\/solana.svg"},{"symbol":"DOT","marketCap":"7129169710","color":"#d64cA8","change":"31.50","btcPrice":"0.000217593262122576","listedAt":1598365200,"uuid":"25W7FG7om","sparkline":["4.3162035644295145","4.55070432649292","4.7301688548537415","5.046995747932821","5.917087076179349","5.958276568667357","6.3714963787654835","6.481670963403038","6.356571344156155","6.796978669746858","6.618634330166232","6.187048585113188","6.745907273717243","7.3658331751342985","6.895460336742087","6.567432964555583","6.305622603415766","5.981266688686514","5.740155694347929","5.476223938724452","6.113534559814509","6.307000091544982","6.346519852952662","6.2140851276453475","5.993262768706867"],"24hVolume":"205757447","tier":1,"coinrankingUrl":"https:\/\/coinranking.com\/coin\/25W7FG7om+polkadot-dot","price":"5.88853898899187","name":"Polkadot","lowVolume":false,"rank":13,"iconUrl":"https:\/\/cdn.coinranking.com\/RsljYqnbu\/polkadot.svg"},{"symbol":"WETH","marketCap":"7016361512","color":"#303030","change":"42.95","btcPrice":"0.06393463271522555","listedAt":1600259445,"uuid":"Mtfb0obXVh59u","sparkline":["1196.5737526840671","1230.7941150590382","1275.4020008967557","1370.1815485147497","1549.154596892479","1579.4528217782354","1610.337493050492","1597.6649451501612","1611.329358925866","1653.6572101136587","1619.0569646038248","1519.3610902631513","1659.0363263390514","1681.7688700316598","1629.2950916136188","1623.3708348605267","1621.8814034047357","1570.6709774755657","1549.5167337078808","1454.855466703717","1669.466833387798","1729.761829651066","1780.8164726922187","1789.1107745760064","1754.2016989566728"],"24hVolume":"1876621096","tier":1,"coinrankingUrl":"https:\/\/coinranking.com\/coin\/Mtfb0obXVh59u+wrappedether-weth","price":"1731.864715633767","name":"Wrapped Ether","lowVolume":false,"rank":14,"iconUrl":"https:\/\/cdn.coinranking.com\/KIviQyZlt\/weth.svg"},{"symbol":"LINK","marketCap":"6902898823","color":"#4680b0","change":"17.01","btcPrice":"0.000255098974284704","listedAt":1505952000,"uuid":"VLqpJwogdhHNb","sparkline":["5.563251683306988","5.704471917222307","5.843002306038122","6.228181511553932","6.740600174681529","6.6739080290354975","6.957333448553938","7.225757022425983","7.071586471275774","7.133645913261701","7.1265480978129165","6.805788767760083","7.333536640342507","7.873794502883512","7.700723462563927","7.345362904023023","7.21366632849099","6.928353217611464","6.706894275402837","6.1810787749333915","6.7835826720661085","6.916569128361856","7.1723890333493125","7.404670196662633","7.131170570864316"],"24hVolume":"263980607","tier":1,"coinrankingUrl":"https:\/\/coinranking.com\/coin\/VLqpJwogdhHNb+chainlink-link","price":"6.903523764817258","name":"Chainlink","lowVolume":false,"rank":15,"iconUrl":"https:\/\/cdn.coinranking.com\/9NOP9tOem\/chainlink.svg"},{"symbol":"LTC","marketCap":"6188591226","color":"#345d9d","change":"27.18","btcPrice":"0.003226978002504067","listedAt":1382572800,"uuid":"D7B1x_ks7WhV5","sparkline":["68.19131414281506","74.99364856268885","77.14879890639749","82.9867164218775","87.19428905373488","86.16859714411675","88.97283049211781","90.0411610310401","95.98366593815645","98.24231559000367","97.03363551996026","92.94533311455005","99.85178979526906","96.37808606851053","93.40402160701413","94.34374457829956","94.35311529260387","89.73613031133583","84.63621796304459","70.74219202485679","81.07289185360159","82.24611659186905","82.34440501983045","88.43651195294461","92.35326606092174"],"24hVolume":"672330472","tier":1,"coinrankingUrl":"https:\/\/coinranking.com\/coin\/D7B1x_ks7WhV5+litecoin-ltc","price":"87.32892553290478","name":"Litecoin","lowVolume":false,"rank":16,"iconUrl":"https:\/\/cdn.coinranking.com\/BUvPxmc9o\/ltcnew.svg"},{"symbol":"SHIB","marketCap":"6132062193","color":"#fda32b","change":"26.96","btcPrice":"3.84351917e-10","listedAt":1620650373,"uuid":"xz24e0BjL","sparkline":["0.000008062439463539","0.000008271205907505","0.00000852961557199","0.000009215739788628","0.000010433065761669","0.000011744927335804","0.000011866754708245","0.000011779436555136","0.000011863053831372","0.000014001437200608","0.000013438035742192","0.00001269412239403","0.000013246175108019","0.000013260910646095","0.000012887951756554","0.000012526253234398","0.00001189326806277","0.000011199800299489","0.000010978520117491","0.000010224962262084","0.000011011135764204","0.000010795911768007","0.000010807352765517","0.000010773278788024","0.000010578225441386"],"24hVolume":"295473149","tier":1,"coinrankingUrl":"https:\/\/coinranking.com\/coin\/xz24e0BjL+shibainu-shib","price":"0.000010401384799378","name":"Shiba Inu","lowVolume":false,"rank":17,"iconUrl":"https:\/\/cdn.coinranking.com\/fiZ4HfnRR\/shib.png"},{"symbol":"TRX","marketCap":"5907834476","color":"#eb0029","change":"18.30","btcPrice":"0.000002369071552815","listedAt":1505260800,"uuid":"qUhEFk1I61atv","sparkline":["0.05439972541169598","0.05493482457296378","0.05274681148445032","0.05595259000040664","0.06230306190440074","0.06108612294593309","0.06186562715831635","0.0627751241946814","0.06286048225461577","0.06410911632530203","0.06488088065065667","0.06478803730868554","0.06943110048395712","0.07071416233678968","0.0690962568477027","0.06922462068273823","0.06902014274834804","0.06740392124079296","0.06602693552559927","0.05815711028434379","0.06678526621056992","0.06654604713491408","0.06658171022577491","0.0643591034822848","0.06405289723941868"],"24hVolume":"487436276","tier":1,"coinrankingUrl":"https:\/\/coinranking.com\/coin\/qUhEFk1I61atv+tron-trx","price":"0.06411214239990992","name":"TRON","lowVolume":false,"rank":18,"iconUrl":"https:\/\/cdn.coinranking.com\/behejNqQs\/trx.svg"},{"symbol":"DAI","marketCap":"5278158617","color":"#ea9999","change":"0.06","btcPrice":"0.000036962047683919","listedAt":1585574040,"uuid":"MoTuySvg7","sparkline":["1.0001365923508403","0.99978050730224","1.0000377429851168","0.999294798750182","0.99925005583965","1.0000049821101407","1.0003622989290093","0.9997563511838327","1.0000216506069108","1.0011300208239988","0.9996277389798017","1.001030202246754","0.999643332584691","1.0024796918233856","1.0010359162738967","1.0006429327390358","1.0010351685645333","1.001832525013501","1.0007342137132214","0.9727721546128787","0.9967558703236711","0.9995917690156151","1.0003368139604656","1.000456732103254","1.0007584709669757"],"24hVolume":"73490301","tier":1,"coinrankingUrl":"https:\/\/coinranking.com\/coin\/MoTuySvg7+dai-dai","price":"1.0002720524366373","name":"Dai","lowVolume":false,"rank":19,"iconUrl":"https:\/\/cdn.coinranking.com\/mAZ_7LwOE\/mutli-collateral-dai.svg"},{"symbol":"AVAX","marketCap":"4998549926","color":"#e84242","change":"42.69","btcPrice":"0.000614211705104283","listedAt":1600961596,"uuid":"dvUj0CzDZ","sparkline":["10.91334171224778","11.532009860967516","11.899967774429266","14.127800850606066","16.8328690705295","16.626715140644794","17.685625019764085","19.47550005620641","20.409621533099035","20.819331355728085","19.499109120753417","17.79316366591891","19.267661842522724","20.395524991611836","19.17313097465068","17.950607184609193","17.170390350150683","16.427111712977126","15.805980798376996","14.602030959419357","16.571557068891117","16.618378239143098","17.31123776394888","17.30260312697615","16.90525595936695"],"24hVolume":"212041533","tier":1,"coinrankingUrl":"https:\/\/coinranking.com\/coin\/dvUj0CzDZ+avalanche-avax","price":"16.621882211427558","name":"Avalanche","lowVolume":false,"rank":20,"iconUrl":"https:\/\/cdn.coinranking.com\/S0C6Cw2-w\/avax-avalanche.png"},{"symbol":"UNI","marketCap":"4577228595","color":"#ff007a","change":"9.86","btcPrice":"0.000210552432296605","listedAt":1600323371,"uuid":"_H5FVG9iW","sparkline":["5.103151487462067","5.411429589463125","5.527656986285097","5.906702378723302","6.55185873541024","6.347871617230768","6.676834895638916","6.735753613119813","6.721688205758381","7.05910901205245","6.676584451315936","6.384291456843483","6.766732963162213","7.138440290716946","6.770127764302737","6.530355367384244","6.5760678400742405","6.286585116271805","6.268466480288042","5.553072774332167","6.151058439884845","6.19446808158793","6.4226455668843165","6.184689843220548","5.769742833380951"],"24hVolume":"72711160","tier":1,"coinrankingUrl":"https:\/\/coinranking.com\/coin\/_H5FVG9iW+uniswap-uni","price":"5.697999077320642","name":"Uniswap","lowVolume":false,"rank":21,"iconUrl":"https:\/\/cdn.coinranking.com\/1heSvUgtl\/uniswap-v2.svg?size=48x48"},{"symbol":"WBTC","marketCap":"4240501182","color":"#000000","change":"62.85","btcPrice":"1.002014456001787","listedAt":1549894980,"uuid":"x4WXHge-vvFY","sparkline":["16526.81553113968","16731.550894998625","16984.645065691435","18013.799921547055","20923.6585537664","21512.926198600166","22784.97064741529","23098.872039179438","23286.418911725334","23254.115620527948","22613.698172829634","21806.93098623404","23975.47254891505","24557.19122865276","23629.897873949427","23378.23776894625","23184.108681942933","22431.02550160843","21962.506500804586","20409.449885499558","24170.64454837059","26135.617012182163","27839.372129321746","28017.59437834985","27680.091550211153"],"24hVolume":"49814764","tier":1,"coinrankingUrl":"https:\/\/coinranking.com\/coin\/x4WXHge-vvFY+wrappedbtc-wbtc","price":"27116.653954000376","name":"Wrapped BTC","lowVolume":false,"rank":22,"iconUrl":"https:\/\/cdn.coinranking.com\/o3-8cvCHu\/wbtc[1].svg"},{"symbol":"ATOM","marketCap":"3601861253","color":"#5064fb","change":"18.78","btcPrice":"0.000404427106041048","listedAt":1552520100,"uuid":"Knsels4_Ol-Ny","sparkline":["9.336149856075654","10.044360538488746","10.415227141020514","11.60551822572294","12.589604641327822","12.39523031378003","13.080009811737298","13.312697629112161","13.835882912052607","14.691025228554341","14.460781302002642","13.43577717583601","13.920390290817902","14.14380418760732","13.385669623265507","12.767267038084519","12.36964709519138","12.05491881781661","11.372065539396768","11.039870386090932","12.341690082654923","12.829315532156535","12.072669385932","11.585460142429032","11.172193797456131"],"24hVolume":"124534377","tier":1,"coinrankingUrl":"https:\/\/coinranking.com\/coin\/Knsels4_Ol-Ny+cosmos-atom","price":"10.944662343387751","name":"Cosmos","lowVolume":false,"rank":23,"iconUrl":"https:\/\/cdn.coinranking.com\/HJzHboruM\/atom.svg"},{"symbol":"TON","marketCap":"3070150505","color":"#0088cc","change":"-3.51","btcPrice":"0.000076987545304794","listedAt":1640268459,"uuid":"67YlI0K1b","sparkline":["2.123786539249964","2.2084741226119657","2.178193488912813","2.1563463809479853","2.2941073674427934","2.2752038093393936","2.282969611959522","2.458827011568172","2.353180534916389","2.325214083797029","2.264962472170831","2.2613982678463453","2.321875291553497","2.3626028228903047","2.4153086959773944","2.442078431613943","2.457401337689248","2.3818881196507538","2.339633413390567","2.271246506870222","2.419178546302854","2.454616808247466","2.3920547568763286","2.2650781627917","2.1100880685586114"],"24hVolume":"32524176","tier":1,"coinrankingUrl":"https:\/\/coinranking.com\/coin\/67YlI0K1b+toncoin-ton","price":"2.083447611253119","name":"Toncoin","lowVolume":false,"rank":24,"iconUrl":"https:\/\/cdn.coinranking.com\/1mf2KPPah\/toncoin.png"},{"symbol":"XMR","marketCap":"2802956110","color":"#ff7519","change":"5.85","btcPrice":"0.005688797309418262","listedAt":1422489600,"uuid":"3mVx2FX_iJFp5","sparkline":["146.37392247144805","150.00738185466557","156.32083946779625","163.89304762318753","173.54904023911385","168.59321587306334","175.5027676674329","178.69418821280007","178.15732425205874","170.8415002872039","162.63958969940293","158.9000735459995","160.9950799764843","161.97997894848984","152.39601092962693","150.55574602901493","150.1011677808215","148.81472791408348","149.00726589443758","139.84868222402224","150.65607394379938","150.74881084877973","154.06076606550363","155.23603849593283","161.77241986790608"],"24hVolume":"138553884","tier":1,"coinrankingUrl":"https:\/\/coinranking.com\/coin\/3mVx2FX_iJFp5+monero-xmr","price":"153.95102049672258","name":"Monero","lowVolume":false,"rank":25,"iconUrl":"https:\/\/cdn.coinranking.com\/Syz-oSd_Z\/xmr.svg"},{"symbol":"ETC","marketCap":"2766430929","color":"#699070","change":"26.29","btcPrice":"0.000739761344865464","listedAt":1469577600,"uuid":"hnfQfsYfeIGUQ","sparkline":["15.618866190851826","17.185738791203608","19.917376930815426","20.419294736647178","22.25022134733549","21.39031872496141","22.259553886269913","22.015421482580713","22.012770520518366","23.267213569473657","22.17266823878771","21.033593268105864","22.04966364379787","22.865275522919926","21.682615555276605","21.212132254608843","20.72518724950604","19.94010094111652","18.80015677634974","17.178021790314265","19.681014742871792","19.939473762554208","20.69236206823956","20.528456985019183","20.144553103989235"],"24hVolume":"435141507","tier":1,"coinrankingUrl":"https:\/\/coinranking.com\/coin\/hnfQfsYfeIGUQ+ethereumclassic-etc","price":"20.019523947094576","name":"Ethereum Classic","lowVolume":false,"rank":26,"iconUrl":"https:\/\/cdn.coinranking.com\/rJfyor__W\/etc.svg"},{"symbol":"WSTETH","marketCap":"2663087533","color":"#70b9dc","change":"46.07","btcPrice":"0.07126698572356843","listedAt":1638756833,"uuid":"CiixT63n3","sparkline":["1304.260614035529","1341.7296052417323","1394.6864569943755","1501.9419182600495","1700.731402585987","1741.6230990905124","1777.5030192355835","1766.2579748864475","1779.710107377011","1828.469842193723","1792.8074626617358","1684.6504490726873","1841.918474957027","1866.7415787134642","1809.0173523312403","1803.4208162649174","1802.5701236927755","1746.0112296619102","1723.6847443061995","1614.0970079677054","1853.8707554401408","1922.8721372043562","1983.3295626561442","1990.9964979755757","1955.4909312612192"],"24hVolume":"11052010","tier":1,"coinrankingUrl":"https:\/\/coinranking.com\/coin\/CiixT63n3+wrappedliquidstakedether20-wsteth","price":"1930.4838820921373","name":"Wrapped liquid staked Ether 2.0","lowVolume":false,"rank":27,"iconUrl":"https:\/\/cdn.coinranking.com\/LQg69oxqx\/wstETH.PNG"},{"symbol":"LDO","marketCap":"2444305555","color":"#77cced","change":"106.75","btcPrice":"0.000077207979889738","listedAt":1627361901,"uuid":"Pe93bIOD2","sparkline":["0.9716849535428463","1.2710588707687351","1.6023282240486714","1.9364104960944784","2.1605892661235497","2.0953824784164397","2.420019938263394","2.3355128095532556","2.200861152473139","2.2019645089612045","2.5325300377659583","2.3947740546421254","2.8604925982461094","2.9310146231452032","2.922834924240858","3.0968131611650747","2.975450089659364","2.629887179958975","2.471977263223304","2.1985635009439606","2.64738549453181","2.4915727708325353","2.4319205807895052","2.307105657066802","2.1292918804831737"],"24hVolume":"163085622","tier":1,"coinrankingUrl":"https:\/\/coinranking.com\/coin\/Pe93bIOD2+lidodaotoken-ldo","price":"2.089413042513731","name":"Lido DAO Token","lowVolume":false,"rank":28,"iconUrl":"https:\/\/cdn.coinranking.com\/Wp6LFY6ZZ\/8000.png"},{"symbol":"BCH","marketCap":"2326611894","color":"#8dc451","change":"19.55","btcPrice":"0.004493813891726993","listedAt":1541808000,"uuid":"ZlZpzOJo43mIo","sparkline":["97.57755945395911","100.3327989183923","102.61292737423464","112.40581708751205","124.56947556719675","123.99351689537079","131.5703494992604","134.34187228172843","134.63075685189804","136.633881717765","131.42085424466273","124.34160463027875","131.9244897266386","142.3654405896547","136.58330630255696","134.59919045946523","130.78170943876347","125.06421701420331","119.90819749073884","112.18333693450751","127.5417345901302","130.32734408601885","133.6232805767918","128.70837558452376","124.30121099224674"],"24hVolume":"226717150","tier":1,"coinrankingUrl":"https:\/\/coinranking.com\/coin\/ZlZpzOJo43mIo+bitcoincash-bch","price":"121.61221378169745","name":"Bitcoin Cash","lowVolume":false,"rank":29,"iconUrl":"https:\/\/cdn.coinranking.com\/By8ziihX7\/bch.svg"},{"symbol":"IMX","marketCap":"2099548726","color":"#000000","change":"153.95","btcPrice":"0.000038791256881243","listedAt":1649387294,"uuid":"Z96jIvLU7","sparkline":["0.3847704186822107","0.4041222851904696","0.4339628681696971","0.5020431591413276","0.5773859811995483","0.6040469813310597","0.684786292962305","0.6731278129281553","0.7419848137756535","0.9124073457299726","0.9939534731121973","1.016765288753297","1.137631549756612","1.0241376741227026","0.9992999573227239","0.9934076765920578","1.027531882179554","1.0363465905855158","1.0321335657937027","0.8277494900000326","1.0797244410362872","1.3523689055435333","1.3897497818675273","1.2086961923466792","1.0740232350689614"],"24hVolume":"70092774","tier":1,"coinrankingUrl":"https:\/\/coinranking.com\/coin\/Z96jIvLU7+immutablex-imx","price":"1.0497743650192692","name":"Immutable X","lowVolume":false,"rank":30,"iconUrl":"https:\/\/cdn.coinranking.com\/naRGT2Y_X\/10603.png"},{"symbol":"XLM","marketCap":"1885668392","color":"#000000","change":"26.00","btcPrice":"0.000003448522796786","listedAt":1484611200,"uuid":"f3iaFeCKEmkaZ","sparkline":["0.07175428863516738","0.0734802990553083","0.07591863048824238","0.08053256944364447","0.08727116588913561","0.08612969311832964","0.09263520634138389","0.09253439463071043","0.09141121407969036","0.0922413081058038","0.0892700169169751","0.08527598694194842","0.08891151812890352","0.09307818687786062","0.09025268654392918","0.08804951769714167","0.08678032744793758","0.08389871481253537","0.08200991169229219","0.07827615146544391","0.08492567742939731","0.08595160074044943","0.08881297642545906","0.09201499829919456","0.09162770467344088"],"24hVolume":"114704913","tier":1,"coinrankingUrl":"https:\/\/coinranking.com\/coin\/f3iaFeCKEmkaZ+stellar-xlm","price":"0.09332440143234079","name":"Stellar","lowVolume":false,"rank":31,"iconUrl":"https:\/\/cdn.coinranking.com\/78CxK1xsp\/Stellar_symbol_black_RGB.svg"},{"symbol":"HT","marketCap":"1820340615","color":"#2daadf","change":"-32.13","btcPrice":"0.000134530434248045","listedAt":1517702400,"uuid":"DXwP4wF9ksbBO","sparkline":["5.158467551969185","5.095452872445463","4.722087996168028","4.9628211066775485","5.156084799290028","4.996134749329657","5.055571972686714","5.0871151013521425","5.218037345708926","5.663293667592382","5.31707848908894","5.108985688219482","5.168473405983859","5.599826852958947","5.335381718022056","5.287286483411884","5.134268528031502","5.023794691175949","4.840583270872916","3.9294312581770923","4.116195398154963","4.090591912285878","4.021513000802327","3.728580630355903","3.6516889571455233"],"24hVolume":"9249338","tier":1,"coinrankingUrl":"https:\/\/coinranking.com\/coin\/DXwP4wF9ksbBO+huobitoken-ht","price":"3.640681239611903","name":"Huobi Token","lowVolume":false,"rank":32,"iconUrl":"https:\/\/cdn.coinranking.com\/ryFpQe0c7\/ht.svg"},{"symbol":"FIL","marketCap":"1763586639","color":"#0090ff","change":"75.45","btcPrice":"0.00019906411562143","listedAt":1602839473,"uuid":"ymQub4fuB","sparkline":["3.010988395786375","3.2074407439834327","3.4245027535437718","3.7552915319918743","4.572277400721281","4.581650231425762","5.310011634668775","5.3783164308043485","5.335369035185138","5.467975394817017","5.226558624150754","4.9547648752964335","6.272811536781519","8.376725672737532","7.428399447238243","6.759722620333688","6.695559452991573","6.139744883125433","5.918094228566364","5.130020447780173","6.35863724234241","6.010563250772312","6.0024528150321785","5.777731442337213","5.516228650384899"],"24hVolume":"239241444","tier":1,"coinrankingUrl":"https:\/\/coinranking.com\/coin\/ymQub4fuB+filecoin-fil","price":"5.387100660707239","name":"Filecoin","lowVolume":false,"rank":33,"iconUrl":"https:\/\/cdn.coinranking.com\/vUmvv-IQA\/FIL3-filecoin.svg?size=48x48"},{"symbol":"HBAR","marketCap":"1476497485","color":"#000000","change":"41.35","btcPrice":"0.000002205474752183","listedAt":1568704980,"uuid":"jad286TjB","sparkline":["0.03813308185457638","0.0385433197244534","0.04027744784098397","0.04567630909791525","0.05251638161467721","0.06217493256089355","0.06811317206073295","0.06794021677311073","0.06634259248535958","0.07078843284743036","0.07365790768420163","0.08704688739485612","0.08716175819828473","0.08549482973246672","0.07906526294157933","0.07285036505166122","0.0678480118536456","0.06477459677448413","0.061519721348137824","0.05818371076147989","0.06379907297670824","0.06257681024097335","0.06325108321093098","0.061813578196734574","0.06034268173811143"],"24hVolume":"50768466","tier":1,"coinrankingUrl":"https:\/\/coinranking.com\/coin\/jad286TjB+hedera-hbar","price":"0.059684863128477525","name":"Hedera","lowVolume":false,"rank":34,"iconUrl":"https:\/\/cdn.coinranking.com\/dSCnSLilQ\/hedera.svg"},{"symbol":"VET","marketCap":"1462244750","color":"#4bc0fa","change":"37.07","btcPrice":"8.09350815492e-7","listedAt":1533427200,"uuid":"FEbS54wxo4oIl","sparkline":["0.015679274444642795","0.016248977520490086","0.01667440997797237","0.01828949353166311","0.020981431027357087","0.020922185023770436","0.022448894981497384","0.02408491765577573","0.02369474945258699","0.0245731506821605","0.02487872707670056","0.023453000954464166","0.025764364439525064","0.029992326055347497","0.028629068393851632","0.027795655248775742","0.026849807581908348","0.02473591506876881","0.022885914690934525","0.020441365096773384","0.0231872284452654","0.023155371660153242","0.02369488590215251","0.02326297179172825","0.02274040223384165"],"24hVolume":"55703803","tier":1,"coinrankingUrl":"https:\/\/coinranking.com\/coin\/FEbS54wxo4oIl+vechain-vet","price":"0.021902763837008184","name":"VeChain","lowVolume":false,"rank":35,"iconUrl":"https:\/\/cdn.coinranking.com\/B1_TDu9Dm\/VEN.svg"},{"symbol":"WEMIX","marketCap":"1439398074","color":"#9bdc70","change":"291.81","btcPrice":"0.000053188630166853","listedAt":1638249982,"uuid":"08CsQa-Ov","sparkline":["0.3591279804814466","0.3610212359990201","0.3598213593406016","0.35986372075132095","0.4221418657711686","0.4680692957464648","0.6269997379597669","0.7387506304319722","0.825447250927471","1.324225308618705","1.2912537733953273","1.1597445477034998","1.7522500626988555","2.291552768034137","2.4529181440195362","2.302221653241306","2.1038343893226457","2.002620272730538","1.697257540925791","1.4651323308716064","1.7239529398576632","1.6838778051836354","1.543697717961839","1.4287298126309964","1.390601555605635"],"24hVolume":"10777157","tier":1,"coinrankingUrl":"https:\/\/coinranking.com\/coin\/08CsQa-Ov+wemixtoken-wemix","price":"1.4393980744318537","name":"WEMIX TOKEN","lowVolume":false,"rank":36,"iconUrl":"https:\/\/cdn.coinranking.com\/1N84MQsoO\/7548.png"},{"symbol":"APT","marketCap":"1428807095","color":"#000000","change":"205.60","btcPrice":"0.000406132864337314","listedAt":1666148370,"uuid":"HGYj5JCv5","sparkline":["3.326429120265349","3.7692222498409413","3.9471251960608584","5.695336640739935","7.887866999044397","9.087419634305302","13.639986981675506","18.043536616563674","17.31277769179217","16.1973195641697","14.621435870696448","13.7025902815991","14.971519371140632","13.896724874330884","13.107558003387688","12.376677993537612","12.559811903800506","11.326515248780638","10.989268129519976","10.51916835474354","12.763913894168487","12.919074357193354","12.652519008597093","12.563956632994715","11.738461919403413"],"24hVolume":"196099084","tier":1,"coinrankingUrl":"https:\/\/coinranking.com\/coin\/HGYj5JCv5+aptos-apt","price":"10.990823810592092","name":"Aptos","lowVolume":false,"rank":37,"iconUrl":"https:\/\/cdn.coinranking.com\/KXUaDFjqm\/21794.png"},{"symbol":"ALGO","marketCap":"1423839351","color":null,"change":"17.62","btcPrice":"0.00000738814104074","listedAt":1562082540,"uuid":"TpHE2IShQw-sJ","sparkline":["0.16837117669099297","0.1839990826603967","0.1931459449755641","0.20601952652793043","0.23139823378910848","0.22474917674905745","0.2461386481936235","0.2523966246733683","0.24651310472690405","0.2631254465480124","0.2715336519552931","0.2485855246289051","0.26787044393567744","0.2776737218703397","0.2626289500580418","0.2519889098728495","0.24188787463350395","0.22790909798559836","0.21009251313846658","0.18875425993130823","0.2118057057977597","0.21557548250822275","0.2169691529964874","0.21854834950122812","0.20751717433340894"],"24hVolume":"66557387","tier":1,"coinrankingUrl":"https:\/\/coinranking.com\/coin\/TpHE2IShQw-sJ+algorand-algo","price":"0.19993889585635102","name":"Algorand","lowVolume":false,"rank":38,"iconUrl":"https:\/\/cdn.coinranking.com\/lzbmCkUGB\/algo.svg"},{"symbol":"ICP","marketCap":"1423791373","color":"#00042b","change":"24.59","btcPrice":"0.000176525914797986","listedAt":1601555742,"uuid":"aMNLwaUbY","sparkline":["4.0202880310043545","3.9748882089149307","4.024204557809374","4.33444550720617","5.074766044425267","5.2512255977742015","5.699942470039807","5.96430133895355","5.902325005804544","5.759748209056264","5.519570338794787","5.353708553038957","6.458349542193327","7.183857270441156","6.510902569574243","6.1004966177753355","5.8415388881104215","5.418012596338511","5.195690129961215","4.7876687150126624","5.381046016617554","5.378979230574274","5.309600257016509","5.13000985988893","4.913798820819054"],"24hVolume":"52659765","tier":1,"coinrankingUrl":"https:\/\/coinranking.com\/coin\/aMNLwaUbY+internetcomputerdfinity-icp","price":"4.777168749231911","name":"Internet Computer (DFINITY)","lowVolume":false,"rank":39,"iconUrl":"https:\/\/cdn.coinranking.com\/1uJ_RVrmC\/dfinity-icp.png"},{"symbol":"SAND","marketCap":"1410664065","color":"#00adef","change":"37.05","btcPrice":"0.000022210222998395","listedAt":1613583024,"uuid":"pxtKbG5rg","sparkline":["0.39055681516559426","0.417919580055213","0.4663211073472658","0.5267872739601511","0.6881693031607078","0.7313599161537344","0.7825400218414331","0.7472515970979716","0.7411523059871193","0.7519039779712238","0.7847599636325928","0.7089083300685185","0.7537442847949543","0.7921469031370136","0.7368522593484526","0.7072322322973388","0.6759683812898476","0.6271535937118545","0.5916062838762521","0.5309469665442066","0.6161136764828424","0.6365469453018471","0.6765837951696987","0.6511212699144646","0.6242805659673443"],"24hVolume":"107071614","tier":1,"coinrankingUrl":"https:\/\/coinranking.com\/coin\/pxtKbG5rg+thesandbox-sand","price":"0.6010561301598364","name":"The Sandbox","lowVolume":false,"rank":40,"iconUrl":"https:\/\/cdn.coinranking.com\/kd_vwOcnI\/sandbox.png"},{"symbol":"FRAX","marketCap":"1410303933","color":"#000000","change":"0.05","btcPrice":"0.00003694411480596","listedAt":1615299931,"uuid":"KfWtaeV1W","sparkline":["0.9994190055559191","0.9994133905362352","0.9996277824802294","0.998729466056941","0.9986172981668896","0.999412626401753","0.9999324173657016","0.9999417322090354","0.9998539175905884","1.0009301144934517","1.0006109296866657","1.0001885756094875","0.9992830410761074","1.0017433859423412","1.0001608774069841","0.9995735237382967","1.0004400140746037","1.001415896050341","1.000734789984128","0.9718644886964446","0.9964777920646077","0.9994859216912996","0.9999536763030779","1.0000876364423752","1.0005827640643017"],"24hVolume":"1371880","tier":1,"coinrankingUrl":"https:\/\/coinranking.com\/coin\/KfWtaeV1W+frax-frax","price":"0.9997517805281315","name":"Frax","lowVolume":false,"rank":41,"iconUrl":"https:\/\/cdn.coinranking.com\/BpVNCX-NM\/frax.png"},{"symbol":"TWT","marketCap":"1330760209","color":"#3375bb","change":"-18.35","btcPrice":"0.000040506029488516","listedAt":1610717385,"uuid":"Hm3OlynlC","sparkline":["1.3621747735693663","1.451844980887537","1.424255128350027","1.4766055413416779","1.5577399754981809","1.4791842841051306","1.515948040358256","1.6525113057326168","1.675504684873417","1.6488032422207464","1.5212799322044535","1.4196202658200494","1.4633267929240548","1.4709912248992838","1.403501985175767","1.365892666985172","1.303509702132449","1.3413162403313659","1.2233116967679547","1.1513016345581537","1.2573851753769392","1.2568965251848623","1.2329510466070015","1.1979751201568474","1.1788923989551736"],"24hVolume":"37460851","tier":1,"coinrankingUrl":"https:\/\/coinranking.com\/coin\/Hm3OlynlC+trustwallettoken-twt","price":"1.096179778756282","name":"Trust Wallet Token","lowVolume":false,"rank":42,"iconUrl":"https:\/\/cdn.coinranking.com\/cZ5j4jiOk\/trust-wallet-token.svg"},{"symbol":"FXS","marketCap":"1310848836","color":"#000000","change":"65.65","btcPrice":"0.000277519770746948","listedAt":1640985232,"uuid":"3nNpuxHJ8","sparkline":["4.250156197185083","4.815619266773677","5.280713513585047","5.810325616317708","8.094475688716743","9.829984167123166","10.289712246628218","10.766163321496219","10.478800986497081","10.713559283850492","12.30999881785689","10.198870984783772","10.911117476598307","10.67056965442799","10.559209048215223","10.718539207051785","11.209135146726299","9.838009615401477","9.159330989504367","7.756941690614232","8.810476816857808","8.569858143506941","8.278638692842462","8.047141522439908","7.769130919748993"],"24hVolume":"20100198","tier":1,"coinrankingUrl":"https:\/\/coinranking.com\/coin\/3nNpuxHJ8+fraxshare-fxs","price":"7.510278463213208","name":"Frax Share","lowVolume":false,"rank":43,"iconUrl":"https:\/\/cdn.coinranking.com\/_UuWZ5htj\/FS.png"},{"symbol":"ENS","marketCap":"1283057380","color":"#ffda55","change":"14.74","btcPrice":"0.000473632543507718","listedAt":1626134763,"uuid":"SbWqqTui-","sparkline":["10.750696557786126","11.37793704005578","11.681626574767765","12.452353024932624","14.125031412707866","14.32425294338773","14.61628404974151","15.888643491965196","16.020894424290486","15.801924335465316","15.039233463526852","14.09218349810236","15.263825164947155","16.671902901093915","15.987308780204758","15.93182190476406","15.295497184687203","13.968556975308202","13.379532233950467","12.196558897428455","13.3244308730209","14.00908147046547","14.156094007866038","13.816428115977411","13.138209979157626"],"24hVolume":"4863657","tier":1,"coinrankingUrl":"https:\/\/coinranking.com\/coin\/SbWqqTui-+energyswap-ens","price":"12.830573800385489","name":"EnergySwap","lowVolume":false,"rank":44,"iconUrl":"https:\/\/cdn.coinranking.com\/fmYxEUV5a\/cropped-logo37-Converted-01-192x192.png"},{"symbol":"CAKE","marketCap":"1246339585","color":"#fe9555","change":"8.26","btcPrice":"0.000132466561585972","listedAt":1613642379,"uuid":"ncYFcP709","sparkline":["3.1742312392914727","3.2322672846082123","3.335567986757454","3.4477043338102624","3.7282969968786714","3.6864090572967076","3.917659778816284","4.006469570233587","4.07114822189486","4.3994413966180135","4.438906728189936","4.071235164943257","4.132200666914327","4.190342374336784","4.0488463704445765","3.99981974510638","3.884516122728727","3.7874309873774363","3.7336114649963004","3.530111655038263","3.79144985749542","3.876485963011888","3.8501740987924826","3.7556029505487234","3.705593651401223"],"24hVolume":"40615549","tier":1,"coinrankingUrl":"https:\/\/coinranking.com\/coin\/ncYFcP709+pancakeswap-cake","price":"3.584828431853165","name":"PancakeSwap","lowVolume":false,"rank":45,"iconUrl":"https:\/\/cdn.coinranking.com\/aRtgdw7bQ\/pancakeswap-cake-logo.png"},{"symbol":"MANA","marketCap":"1243190121","color":"#f47e33","change":"76.21","btcPrice":"0.000020945928258215","listedAt":1500336000,"uuid":"tEf7-dnwV3BXS","sparkline":["0.2959189778649114","0.31564224794568824","0.35674426947515636","0.41285240670376244","0.6534064843627717","0.6796408902377484","0.7098249280252351","0.7010378096707837","0.7620686432439385","0.7638329394739077","0.7340070154428433","0.6658276086375527","0.7093184952891728","0.7177719058198218","0.6812125566362309","0.6521812790653045","0.6292465370980079","0.5918291358006212","0.5710120800300433","0.5198708934329457","0.591513434147189","0.6051547041105874","0.6250100154312634","0.6013535164986967","0.5833813698718593"],"24hVolume":"80919713","tier":1,"coinrankingUrl":"https:\/\/coinranking.com\/coin\/tEf7-dnwV3BXS+decentraland-mana","price":"0.5668416108383137","name":"Decentraland","lowVolume":false,"rank":46,"iconUrl":"https:\/\/cdn.coinranking.com\/ph_svUzXs\/decentraland(1).svg"},{"symbol":"QNT","marketCap":"1163596560","color":"#585e63","change":"3.78","btcPrice":"0.004397686014877752","listedAt":1533945600,"uuid":"bauj_21eYVwso","sparkline":["107.80197733726284","110.05235055827728","113.85194302717528","121.34540782775679","134.5884967371342","139.18739987071345","147.40351648006828","150.9155002196365","144.3631916659259","142.1852255016549","137.12229486808118","132.83971684254269","141.30054138545228","138.19029827982308","133.55224053263308","129.14559182468244","126.22975402151363","126.24007251565746","119.59820524601314","116.91149372381203","127.06403849031699","128.0112209674433","130.16064754174246","126.41425946619748","122.01235226074213"],"24hVolume":"26256020","tier":1,"coinrankingUrl":"https:\/\/coinranking.com\/coin\/bauj_21eYVwso+quant-qnt","price":"119.01078786788909","name":"Quant","lowVolume":false,"rank":47,"iconUrl":"https:\/\/cdn.coinranking.com\/a-i9Dl392\/quant.png"},{"symbol":"NEAR","marketCap":"1126953711","color":"#000000","change":"36.21","btcPrice":"0.000068509625726212","listedAt":1615164591,"uuid":"DCrsaMv68","sparkline":["1.2774421815636718","1.4192637872151115","1.5851281137120283","1.7254506810252905","2.192262833365577","2.171974747685649","2.482375261708062","2.527741870818314","2.377585501638461","2.449823912527198","2.4315104773592036","2.2291598896826734","2.4365172805732787","2.5898386240502282","2.397553947197199","2.317358216361931","2.22739358871556","2.0637203463029037","1.9356936340703064","1.7924243457912588","2.0341269023095903","2.050946775397639","2.07894593029434","2.0056184159088315","1.9337529846830253"],"24hVolume":"102502625","tier":1,"coinrankingUrl":"https:\/\/coinranking.com\/coin\/DCrsaMv68+nearprotocol-near","price":"1.8540169777076094","name":"NEAR Protocol","lowVolume":false,"rank":48,"iconUrl":"https:\/\/cdn.coinranking.com\/Cth83dCnl\/near.png"},{"symbol":"EOS","marketCap":"1090970709","color":"#443f54","change":"23.53","btcPrice":"0.000040781918869665","listedAt":1498694400,"uuid":"iAzbfXiBBKkR6","sparkline":["0.8652774661150167","0.8900457504896109","0.9015596691327317","0.9630531170610931","1.0474800367922577","1.0037641691000074","1.0766668449960761","1.100075050302467","1.0689724479730156","1.0938464101975818","1.0811475787713634","1.0418645336445964","1.124809383432496","1.2376835888429278","1.1558663044274","1.1315164513968003","1.207389925240784","1.2413644543042366","1.159707486567677","1.0156477669897097","1.080539912095778","1.103999237208845","1.1618769854269935","1.150075677517213","1.1308689963054026"],"24hVolume":"287366467","tier":1,"coinrankingUrl":"https:\/\/coinranking.com\/coin\/iAzbfXiBBKkR6+eos-eos","price":"1.1036459353904409","name":"EOS","lowVolume":false,"rank":49,"iconUrl":"https:\/\/cdn.coinranking.com\/PqOYrWSje\/eos2.svg"},{"symbol":"CRO","marketCap":"1085270171","color":"#01275d","change":"14.45","btcPrice":"0.000002456980402987","listedAt":1548953220,"uuid":"65PHZTpmE55b","sparkline":["0.056756147180641967","0.058068454232397","0.06135720937031606","0.0652442057881627","0.07665583876861336","0.07517404197129987","0.07945105815048069","0.08097882972680467","0.07936168110952935","0.08160126909541","0.08056832014223084","0.07537355180493084","0.07885672302017449","0.08331654105933699","0.08155961148532448","0.07977268278092549","0.07656280542780754","0.0729478622583918","0.06890378199940742","0.06358711290687236","0.07114987430583763","0.07161785865924701","0.07181891413814649","0.06967717453856442","0.06838353996536405"],"24hVolume":"17536746","tier":1,"coinrankingUrl":"https:\/\/coinranking.com\/coin\/65PHZTpmE55b+cronos-cro","price":"0.06649114387570305","name":"Cronos","lowVolume":false,"rank":50,"iconUrl":"https:\/\/cdn.coinranking.com\/2o91jm73M\/cro.svg"},{"symbol":"USDP","marketCap":"1016441084","color":"#2ac27a","change":"0.50","btcPrice":"0.000036969939520829","listedAt":1650960626,"uuid":"JCKLgWPAF","sparkline":["0.9974055822814228","0.9970465063017987","0.9977654867736704","0.9944040490542149","0.9933116645342626","0.9959974322339846","0.9967148538975659","0.9974898351587297","0.9954844122450022","0.9967039480366179","0.994107315992272","0.9979018559209234","0.9919352466276549","0.9956269078234036","0.9940514304825784","0.9946646144323328","0.9926329889804504","1.0015564524510219","1.0011892115605845","0.9938980911627215","0.9971383484266517","0.9998095936137982","1.0008369435765434","1.0011792203316585","1.000525191993323"],"24hVolume":"10696515","tier":1,"coinrankingUrl":"https:\/\/coinranking.com\/coin\/JCKLgWPAF+paxdollar-usdp","price":"1.000485622419868","name":"Pax Dollar","lowVolume":false,"rank":51,"iconUrl":"https:\/\/cdn.coinranking.com\/KUd2bJXdn\/3330.png"},{"symbol":"AAVE","marketCap":"1010181016","color":"#B6509E","change":"21.76","btcPrice":"0.00258244495279676","listedAt":1603447311,"uuid":"ixgUfzmLR","sparkline":["52.93051382398204","54.32911736019853","57.645677372197554","64.42611655088812","79.01375970679992","83.43289666627568","84.99994035896717","86.73866110892735","84.82345505082587","88.18112000735294","84.20098114373543","79.56508098330663","86.82239651675725","89.24896478638964","83.46964346236813","80.42578311999247","79.3898461715678","76.32143591113712","74.02255194530738","67.45186502512371","76.4076988866771","77.37412743784265","78.31455613855523","76.51016047260022","71.96718299757006"],"24hVolume":"77579399","tier":1,"coinrankingUrl":"https:\/\/coinranking.com\/coin\/ixgUfzmLR+aave-aave","price":"69.8864828953323","name":"Aave","lowVolume":false,"rank":52,"iconUrl":"https:\/\/cdn.coinranking.com\/4bpYKqV4X\/AAVE.png"},{"symbol":"XTZ","marketCap":"993233615","color":"#2c7df7","change":"40.25","btcPrice":"0.000040005312290922","listedAt":1530662400,"uuid":"fsIbGOEJWbzxG","sparkline":["0.720868683265182","0.750165981683164","0.794404986781118","0.8536051211854374","1.0157359840930127","1.027808130258565","1.1024258534387092","1.114960047088301","1.0837841340531704","1.1574550821339362","1.1641778764070472","1.0628850061168016","1.1330674799024638","1.2440041577699823","1.2971065705988614","1.1926698293876794","1.1532753918368308","1.130158093050096","1.0737486528876337","0.9953448579609637","1.13136465738161","1.2081428130552134","1.204254821578487","1.1515577925815474","1.1200193321979255"],"24hVolume":"33169364","tier":1,"coinrankingUrl":"https:\/\/coinranking.com\/coin\/fsIbGOEJWbzxG+tezos-xtz","price":"1.0826293006222885","name":"Tezos","lowVolume":false,"rank":53,"iconUrl":"https:\/\/cdn.coinranking.com\/HkLUdilQ7\/xtz.svg"},{"symbol":"EGLD","marketCap":"986242028","color":"#000000","change":"21.70","btcPrice":"0.001526006593854176","listedAt":1612524044,"uuid":"omwkOTglq","sparkline":["33.06212845957901","33.636333208650186","34.594604571966116","36.207570464580115","40.48111647023918","41.29883569640041","43.35745998272814","44.373005305486785","43.53055073747641","45.601690324563336","45.069211733963456","43.17393167691006","48.29397620953292","51.803609943629574","49.42370229655504","48.97612359206666","46.332254816969474","43.40580501629089","41.163446502686085","38.16407504604844","42.47950336644312","42.67220534385196","44.40393119571879","43.106289159727744","42.278872265412694"],"24hVolume":"25986804","tier":1,"coinrankingUrl":"https:\/\/coinranking.com\/coin\/omwkOTglq+elrond-egld","price":"41.297001744047385","name":"Elrond","lowVolume":false,"rank":54,"iconUrl":"https:\/\/cdn.coinranking.com\/X62ruAuZQ\/Elrond.svg"},{"symbol":"THETA","marketCap":"973791634","color":"#1b1f2a","change":"28.67","btcPrice":"0.000035983854244282","listedAt":1516233600,"uuid":"B42IRxNtoYmwK","sparkline":["0.7281500122760878","0.7484200662002517","0.773448144936646","0.8251649025236008","0.9228814115271605","0.9367657851855995","1.046799074659816","1.0866878335047419","1.047538239110398","1.1077033730016552","1.1210264700825328","1.0558268674367755","1.166292607946862","1.2271965642011964","1.2065163755430923","1.1888952352271482","1.1370386399722818","1.0207169394715645","0.9804698423821967","0.904744038440365","1.0319514520073727","1.0472797445525481","1.0477241624756657","1.0253718044248332","1.0029354030012367"],"24hVolume":"35784480","tier":1,"coinrankingUrl":"https:\/\/coinranking.com\/coin\/B42IRxNtoYmwK+thetatoken-theta","price":"0.9738000461259165","name":"Theta Token","lowVolume":false,"rank":55,"iconUrl":"https:\/\/cdn.coinranking.com\/HJHg2k9Lf\/theta.svg"},{"symbol":"FLOW","marketCap":"951015035","color":"#00ef8b","change":"24.16","btcPrice":"0.000033914208291235","listedAt":1614963736,"uuid":"QQ0NCmjVq","sparkline":["0.6619377654757589","0.7047671952331567","0.7173741335988576","0.8305740327802511","1.0530178778306907","1.0405908123467826","1.1484238204536417","1.0944483388494906","1.0605841011032644","1.134635669675036","1.1038113683130222","1.028749777484963","1.1957962452197775","1.335017438980516","1.2205892820396846","1.2021487956308354","1.1359414195927031","1.0575315552684879","0.9854822847803745","0.868449047113249","0.9965165082237163","1.0312766381536855","1.068874046407891","1.0119898848317226","0.9597801680280214"],"24hVolume":"28398787","tier":1,"coinrankingUrl":"https:\/\/coinranking.com\/coin\/QQ0NCmjVq+flow-flow","price":"0.9177910007674391","name":"Flow","lowVolume":false,"rank":56,"iconUrl":"https:\/\/cdn.coinranking.com\/xh8X8QBss\/flow.png"},{"symbol":"CHZ","marketCap":"872616455","color":"#d05e72","change":"5.97","btcPrice":"0.000004212365098965","listedAt":1562332440,"uuid":"GSCt2y6YSgO26","sparkline":["0.10116484392655951","0.10490572878903086","0.11013142799465973","0.12252868215276808","0.13685018324068385","0.13149187660610012","0.13907537389516159","0.13800020716657793","0.1366778619320109","0.14289032486497283","0.1501854128351629","0.13366462197817505","0.13936105553253278","0.14204807251449306","0.13757789686208463","0.134464613694659","0.13235208405607507","0.12372918629823443","0.11715753534096467","0.10861715419857915","0.11875538283113761","0.11997919396163356","0.1207704934885422","0.1212514803541255","0.11907720077302505"],"24hVolume":"61616083","tier":1,"coinrankingUrl":"https:\/\/coinranking.com\/coin\/GSCt2y6YSgO26+chiliz-chz","price":"0.11399560758067621","name":"Chiliz","lowVolume":false,"rank":57,"iconUrl":"https:\/\/cdn.coinranking.com\/gTsOlSnwR\/4066.png"},{"symbol":"NEO","marketCap":"866949338","color":"#aedb00","change":"97.66","btcPrice":"0.000454211079465655","listedAt":1501891200,"uuid":"cVaOmQWainv7g","sparkline":["6.1575795036324905","6.521775507959091","6.632035502332063","6.977445962384983","7.654024944351116","7.643758223876985","8.053707731036301","8.277461994704995","8.315431118004257","8.858124466606933","9.147063672768928","8.66046009507498","9.307809490614947","12.655394022439127","12.305588927360358","12.640751003345045","12.253359023299552","12.080560442210624","11.112121174056396","9.614110690728678","11.083998837447066","11.633206591878087","12.571632089961287","12.370856281507317","12.27595471447854"],"24hVolume":"160062720","tier":1,"coinrankingUrl":"https:\/\/coinranking.com\/coin\/cVaOmQWainv7g+neo-neo","price":"12.29192312562921","name":"NEO","lowVolume":false,"rank":58,"iconUrl":"https:\/\/cdn.coinranking.com\/MgUNVQCeN\/neo.svg"},{"symbol":"SENSO","marketCap":"846954741","color":"#000000","change":"3.01","btcPrice":"0.000005290817543043","listedAt":1599491460,"uuid":"ZO4D7EBy3","sparkline":["0.13676222926184153","0.13930927388118775","0.14451813031086522","0.15891532186805254","0.1697168166061866","0.16781547038967035","0.1646968712273607","0.1586166184011278","0.16099219816634128","0.19087988768447506","0.19885232065279032","0.1773554898977693","0.18197350251924763","0.17381971781357272","0.1635311244225166","0.157901468164798","0.161524722568082","0.15565135033477467","0.14855605669875985","0.14097168502960242","0.14722864634093719","0.14022002864908642","0.13796838439281697","0.13022971569169586","0.1401613126114654"],"24hVolume":"473902","tier":1,"coinrankingUrl":"https:\/\/coinranking.com\/coin\/ZO4D7EBy3+senso-senso","price":"0.1431808369521252","name":"SENSO","lowVolume":true,"rank":59,"iconUrl":"https:\/\/cdn.coinranking.com\/TQFMWwtyn\/senso.svg"},{"symbol":"STX","marketCap":"816430097","color":"#584dce","change":"300.71","btcPrice":"0.000032862787865838","listedAt":1574174220,"uuid":"mMPrMcB7","sparkline":["0.2099741735581112","0.21687339569286432","0.22100099918500085","0.23813731948670513","0.2683784182086134","0.26354832967059116","0.28183920441403343","0.2867509078464216","0.27967646613997477","0.300003190171952","0.2999865262060286","0.29346815720819514","0.3347071247958233","0.6080992447986293","0.7651421235977867","0.8446710431576583","0.9173439199785571","0.7543819131708441","0.6545833982703944","0.5898440161907382","0.8731587675962853","1.0598165190800646","1.1799317411706784","1.1303991691930944","0.9644575185188011"],"24hVolume":"185750398","tier":1,"coinrankingUrl":"https:\/\/coinranking.com\/coin\/mMPrMcB7+stacks-stx","price":"0.8893373156285597","name":"Stacks","lowVolume":false,"rank":60,"iconUrl":"https:\/\/cdn.coinranking.com\/9gM7CG7Gp\/4847.png"}]
2023-03-28T18:16:05.267+11:00  WARN 27136 --- [           main] o.s.w.c.s.GenericWebApplicationContext   : Exception encountered during context initialization - cancelling refresh attempt: org.springframework.beans.factory.UnsatisfiedDependencyException: Error creating bean with name 'mainController': Unsatisfied dependency expressed through field 'apiService': Error creating bean with name 'APIService': Invocation of init method failed
2023-03-28T18:16:05.268+11:00  INFO 27136 --- [           main] j.LocalContainerEntityManagerFactoryBean : Closing JPA EntityManagerFactory for persistence unit 'default'
2023-03-28T18:16:05.269+11:00 TRACE 27136 --- [           main] o.h.type.spi.TypeConfiguration$Scope     : Handling #sessionFactoryClosed from [org.hibernate.internal.SessionFactoryImpl@2a7ebe07] for TypeConfiguration
2023-03-28T18:16:05.269+11:00 DEBUG 27136 --- [           main] o.h.type.spi.TypeConfiguration$Scope     : Un-scoping TypeConfiguration [org.hibernate.type.spi.TypeConfiguration$Scope@31533eb1] from SessionFactory [org.hibernate.internal.SessionFactoryImpl@2a7ebe07]
2023-03-28T18:16:05.273+11:00  INFO 27136 --- [           main] com.zaxxer.hikari.HikariDataSource       : HikariPool-1 - Shutdown initiated...
2023-03-28T18:16:05.286+11:00  INFO 27136 --- [           main] com.zaxxer.hikari.HikariDataSource       : HikariPool-1 - Shutdown completed.
2023-03-28T18:16:05.306+11:00  INFO 27136 --- [           main] .s.b.a.l.ConditionEvaluationReportLogger : 

Error starting ApplicationContext. To display the condition evaluation report re-run your application with 'debug' enabled.
2023-03-28T18:16:05.346+11:00 ERROR 27136 --- [           main] o.s.b.d.LoggingFailureAnalysisReporter   : 

***************************
APPLICATION FAILED TO START
***************************

Description:

An attempt was made to call a method that does not exist. The attempt was made from the following location:

    com.vish.trackerapp.service.APIService.getAPIData(APIService.java:85)

The following method did not exist:

    'float org.json.JSONObject.getFloat(java.lang.String)'

The calling method's class, com.vish.trackerapp.service.APIService, was loaded from the following location:

    file:/C:/Users/viswa/gitProjects/crypto-tracker/trackerapp/target/classes/com/vish/trackerapp/service/APIService.class

The called method's class, org.json.JSONObject, is available from the following locations:

    jar:file:/C:/Users/viswa/.m2/repository/com/vaadin/external/google/android-json/0.0.20131108.vaadin1/android-json-0.0.20131108.vaadin1.jar!/org/json/JSONObject.class
    jar:file:/C:/Users/viswa/.m2/repository/org/json/json/20180130/json-20180130.jar!/org/json/JSONObject.class

The called method's class hierarchy was loaded from the following locations:

    org.json.JSONObject: file:/C:/Users/viswa/.m2/repository/com/vaadin/external/google/android-json/0.0.20131108.vaadin1/android-json-0.0.20131108.vaadin1.jar


Action:

Correct the classpath of your application so that it contains compatible versions of the classes com.vish.trackerapp.service.APIService and org.json.JSONObject

2023-03-28T18:16:05.357+11:00 ERROR 27136 --- [           main] o.s.test.context.TestContextManager      : Caught exception while allowing TestExecutionListener [org.springframework.test.context.web.ServletTestExecutionListener@42dd7d82] to prepare test instance [com.vish.trackerapp.TrackerappApplicationTests@2838eb]

java.lang.IllegalStateException: Failed to load ApplicationContext for [WebMergedContextConfiguration@36d7a68a testClass = com.vish.trackerapp.TrackerappApplicationTests, locations = [], classes = [com.vish.trackerapp.TrackerappApplication], contextInitializerClasses = [], activeProfiles = [], propertySourceLocations = [], propertySourceProperties = ["org.springframework.boot.test.context.SpringBootTestContextBootstrapper=true"], contextCustomizers = [org.springframework.boot.test.context.filter.ExcludeFilterContextCustomizer@18df8434, org.springframework.boot.test.json.DuplicateJsonObjectContextCustomizerFactory$DuplicateJsonObjectContextCustomizer@1e0b4072, org.springframework.boot.test.mock.mockito.MockitoContextCustomizer@0, org.springframework.boot.test.web.client.TestRestTemplateContextCustomizer@5ab956d7, org.springframework.boot.test.autoconfigure.actuate.observability.ObservabilityContextCustomizerFactory$DisableObservabilityContextCustomizer@9da1, org.springframework.boot.test.autoconfigure.properties.PropertyMappingContextCustomizer@0, org.springframework.boot.test.autoconfigure.web.servlet.WebDriverContextCustomizerFactory$Customizer@793f29ff, org.springframework.boot.test.context.SpringBootTestAnnotation@5857331d], resourceBasePath = "src/main/webapp", contextLoader = org.springframework.boot.test.context.SpringBootContextLoader, parent = null]
	at org.springframework.test.context.cache.DefaultCacheAwareContextLoaderDelegate.loadContext(DefaultCacheAwareContextLoaderDelegate.java:141) ~[spring-test-6.0.2.jar:6.0.2]
	at org.springframework.test.context.support.DefaultTestContext.getApplicationContext(DefaultTestContext.java:127) ~[spring-test-6.0.2.jar:6.0.2]
	at org.springframework.test.context.web.ServletTestExecutionListener.setUpRequestContextIfNecessary(ServletTestExecutionListener.java:192) ~[spring-test-6.0.2.jar:6.0.2]
	at org.springframework.test.context.web.ServletTestExecutionListener.prepareTestInstance(ServletTestExecutionListener.java:131) ~[spring-test-6.0.2.jar:6.0.2]
	at org.springframework.test.context.TestContextManager.prepareTestInstance(TestContextManager.java:249) ~[spring-test-6.0.2.jar:6.0.2]
	at org.springframework.test.context.junit.jupiter.SpringExtension.postProcessTestInstance(SpringExtension.java:138) ~[spring-test-6.0.2.jar:6.0.2]
	at org.junit.jupiter.engine.descriptor.ClassBasedTestDescriptor.lambda$invokeTestInstancePostProcessors$10(ClassBasedTestDescriptor.java:377) ~[junit-jupiter-engine-5.9.1.jar:5.9.1]
	at org.junit.jupiter.engine.descriptor.ClassBasedTestDescriptor.executeAndMaskThrowable(ClassBasedTestDescriptor.java:382) ~[junit-jupiter-engine-5.9.1.jar:5.9.1]
	at org.junit.jupiter.engine.descriptor.ClassBasedTestDescriptor.lambda$invokeTestInstancePostProcessors$11(ClassBasedTestDescriptor.java:377) ~[junit-jupiter-engine-5.9.1.jar:5.9.1]
	at java.base/java.util.stream.ReferencePipeline$3$1.accept(ReferencePipeline.java:197) ~[na:na]
	at java.base/java.util.stream.ReferencePipeline$2$1.accept(ReferencePipeline.java:179) ~[na:na]
	at java.base/java.util.ArrayList$ArrayListSpliterator.forEachRemaining(ArrayList.java:1625) ~[na:na]
	at java.base/java.util.stream.AbstractPipeline.copyInto(AbstractPipeline.java:509) ~[na:na]
	at java.base/java.util.stream.AbstractPipeline.wrapAndCopyInto(AbstractPipeline.java:499) ~[na:na]
	at java.base/java.util.stream.StreamSpliterators$WrappingSpliterator.forEachRemaining(StreamSpliterators.java:310) ~[na:na]
	at java.base/java.util.stream.Streams$ConcatSpliterator.forEachRemaining(Streams.java:735) ~[na:na]
	at java.base/java.util.stream.Streams$ConcatSpliterator.forEachRemaining(Streams.java:734) ~[na:na]
	at java.base/java.util.stream.ReferencePipeline$Head.forEach(ReferencePipeline.java:762) ~[na:na]
	at org.junit.jupiter.engine.descriptor.ClassBasedTestDescriptor.invokeTestInstancePostProcessors(ClassBasedTestDescriptor.java:376) ~[junit-jupiter-engine-5.9.1.jar:5.9.1]
	at org.junit.jupiter.engine.descriptor.ClassBasedTestDescriptor.lambda$instantiateAndPostProcessTestInstance$6(ClassBasedTestDescriptor.java:289) ~[junit-jupiter-engine-5.9.1.jar:5.9.1]
	at org.junit.platform.engine.support.hierarchical.ThrowableCollector.execute(ThrowableCollector.java:73) ~[junit-platform-engine-1.9.1.jar:1.9.1]
	at org.junit.jupiter.engine.descriptor.ClassBasedTestDescriptor.instantiateAndPostProcessTestInstance(ClassBasedTestDescriptor.java:288) ~[junit-jupiter-engine-5.9.1.jar:5.9.1]
	at org.junit.jupiter.engine.descriptor.ClassBasedTestDescriptor.lambda$testInstancesProvider$4(ClassBasedTestDescriptor.java:278) ~[junit-jupiter-engine-5.9.1.jar:5.9.1]
	at java.base/java.util.Optional.orElseGet(Optional.java:364) ~[na:na]
	at org.junit.jupiter.engine.descriptor.ClassBasedTestDescriptor.lambda$testInstancesProvider$5(ClassBasedTestDescriptor.java:277) ~[junit-jupiter-engine-5.9.1.jar:5.9.1]
	at org.junit.jupiter.engine.execution.TestInstancesProvider.getTestInstances(TestInstancesProvider.java:31) ~[junit-jupiter-engine-5.9.1.jar:5.9.1]
	at org.junit.jupiter.engine.descriptor.TestMethodTestDescriptor.lambda$prepare$0(TestMethodTestDescriptor.java:105) ~[junit-jupiter-engine-5.9.1.jar:5.9.1]
	at org.junit.platform.engine.support.hierarchical.ThrowableCollector.execute(ThrowableCollector.java:73) ~[junit-platform-engine-1.9.1.jar:1.9.1]
	at org.junit.jupiter.engine.descriptor.TestMethodTestDescriptor.prepare(TestMethodTestDescriptor.java:104) ~[junit-jupiter-engine-5.9.1.jar:5.9.1]
	at org.junit.jupiter.engine.descriptor.TestMethodTestDescriptor.prepare(TestMethodTestDescriptor.java:68) ~[junit-jupiter-engine-5.9.1.jar:5.9.1]
	at org.junit.platform.engine.support.hierarchical.NodeTestTask.lambda$prepare$2(NodeTestTask.java:123) ~[junit-platform-engine-1.9.1.jar:1.9.1]
	at org.junit.platform.engine.support.hierarchical.ThrowableCollector.execute(ThrowableCollector.java:73) ~[junit-platform-engine-1.9.1.jar:1.9.1]
	at org.junit.platform.engine.support.hierarchical.NodeTestTask.prepare(NodeTestTask.java:123) ~[junit-platform-engine-1.9.1.jar:1.9.1]
	at org.junit.platform.engine.support.hierarchical.NodeTestTask.execute(NodeTestTask.java:90) ~[junit-platform-engine-1.9.1.jar:1.9.1]
	at java.base/java.util.ArrayList.forEach(ArrayList.java:1511) ~[na:na]
	at org.junit.platform.engine.support.hierarchical.SameThreadHierarchicalTestExecutorService.invokeAll(SameThreadHierarchicalTestExecutorService.java:41) ~[junit-platform-engine-1.9.1.jar:1.9.1]
	at org.junit.platform.engine.support.hierarchical.NodeTestTask.lambda$executeRecursively$6(NodeTestTask.java:155) ~[junit-platform-engine-1.9.1.jar:1.9.1]
	at org.junit.platform.engine.support.hierarchical.ThrowableCollector.execute(ThrowableCollector.java:73) ~[junit-platform-engine-1.9.1.jar:1.9.1]
	at org.junit.platform.engine.support.hierarchical.NodeTestTask.lambda$executeRecursively$8(NodeTestTask.java:141) ~[junit-platform-engine-1.9.1.jar:1.9.1]
	at org.junit.platform.engine.support.hierarchical.Node.around(Node.java:137) ~[junit-platform-engine-1.9.1.jar:1.9.1]
	at org.junit.platform.engine.support.hierarchical.NodeTestTask.lambda$executeRecursively$9(NodeTestTask.java:139) ~[junit-platform-engine-1.9.1.jar:1.9.1]
	at org.junit.platform.engine.support.hierarchical.ThrowableCollector.execute(ThrowableCollector.java:73) ~[junit-platform-engine-1.9.1.jar:1.9.1]
	at org.junit.platform.engine.support.hierarchical.NodeTestTask.executeRecursively(NodeTestTask.java:138) ~[junit-platform-engine-1.9.1.jar:1.9.1]
	at org.junit.platform.engine.support.hierarchical.NodeTestTask.execute(NodeTestTask.java:95) ~[junit-platform-engine-1.9.1.jar:1.9.1]
	at java.base/java.util.ArrayList.forEach(ArrayList.java:1511) ~[na:na]
	at org.junit.platform.engine.support.hierarchical.SameThreadHierarchicalTestExecutorService.invokeAll(SameThreadHierarchicalTestExecutorService.java:41) ~[junit-platform-engine-1.9.1.jar:1.9.1]
	at org.junit.platform.engine.support.hierarchical.NodeTestTask.lambda$executeRecursively$6(NodeTestTask.java:155) ~[junit-platform-engine-1.9.1.jar:1.9.1]
	at org.junit.platform.engine.support.hierarchical.ThrowableCollector.execute(ThrowableCollector.java:73) ~[junit-platform-engine-1.9.1.jar:1.9.1]
	at org.junit.platform.engine.support.hierarchical.NodeTestTask.lambda$executeRecursively$8(NodeTestTask.java:141) ~[junit-platform-engine-1.9.1.jar:1.9.1]
	at org.junit.platform.engine.support.hierarchical.Node.around(Node.java:137) ~[junit-platform-engine-1.9.1.jar:1.9.1]
	at org.junit.platform.engine.support.hierarchical.NodeTestTask.lambda$executeRecursively$9(NodeTestTask.java:139) ~[junit-platform-engine-1.9.1.jar:1.9.1]
	at org.junit.platform.engine.support.hierarchical.ThrowableCollector.execute(ThrowableCollector.java:73) ~[junit-platform-engine-1.9.1.jar:1.9.1]
	at org.junit.platform.engine.support.hierarchical.NodeTestTask.executeRecursively(NodeTestTask.java:138) ~[junit-platform-engine-1.9.1.jar:1.9.1]
	at org.junit.platform.engine.support.hierarchical.NodeTestTask.execute(NodeTestTask.java:95) ~[junit-platform-engine-1.9.1.jar:1.9.1]
	at org.junit.platform.engine.support.hierarchical.SameThreadHierarchicalTestExecutorService.submit(SameThreadHierarchicalTestExecutorService.java:35) ~[junit-platform-engine-1.9.1.jar:1.9.1]
	at org.junit.platform.engine.support.hierarchical.HierarchicalTestExecutor.execute(HierarchicalTestExecutor.java:57) ~[junit-platform-engine-1.9.1.jar:1.9.1]
	at org.junit.platform.engine.support.hierarchical.HierarchicalTestEngine.execute(HierarchicalTestEngine.java:54) ~[junit-platform-engine-1.9.1.jar:1.9.1]
	at org.junit.platform.launcher.core.DefaultLauncher.execute(DefaultLauncher.java:220) ~[junit-platform-launcher-1.3.1.jar:1.3.1]
	at org.junit.platform.launcher.core.DefaultLauncher.lambda$execute$6(DefaultLauncher.java:188) ~[junit-platform-launcher-1.3.1.jar:1.3.1]
	at org.junit.platform.launcher.core.DefaultLauncher.withInterceptedStreams(DefaultLauncher.java:202) ~[junit-platform-launcher-1.3.1.jar:1.3.1]
	at org.junit.platform.launcher.core.DefaultLauncher.execute(DefaultLauncher.java:181) ~[junit-platform-launcher-1.3.1.jar:1.3.1]
	at org.junit.platform.launcher.core.DefaultLauncher.execute(DefaultLauncher.java:128) ~[junit-platform-launcher-1.3.1.jar:1.3.1]
	at org.apache.maven.surefire.junitplatform.JUnitPlatformProvider.invokeAllTests(JUnitPlatformProvider.java:150) ~[surefire-junit-platform-2.22.2.jar:2.22.2]
	at org.apache.maven.surefire.junitplatform.JUnitPlatformProvider.invoke(JUnitPlatformProvider.java:124) ~[surefire-junit-platform-2.22.2.jar:2.22.2]
	at org.apache.maven.surefire.booter.ForkedBooter.invokeProviderInSameClassLoader(ForkedBooter.java:384) ~[surefire-booter-2.22.2.jar:2.22.2]
	at org.apache.maven.surefire.booter.ForkedBooter.runSuitesInProcess(ForkedBooter.java:345) ~[surefire-booter-2.22.2.jar:2.22.2]
	at org.apache.maven.surefire.booter.ForkedBooter.execute(ForkedBooter.java:126) ~[surefire-booter-2.22.2.jar:2.22.2]
	at org.apache.maven.surefire.booter.ForkedBooter.main(ForkedBooter.java:418) ~[surefire-booter-2.22.2.jar:2.22.2]
Caused by: org.springframework.beans.factory.UnsatisfiedDependencyException: Error creating bean with name 'mainController': Unsatisfied dependency expressed through field 'apiService': Error creating bean with name 'APIService': Invocation of init method failed
	at org.springframework.beans.factory.annotation.AutowiredAnnotationBeanPostProcessor$AutowiredFieldElement.resolveFieldValue(AutowiredAnnotationBeanPostProcessor.java:712) ~[spring-beans-6.0.2.jar:6.0.2]
	at org.springframework.beans.factory.annotation.AutowiredAnnotationBeanPostProcessor$AutowiredFieldElement.inject(AutowiredAnnotationBeanPostProcessor.java:692) ~[spring-beans-6.0.2.jar:6.0.2]
	at org.springframework.beans.factory.annotation.InjectionMetadata.inject(InjectionMetadata.java:127) ~[spring-beans-6.0.2.jar:6.0.2]
	at org.springframework.beans.factory.annotation.AutowiredAnnotationBeanPostProcessor.postProcessProperties(AutowiredAnnotationBeanPostProcessor.java:481) ~[spring-beans-6.0.2.jar:6.0.2]
	at org.springframework.beans.factory.support.AbstractAutowireCapableBeanFactory.populateBean(AbstractAutowireCapableBeanFactory.java:1397) ~[spring-beans-6.0.2.jar:6.0.2]
	at org.springframework.beans.factory.support.AbstractAutowireCapableBeanFactory.doCreateBean(AbstractAutowireCapableBeanFactory.java:598) ~[spring-beans-6.0.2.jar:6.0.2]
	at org.springframework.beans.factory.support.AbstractAutowireCapableBeanFactory.createBean(AbstractAutowireCapableBeanFactory.java:521) ~[spring-beans-6.0.2.jar:6.0.2]
	at org.springframework.beans.factory.support.AbstractBeanFactory.lambda$doGetBean$0(AbstractBeanFactory.java:326) ~[spring-beans-6.0.2.jar:6.0.2]
	at org.springframework.beans.factory.support.DefaultSingletonBeanRegistry.getSingleton(DefaultSingletonBeanRegistry.java:234) ~[spring-beans-6.0.2.jar:6.0.2]
	at org.springframework.beans.factory.support.AbstractBeanFactory.doGetBean(AbstractBeanFactory.java:324) ~[spring-beans-6.0.2.jar:6.0.2]
	at org.springframework.beans.factory.support.AbstractBeanFactory.getBean(AbstractBeanFactory.java:200) ~[spring-beans-6.0.2.jar:6.0.2]
	at org.springframework.beans.factory.support.DefaultListableBeanFactory.preInstantiateSingletons(DefaultListableBeanFactory.java:961) ~[spring-beans-6.0.2.jar:6.0.2]
	at org.springframework.context.support.AbstractApplicationContext.finishBeanFactoryInitialization(AbstractApplicationContext.java:915) ~[spring-context-6.0.2.jar:6.0.2]
	at org.springframework.context.support.AbstractApplicationContext.refresh(AbstractApplicationContext.java:584) ~[spring-context-6.0.2.jar:6.0.2]
	at org.springframework.boot.SpringApplication.refresh(SpringApplication.java:730) ~[spring-boot-3.0.0.jar:3.0.0]
	at org.springframework.boot.SpringApplication.refreshContext(SpringApplication.java:432) ~[spring-boot-3.0.0.jar:3.0.0]
	at org.springframework.boot.SpringApplication.run(SpringApplication.java:308) ~[spring-boot-3.0.0.jar:3.0.0]
	at org.springframework.boot.test.context.SpringBootContextLoader.lambda$loadContext$3(SpringBootContextLoader.java:137) ~[spring-boot-test-3.0.0.jar:3.0.0]
	at org.springframework.util.function.ThrowingSupplier.get(ThrowingSupplier.java:59) ~[spring-core-6.0.2.jar:6.0.2]
	at org.springframework.util.function.ThrowingSupplier.get(ThrowingSupplier.java:47) ~[spring-core-6.0.2.jar:6.0.2]
	at org.springframework.boot.SpringApplication.withHook(SpringApplication.java:1386) ~[spring-boot-3.0.0.jar:3.0.0]
	at org.springframework.boot.test.context.SpringBootContextLoader$ContextLoaderHook.run(SpringBootContextLoader.java:543) ~[spring-boot-test-3.0.0.jar:3.0.0]
	at org.springframework.boot.test.context.SpringBootContextLoader.loadContext(SpringBootContextLoader.java:137) ~[spring-boot-test-3.0.0.jar:3.0.0]
	at org.springframework.boot.test.context.SpringBootContextLoader.loadContext(SpringBootContextLoader.java:108) ~[spring-boot-test-3.0.0.jar:3.0.0]
	at org.springframework.test.context.cache.DefaultCacheAwareContextLoaderDelegate.loadContextInternal(DefaultCacheAwareContextLoaderDelegate.java:183) ~[spring-test-6.0.2.jar:6.0.2]
	at org.springframework.test.context.cache.DefaultCacheAwareContextLoaderDelegate.loadContext(DefaultCacheAwareContextLoaderDelegate.java:117) ~[spring-test-6.0.2.jar:6.0.2]
	... 67 common frames omitted
Caused by: org.springframework.beans.factory.BeanCreationException: Error creating bean with name 'APIService': Invocation of init method failed
	at org.springframework.beans.factory.annotation.InitDestroyAnnotationBeanPostProcessor.postProcessBeforeInitialization(InitDestroyAnnotationBeanPostProcessor.java:195) ~[spring-beans-6.0.2.jar:6.0.2]
	at org.springframework.beans.factory.support.AbstractAutowireCapableBeanFactory.applyBeanPostProcessorsBeforeInitialization(AbstractAutowireCapableBeanFactory.java:420) ~[spring-beans-6.0.2.jar:6.0.2]
	at org.springframework.beans.factory.support.AbstractAutowireCapableBeanFactory.initializeBean(AbstractAutowireCapableBeanFactory.java:1743) ~[spring-beans-6.0.2.jar:6.0.2]
	at org.springframework.beans.factory.support.AbstractAutowireCapableBeanFactory.doCreateBean(AbstractAutowireCapableBeanFactory.java:599) ~[spring-beans-6.0.2.jar:6.0.2]
	at org.springframework.beans.factory.support.AbstractAutowireCapableBeanFactory.createBean(AbstractAutowireCapableBeanFactory.java:521) ~[spring-beans-6.0.2.jar:6.0.2]
	at org.springframework.beans.factory.support.AbstractBeanFactory.lambda$doGetBean$0(AbstractBeanFactory.java:326) ~[spring-beans-6.0.2.jar:6.0.2]
	at org.springframework.beans.factory.support.DefaultSingletonBeanRegistry.getSingleton(DefaultSingletonBeanRegistry.java:234) ~[spring-beans-6.0.2.jar:6.0.2]
	at org.springframework.beans.factory.support.AbstractBeanFactory.doGetBean(AbstractBeanFactory.java:324) ~[spring-beans-6.0.2.jar:6.0.2]
	at org.springframework.beans.factory.support.AbstractBeanFactory.getBean(AbstractBeanFactory.java:200) ~[spring-beans-6.0.2.jar:6.0.2]
	at org.springframework.beans.factory.config.DependencyDescriptor.resolveCandidate(DependencyDescriptor.java:254) ~[spring-beans-6.0.2.jar:6.0.2]
	at org.springframework.beans.factory.support.DefaultListableBeanFactory.doResolveDependency(DefaultListableBeanFactory.java:1405) ~[spring-beans-6.0.2.jar:6.0.2]
	at org.springframework.beans.factory.support.DefaultListableBeanFactory.resolveDependency(DefaultListableBeanFactory.java:1325) ~[spring-beans-6.0.2.jar:6.0.2]
	at org.springframework.beans.factory.annotation.AutowiredAnnotationBeanPostProcessor$AutowiredFieldElement.resolveFieldValue(AutowiredAnnotationBeanPostProcessor.java:709) ~[spring-beans-6.0.2.jar:6.0.2]
	... 92 common frames omitted
Caused by: java.lang.NoSuchMethodError: 'float org.json.JSONObject.getFloat(java.lang.String)'
	at com.vish.trackerapp.service.APIService.getAPIData(APIService.java:85) ~[classes/:na]
	at java.base/jdk.internal.reflect.NativeMethodAccessorImpl.invoke0(Native Method) ~[na:na]
	at java.base/jdk.internal.reflect.NativeMethodAccessorImpl.invoke(NativeMethodAccessorImpl.java:77) ~[na:na]
	at java.base/jdk.internal.reflect.DelegatingMethodAccessorImpl.invoke(DelegatingMethodAccessorImpl.java:43) ~[na:na]
	at java.base/java.lang.reflect.Method.invoke(Method.java:568) ~[na:na]
	at org.springframework.beans.factory.annotation.InitDestroyAnnotationBeanPostProcessor$LifecycleElement.invoke(InitDestroyAnnotationBeanPostProcessor.java:424) ~[spring-beans-6.0.2.jar:6.0.2]
	at org.springframework.beans.factory.annotation.InitDestroyAnnotationBeanPostProcessor$LifecycleMetadata.invokeInitMethods(InitDestroyAnnotationBeanPostProcessor.java:368) ~[spring-beans-6.0.2.jar:6.0.2]
	at org.springframework.beans.factory.annotation.InitDestroyAnnotationBeanPostProcessor.postProcessBeforeInitialization(InitDestroyAnnotationBeanPostProcessor.java:192) ~[spring-beans-6.0.2.jar:6.0.2]
	... 104 common frames omitted

]]></system-out>
    <system-err><![CDATA[


============================
CONDITIONS EVALUATION REPORT
============================


Positive matches:
-----------------

    None


Negative matches:
-----------------

    None


Exclusions:
-----------

    None


Unconditional classes:
----------------------

    None



]]></system-err>
  </testcase>
</testsuite>